ARM GAS  /tmp/ccUb60YC.s 			page 1


   1              		.syntax unified
   2              		.cpu cortex-m3
   3              		.fpu softvfp
   4              		.eabi_attribute 20, 1
   5              		.eabi_attribute 21, 1
   6              		.eabi_attribute 23, 3
   7              		.eabi_attribute 24, 1
   8              		.eabi_attribute 25, 1
   9              		.eabi_attribute 26, 1
  10              		.eabi_attribute 30, 1
  11              		.eabi_attribute 34, 1
  12              		.eabi_attribute 18, 4
  13              		.thumb
  14              		.syntax unified
  15              		.file	"usb_device.c"
  16              		.text
  17              	.Ltext0:
  18              		.cfi_sections	.debug_frame
  19              		.section	.text.MX_USB_DEVICE_Init,"ax",%progbits
  20              		.align	2
  21              		.global	MX_USB_DEVICE_Init
  22              		.thumb
  23              		.thumb_func
  25              	MX_USB_DEVICE_Init:
  26              	.LFB64:
  27              		.file 1 "Src/usb_device.c"
   1:Src/usb_device.c **** /**
   2:Src/usb_device.c ****   ******************************************************************************
   3:Src/usb_device.c ****   * @file           : USB_DEVICE  
   4:Src/usb_device.c ****   * @version        : v2.0_Cube
   5:Src/usb_device.c ****   * @brief          : This file implements the USB Device 
   6:Src/usb_device.c ****   ******************************************************************************
   7:Src/usb_device.c ****   * This notice applies to any and all portions of this file
   8:Src/usb_device.c ****   * that are not between comment pairs USER CODE BEGIN and
   9:Src/usb_device.c ****   * USER CODE END. Other portions of this file, whether 
  10:Src/usb_device.c ****   * inserted by the user or by software development tools
  11:Src/usb_device.c ****   * are owned by their respective copyright owners.
  12:Src/usb_device.c ****   *
  13:Src/usb_device.c ****   * Copyright (c) 2019 STMicroelectronics International N.V. 
  14:Src/usb_device.c ****   * All rights reserved.
  15:Src/usb_device.c ****   *
  16:Src/usb_device.c ****   * Redistribution and use in source and binary forms, with or without 
  17:Src/usb_device.c ****   * modification, are permitted, provided that the following conditions are met:
  18:Src/usb_device.c ****   *
  19:Src/usb_device.c ****   * 1. Redistribution of source code must retain the above copyright notice, 
  20:Src/usb_device.c ****   *    this list of conditions and the following disclaimer.
  21:Src/usb_device.c ****   * 2. Redistributions in binary form must reproduce the above copyright notice,
  22:Src/usb_device.c ****   *    this list of conditions and the following disclaimer in the documentation
  23:Src/usb_device.c ****   *    and/or other materials provided with the distribution.
  24:Src/usb_device.c ****   * 3. Neither the name of STMicroelectronics nor the names of other 
  25:Src/usb_device.c ****   *    contributors to this software may be used to endorse or promote products 
  26:Src/usb_device.c ****   *    derived from this software without specific written permission.
  27:Src/usb_device.c ****   * 4. This software, including modifications and/or derivative works of this 
  28:Src/usb_device.c ****   *    software, must execute solely and exclusively on microcontroller or
  29:Src/usb_device.c ****   *    microprocessor devices manufactured by or for STMicroelectronics.
  30:Src/usb_device.c ****   * 5. Redistribution and use of this software other than as permitted under 
  31:Src/usb_device.c ****   *    this license is void and will automatically terminate your rights under 
ARM GAS  /tmp/ccUb60YC.s 			page 2


  32:Src/usb_device.c ****   *    this license. 
  33:Src/usb_device.c ****   *
  34:Src/usb_device.c ****   * THIS SOFTWARE IS PROVIDED BY STMICROELECTRONICS AND CONTRIBUTORS "AS IS" 
  35:Src/usb_device.c ****   * AND ANY EXPRESS, IMPLIED OR STATUTORY WARRANTIES, INCLUDING, BUT NOT 
  36:Src/usb_device.c ****   * LIMITED TO, THE IMPLIED WARRANTIES OF MERCHANTABILITY, FITNESS FOR A 
  37:Src/usb_device.c ****   * PARTICULAR PURPOSE AND NON-INFRINGEMENT OF THIRD PARTY INTELLECTUAL PROPERTY
  38:Src/usb_device.c ****   * RIGHTS ARE DISCLAIMED TO THE FULLEST EXTENT PERMITTED BY LAW. IN NO EVENT 
  39:Src/usb_device.c ****   * SHALL STMICROELECTRONICS OR CONTRIBUTORS BE LIABLE FOR ANY DIRECT, INDIRECT,
  40:Src/usb_device.c ****   * INCIDENTAL, SPECIAL, EXEMPLARY, OR CONSEQUENTIAL DAMAGES (INCLUDING, BUT NOT
  41:Src/usb_device.c ****   * LIMITED TO, PROCUREMENT OF SUBSTITUTE GOODS OR SERVICES; LOSS OF USE, DATA, 
  42:Src/usb_device.c ****   * OR PROFITS; OR BUSINESS INTERRUPTION) HOWEVER CAUSED AND ON ANY THEORY OF 
  43:Src/usb_device.c ****   * LIABILITY, WHETHER IN CONTRACT, STRICT LIABILITY, OR TORT (INCLUDING 
  44:Src/usb_device.c ****   * NEGLIGENCE OR OTHERWISE) ARISING IN ANY WAY OUT OF THE USE OF THIS SOFTWARE,
  45:Src/usb_device.c ****   * EVEN IF ADVISED OF THE POSSIBILITY OF SUCH DAMAGE.
  46:Src/usb_device.c ****   *
  47:Src/usb_device.c ****   ******************************************************************************
  48:Src/usb_device.c **** */
  49:Src/usb_device.c **** 
  50:Src/usb_device.c **** /* Includes ------------------------------------------------------------------*/
  51:Src/usb_device.c **** 
  52:Src/usb_device.c **** #include "usb_device.h"
  53:Src/usb_device.c **** #include "usbd_core.h"
  54:Src/usb_device.c **** #include "usbd_desc.h"
  55:Src/usb_device.c **** #include "usbd_cdc.h"
  56:Src/usb_device.c **** #include "usbd_cdc_if.h"
  57:Src/usb_device.c **** 
  58:Src/usb_device.c **** /* USB Device Core handle declaration */
  59:Src/usb_device.c **** USBD_HandleTypeDef hUsbDeviceFS;
  60:Src/usb_device.c **** 
  61:Src/usb_device.c **** /* init function */                                        
  62:Src/usb_device.c **** void MX_USB_DEVICE_Init(void)
  63:Src/usb_device.c **** {
  28              		.loc 1 63 0
  29              		.cfi_startproc
  30              		@ args = 0, pretend = 0, frame = 0
  31              		@ frame_needed = 0, uses_anonymous_args = 0
  32 0000 10B5     		push	{r4, lr}
  33              	.LCFI0:
  34              		.cfi_def_cfa_offset 8
  35              		.cfi_offset 4, -8
  36              		.cfi_offset 14, -4
  64:Src/usb_device.c ****   /* USER CODE BEGIN USB_DEVICE_Init_PreTreatment */
  65:Src/usb_device.c ****   
  66:Src/usb_device.c ****   /* USER CODE END USB_DEVICE_Init_PreTreatment */
  67:Src/usb_device.c ****   
  68:Src/usb_device.c ****   /* Init Device Library,Add Supported Class and Start the library*/
  69:Src/usb_device.c ****   USBD_Init(&hUsbDeviceFS, &FS_Desc, DEVICE_FS);
  37              		.loc 1 69 0
  38 0002 094C     		ldr	r4, .L3
  39 0004 0022     		movs	r2, #0
  40 0006 0949     		ldr	r1, .L3+4
  41 0008 2046     		mov	r0, r4
  42 000a FFF7FEFF 		bl	USBD_Init
  43              	.LVL0:
  70:Src/usb_device.c **** 
  71:Src/usb_device.c ****   USBD_RegisterClass(&hUsbDeviceFS, &USBD_CDC);
  44              		.loc 1 71 0
ARM GAS  /tmp/ccUb60YC.s 			page 3


  45 000e 0849     		ldr	r1, .L3+8
  46 0010 2046     		mov	r0, r4
  47 0012 FFF7FEFF 		bl	USBD_RegisterClass
  48              	.LVL1:
  72:Src/usb_device.c **** 
  73:Src/usb_device.c ****   USBD_CDC_RegisterInterface(&hUsbDeviceFS, &USBD_Interface_fops_FS);
  49              		.loc 1 73 0
  50 0016 0749     		ldr	r1, .L3+12
  51 0018 2046     		mov	r0, r4
  52 001a FFF7FEFF 		bl	USBD_CDC_RegisterInterface
  53              	.LVL2:
  74:Src/usb_device.c **** 
  75:Src/usb_device.c ****   USBD_Start(&hUsbDeviceFS);
  54              		.loc 1 75 0
  55 001e 2046     		mov	r0, r4
  56 0020 FFF7FEFF 		bl	USBD_Start
  57              	.LVL3:
  58 0024 10BD     		pop	{r4, pc}
  59              	.L4:
  60 0026 00BF     		.align	2
  61              	.L3:
  62 0028 00000000 		.word	hUsbDeviceFS
  63 002c 00000000 		.word	FS_Desc
  64 0030 00000000 		.word	USBD_CDC
  65 0034 00000000 		.word	USBD_Interface_fops_FS
  66              		.cfi_endproc
  67              	.LFE64:
  69              		.comm	hUsbDeviceFS,548,4
  70              		.comm	USB_S,6,4
  71              		.comm	UserRxBufferFS,2048,4
  72              		.text
  73              	.Letext0:
  74              		.file 2 "/opt/toolchain/gcc-arm-none-eabi-5_4-2016q3/arm-none-eabi/include/machine/_default_types.
  75              		.file 3 "/opt/toolchain/gcc-arm-none-eabi-5_4-2016q3/arm-none-eabi/include/sys/_stdint.h"
  76              		.file 4 "Middlewares/ST/STM32_USB_Device_Library/Core/Inc/usbd_def.h"
  77              		.file 5 "Middlewares/ST/STM32_USB_Device_Library/Class/CDC/Inc/usbd_cdc.h"
  78              		.file 6 "Inc/usbd_cdc_if.h"
  79              		.file 7 "Drivers/CMSIS/Include/core_cm3.h"
  80              		.file 8 "Inc/usbd_desc.h"
  81              		.file 9 "Middlewares/ST/STM32_USB_Device_Library/Core/Inc/usbd_core.h"
ARM GAS  /tmp/ccUb60YC.s 			page 4


DEFINED SYMBOLS
                            *ABS*:00000000 usb_device.c
     /tmp/ccUb60YC.s:20     .text.MX_USB_DEVICE_Init:00000000 $t
     /tmp/ccUb60YC.s:25     .text.MX_USB_DEVICE_Init:00000000 MX_USB_DEVICE_Init
     /tmp/ccUb60YC.s:62     .text.MX_USB_DEVICE_Init:00000028 $d
                            *COM*:00000224 hUsbDeviceFS
                            *COM*:00000006 USB_S
                            *COM*:00000800 UserRxBufferFS
                     .debug_frame:00000010 $d

UNDEFINED SYMBOLS
USBD_Init
USBD_RegisterClass
USBD_CDC_RegisterInterface
USBD_Start
FS_Desc
USBD_CDC
USBD_Interface_fops_FS
