ARM GAS  /tmp/cc8dNJ1j.s 			page 1


   1              		.syntax unified
   2              		.cpu cortex-m3
   3              		.fpu softvfp
   4              		.eabi_attribute 20, 1
   5              		.eabi_attribute 21, 1
   6              		.eabi_attribute 23, 3
   7              		.eabi_attribute 24, 1
   8              		.eabi_attribute 25, 1
   9              		.eabi_attribute 26, 1
  10              		.eabi_attribute 30, 1
  11              		.eabi_attribute 34, 1
  12              		.eabi_attribute 18, 4
  13              		.thumb
  14              		.syntax unified
  15              		.file	"usbd_ioreq.c"
  16              		.text
  17              	.Ltext0:
  18              		.cfi_sections	.debug_frame
  19              		.section	.text.USBD_CtlSendData,"ax",%progbits
  20              		.align	2
  21              		.global	USBD_CtlSendData
  22              		.thumb
  23              		.thumb_func
  25              	USBD_CtlSendData:
  26              	.LFB64:
  27              		.file 1 "Middlewares/ST/STM32_USB_Device_Library/Core/Src/usbd_ioreq.c"
   1:Middlewares/ST/STM32_USB_Device_Library/Core/Src/usbd_ioreq.c **** /**
   2:Middlewares/ST/STM32_USB_Device_Library/Core/Src/usbd_ioreq.c ****   ******************************************************************************
   3:Middlewares/ST/STM32_USB_Device_Library/Core/Src/usbd_ioreq.c ****   * @file    usbd_ioreq.c
   4:Middlewares/ST/STM32_USB_Device_Library/Core/Src/usbd_ioreq.c ****   * @author  MCD Application Team
   5:Middlewares/ST/STM32_USB_Device_Library/Core/Src/usbd_ioreq.c ****   * @version V2.4.2
   6:Middlewares/ST/STM32_USB_Device_Library/Core/Src/usbd_ioreq.c ****   * @date    11-December-2015
   7:Middlewares/ST/STM32_USB_Device_Library/Core/Src/usbd_ioreq.c ****   * @brief   This file provides the IO requests APIs for control endpoints.
   8:Middlewares/ST/STM32_USB_Device_Library/Core/Src/usbd_ioreq.c ****   ******************************************************************************
   9:Middlewares/ST/STM32_USB_Device_Library/Core/Src/usbd_ioreq.c ****   * @attention
  10:Middlewares/ST/STM32_USB_Device_Library/Core/Src/usbd_ioreq.c ****   *
  11:Middlewares/ST/STM32_USB_Device_Library/Core/Src/usbd_ioreq.c ****   * <h2><center>&copy; COPYRIGHT 2015 STMicroelectronics</center></h2>
  12:Middlewares/ST/STM32_USB_Device_Library/Core/Src/usbd_ioreq.c ****   *
  13:Middlewares/ST/STM32_USB_Device_Library/Core/Src/usbd_ioreq.c ****   * Licensed under MCD-ST Liberty SW License Agreement V2, (the "License");
  14:Middlewares/ST/STM32_USB_Device_Library/Core/Src/usbd_ioreq.c ****   * You may not use this file except in compliance with the License.
  15:Middlewares/ST/STM32_USB_Device_Library/Core/Src/usbd_ioreq.c ****   * You may obtain a copy of the License at:
  16:Middlewares/ST/STM32_USB_Device_Library/Core/Src/usbd_ioreq.c ****   *
  17:Middlewares/ST/STM32_USB_Device_Library/Core/Src/usbd_ioreq.c ****   *        http://www.st.com/software_license_agreement_liberty_v2
  18:Middlewares/ST/STM32_USB_Device_Library/Core/Src/usbd_ioreq.c ****   *
  19:Middlewares/ST/STM32_USB_Device_Library/Core/Src/usbd_ioreq.c ****   * Unless required by applicable law or agreed to in writing, software 
  20:Middlewares/ST/STM32_USB_Device_Library/Core/Src/usbd_ioreq.c ****   * distributed under the License is distributed on an "AS IS" BASIS, 
  21:Middlewares/ST/STM32_USB_Device_Library/Core/Src/usbd_ioreq.c ****   * WITHOUT WARRANTIES OR CONDITIONS OF ANY KIND, either express or implied.
  22:Middlewares/ST/STM32_USB_Device_Library/Core/Src/usbd_ioreq.c ****   * See the License for the specific language governing permissions and
  23:Middlewares/ST/STM32_USB_Device_Library/Core/Src/usbd_ioreq.c ****   * limitations under the License.
  24:Middlewares/ST/STM32_USB_Device_Library/Core/Src/usbd_ioreq.c ****   *
  25:Middlewares/ST/STM32_USB_Device_Library/Core/Src/usbd_ioreq.c ****   ******************************************************************************
  26:Middlewares/ST/STM32_USB_Device_Library/Core/Src/usbd_ioreq.c ****   */ 
  27:Middlewares/ST/STM32_USB_Device_Library/Core/Src/usbd_ioreq.c **** 
  28:Middlewares/ST/STM32_USB_Device_Library/Core/Src/usbd_ioreq.c **** /* Includes ------------------------------------------------------------------*/
  29:Middlewares/ST/STM32_USB_Device_Library/Core/Src/usbd_ioreq.c **** #include "usbd_ioreq.h"
  30:Middlewares/ST/STM32_USB_Device_Library/Core/Src/usbd_ioreq.c **** 
  31:Middlewares/ST/STM32_USB_Device_Library/Core/Src/usbd_ioreq.c **** /** @addtogroup STM32_USB_DEVICE_LIBRARY
ARM GAS  /tmp/cc8dNJ1j.s 			page 2


  32:Middlewares/ST/STM32_USB_Device_Library/Core/Src/usbd_ioreq.c ****   * @{
  33:Middlewares/ST/STM32_USB_Device_Library/Core/Src/usbd_ioreq.c ****   */
  34:Middlewares/ST/STM32_USB_Device_Library/Core/Src/usbd_ioreq.c **** 
  35:Middlewares/ST/STM32_USB_Device_Library/Core/Src/usbd_ioreq.c **** 
  36:Middlewares/ST/STM32_USB_Device_Library/Core/Src/usbd_ioreq.c **** /** @defgroup USBD_IOREQ 
  37:Middlewares/ST/STM32_USB_Device_Library/Core/Src/usbd_ioreq.c ****   * @brief control I/O requests module
  38:Middlewares/ST/STM32_USB_Device_Library/Core/Src/usbd_ioreq.c ****   * @{
  39:Middlewares/ST/STM32_USB_Device_Library/Core/Src/usbd_ioreq.c ****   */ 
  40:Middlewares/ST/STM32_USB_Device_Library/Core/Src/usbd_ioreq.c **** 
  41:Middlewares/ST/STM32_USB_Device_Library/Core/Src/usbd_ioreq.c **** /** @defgroup USBD_IOREQ_Private_TypesDefinitions
  42:Middlewares/ST/STM32_USB_Device_Library/Core/Src/usbd_ioreq.c ****   * @{
  43:Middlewares/ST/STM32_USB_Device_Library/Core/Src/usbd_ioreq.c ****   */ 
  44:Middlewares/ST/STM32_USB_Device_Library/Core/Src/usbd_ioreq.c **** /**
  45:Middlewares/ST/STM32_USB_Device_Library/Core/Src/usbd_ioreq.c ****   * @}
  46:Middlewares/ST/STM32_USB_Device_Library/Core/Src/usbd_ioreq.c ****   */ 
  47:Middlewares/ST/STM32_USB_Device_Library/Core/Src/usbd_ioreq.c **** 
  48:Middlewares/ST/STM32_USB_Device_Library/Core/Src/usbd_ioreq.c **** 
  49:Middlewares/ST/STM32_USB_Device_Library/Core/Src/usbd_ioreq.c **** /** @defgroup USBD_IOREQ_Private_Defines
  50:Middlewares/ST/STM32_USB_Device_Library/Core/Src/usbd_ioreq.c ****   * @{
  51:Middlewares/ST/STM32_USB_Device_Library/Core/Src/usbd_ioreq.c ****   */ 
  52:Middlewares/ST/STM32_USB_Device_Library/Core/Src/usbd_ioreq.c **** 
  53:Middlewares/ST/STM32_USB_Device_Library/Core/Src/usbd_ioreq.c **** /**
  54:Middlewares/ST/STM32_USB_Device_Library/Core/Src/usbd_ioreq.c ****   * @}
  55:Middlewares/ST/STM32_USB_Device_Library/Core/Src/usbd_ioreq.c ****   */ 
  56:Middlewares/ST/STM32_USB_Device_Library/Core/Src/usbd_ioreq.c **** 
  57:Middlewares/ST/STM32_USB_Device_Library/Core/Src/usbd_ioreq.c **** 
  58:Middlewares/ST/STM32_USB_Device_Library/Core/Src/usbd_ioreq.c **** /** @defgroup USBD_IOREQ_Private_Macros
  59:Middlewares/ST/STM32_USB_Device_Library/Core/Src/usbd_ioreq.c ****   * @{
  60:Middlewares/ST/STM32_USB_Device_Library/Core/Src/usbd_ioreq.c ****   */ 
  61:Middlewares/ST/STM32_USB_Device_Library/Core/Src/usbd_ioreq.c **** /**
  62:Middlewares/ST/STM32_USB_Device_Library/Core/Src/usbd_ioreq.c ****   * @}
  63:Middlewares/ST/STM32_USB_Device_Library/Core/Src/usbd_ioreq.c ****   */ 
  64:Middlewares/ST/STM32_USB_Device_Library/Core/Src/usbd_ioreq.c **** 
  65:Middlewares/ST/STM32_USB_Device_Library/Core/Src/usbd_ioreq.c **** 
  66:Middlewares/ST/STM32_USB_Device_Library/Core/Src/usbd_ioreq.c **** /** @defgroup USBD_IOREQ_Private_Variables
  67:Middlewares/ST/STM32_USB_Device_Library/Core/Src/usbd_ioreq.c ****   * @{
  68:Middlewares/ST/STM32_USB_Device_Library/Core/Src/usbd_ioreq.c ****   */ 
  69:Middlewares/ST/STM32_USB_Device_Library/Core/Src/usbd_ioreq.c **** 
  70:Middlewares/ST/STM32_USB_Device_Library/Core/Src/usbd_ioreq.c **** /**
  71:Middlewares/ST/STM32_USB_Device_Library/Core/Src/usbd_ioreq.c ****   * @}
  72:Middlewares/ST/STM32_USB_Device_Library/Core/Src/usbd_ioreq.c ****   */ 
  73:Middlewares/ST/STM32_USB_Device_Library/Core/Src/usbd_ioreq.c **** 
  74:Middlewares/ST/STM32_USB_Device_Library/Core/Src/usbd_ioreq.c **** 
  75:Middlewares/ST/STM32_USB_Device_Library/Core/Src/usbd_ioreq.c **** /** @defgroup USBD_IOREQ_Private_FunctionPrototypes
  76:Middlewares/ST/STM32_USB_Device_Library/Core/Src/usbd_ioreq.c ****   * @{
  77:Middlewares/ST/STM32_USB_Device_Library/Core/Src/usbd_ioreq.c ****   */ 
  78:Middlewares/ST/STM32_USB_Device_Library/Core/Src/usbd_ioreq.c **** /**
  79:Middlewares/ST/STM32_USB_Device_Library/Core/Src/usbd_ioreq.c ****   * @}
  80:Middlewares/ST/STM32_USB_Device_Library/Core/Src/usbd_ioreq.c ****   */ 
  81:Middlewares/ST/STM32_USB_Device_Library/Core/Src/usbd_ioreq.c **** 
  82:Middlewares/ST/STM32_USB_Device_Library/Core/Src/usbd_ioreq.c **** 
  83:Middlewares/ST/STM32_USB_Device_Library/Core/Src/usbd_ioreq.c **** /** @defgroup USBD_IOREQ_Private_Functions
  84:Middlewares/ST/STM32_USB_Device_Library/Core/Src/usbd_ioreq.c ****   * @{
  85:Middlewares/ST/STM32_USB_Device_Library/Core/Src/usbd_ioreq.c ****   */ 
  86:Middlewares/ST/STM32_USB_Device_Library/Core/Src/usbd_ioreq.c **** 
  87:Middlewares/ST/STM32_USB_Device_Library/Core/Src/usbd_ioreq.c **** /**
  88:Middlewares/ST/STM32_USB_Device_Library/Core/Src/usbd_ioreq.c **** * @brief  USBD_CtlSendData
ARM GAS  /tmp/cc8dNJ1j.s 			page 3


  89:Middlewares/ST/STM32_USB_Device_Library/Core/Src/usbd_ioreq.c **** *         send data on the ctl pipe
  90:Middlewares/ST/STM32_USB_Device_Library/Core/Src/usbd_ioreq.c **** * @param  pdev: device instance
  91:Middlewares/ST/STM32_USB_Device_Library/Core/Src/usbd_ioreq.c **** * @param  buff: pointer to data buffer
  92:Middlewares/ST/STM32_USB_Device_Library/Core/Src/usbd_ioreq.c **** * @param  len: length of data to be sent
  93:Middlewares/ST/STM32_USB_Device_Library/Core/Src/usbd_ioreq.c **** * @retval status
  94:Middlewares/ST/STM32_USB_Device_Library/Core/Src/usbd_ioreq.c **** */
  95:Middlewares/ST/STM32_USB_Device_Library/Core/Src/usbd_ioreq.c **** USBD_StatusTypeDef  USBD_CtlSendData (USBD_HandleTypeDef  *pdev, 
  96:Middlewares/ST/STM32_USB_Device_Library/Core/Src/usbd_ioreq.c ****                                uint8_t *pbuf,
  97:Middlewares/ST/STM32_USB_Device_Library/Core/Src/usbd_ioreq.c ****                                uint16_t len)
  98:Middlewares/ST/STM32_USB_Device_Library/Core/Src/usbd_ioreq.c **** {
  28              		.loc 1 98 0
  29              		.cfi_startproc
  30              		@ args = 0, pretend = 0, frame = 0
  31              		@ frame_needed = 0, uses_anonymous_args = 0
  32              	.LVL0:
  33 0000 10B5     		push	{r4, lr}
  34              	.LCFI0:
  35              		.cfi_def_cfa_offset 8
  36              		.cfi_offset 4, -8
  37              		.cfi_offset 14, -4
  38 0002 1346     		mov	r3, r2
  99:Middlewares/ST/STM32_USB_Device_Library/Core/Src/usbd_ioreq.c ****   /* Set EP0 State */
 100:Middlewares/ST/STM32_USB_Device_Library/Core/Src/usbd_ioreq.c ****   pdev->ep0_state          = USBD_EP0_DATA_IN;                                      
  39              		.loc 1 100 0
  40 0004 0222     		movs	r2, #2
  41              	.LVL1:
  42 0006 C0F8F421 		str	r2, [r0, #500]
 101:Middlewares/ST/STM32_USB_Device_Library/Core/Src/usbd_ioreq.c ****   pdev->ep_in[0].total_length = len;
  43              		.loc 1 101 0
  44 000a 8361     		str	r3, [r0, #24]
 102:Middlewares/ST/STM32_USB_Device_Library/Core/Src/usbd_ioreq.c ****   pdev->ep_in[0].rem_length   = len;
  45              		.loc 1 102 0
  46 000c C361     		str	r3, [r0, #28]
 103:Middlewares/ST/STM32_USB_Device_Library/Core/Src/usbd_ioreq.c ****  /* Start the transfer */
 104:Middlewares/ST/STM32_USB_Device_Library/Core/Src/usbd_ioreq.c ****   USBD_LL_Transmit (pdev, 0x00, pbuf, len);  
  47              		.loc 1 104 0
  48 000e 0A46     		mov	r2, r1
  49 0010 0021     		movs	r1, #0
  50              	.LVL2:
  51 0012 FFF7FEFF 		bl	USBD_LL_Transmit
  52              	.LVL3:
 105:Middlewares/ST/STM32_USB_Device_Library/Core/Src/usbd_ioreq.c ****   
 106:Middlewares/ST/STM32_USB_Device_Library/Core/Src/usbd_ioreq.c ****   return USBD_OK;
 107:Middlewares/ST/STM32_USB_Device_Library/Core/Src/usbd_ioreq.c **** }
  53              		.loc 1 107 0
  54 0016 0020     		movs	r0, #0
  55 0018 10BD     		pop	{r4, pc}
  56              		.cfi_endproc
  57              	.LFE64:
  59 001a 00BF     		.section	.text.USBD_CtlContinueSendData,"ax",%progbits
  60              		.align	2
  61              		.global	USBD_CtlContinueSendData
  62              		.thumb
  63              		.thumb_func
  65              	USBD_CtlContinueSendData:
  66              	.LFB65:
 108:Middlewares/ST/STM32_USB_Device_Library/Core/Src/usbd_ioreq.c **** 
ARM GAS  /tmp/cc8dNJ1j.s 			page 4


 109:Middlewares/ST/STM32_USB_Device_Library/Core/Src/usbd_ioreq.c **** /**
 110:Middlewares/ST/STM32_USB_Device_Library/Core/Src/usbd_ioreq.c **** * @brief  USBD_CtlContinueSendData
 111:Middlewares/ST/STM32_USB_Device_Library/Core/Src/usbd_ioreq.c **** *         continue sending data on the ctl pipe
 112:Middlewares/ST/STM32_USB_Device_Library/Core/Src/usbd_ioreq.c **** * @param  pdev: device instance
 113:Middlewares/ST/STM32_USB_Device_Library/Core/Src/usbd_ioreq.c **** * @param  buff: pointer to data buffer
 114:Middlewares/ST/STM32_USB_Device_Library/Core/Src/usbd_ioreq.c **** * @param  len: length of data to be sent
 115:Middlewares/ST/STM32_USB_Device_Library/Core/Src/usbd_ioreq.c **** * @retval status
 116:Middlewares/ST/STM32_USB_Device_Library/Core/Src/usbd_ioreq.c **** */
 117:Middlewares/ST/STM32_USB_Device_Library/Core/Src/usbd_ioreq.c **** USBD_StatusTypeDef  USBD_CtlContinueSendData (USBD_HandleTypeDef  *pdev, 
 118:Middlewares/ST/STM32_USB_Device_Library/Core/Src/usbd_ioreq.c ****                                        uint8_t *pbuf,
 119:Middlewares/ST/STM32_USB_Device_Library/Core/Src/usbd_ioreq.c ****                                        uint16_t len)
 120:Middlewares/ST/STM32_USB_Device_Library/Core/Src/usbd_ioreq.c **** {
  67              		.loc 1 120 0
  68              		.cfi_startproc
  69              		@ args = 0, pretend = 0, frame = 0
  70              		@ frame_needed = 0, uses_anonymous_args = 0
  71              	.LVL4:
  72 0000 08B5     		push	{r3, lr}
  73              	.LCFI1:
  74              		.cfi_def_cfa_offset 8
  75              		.cfi_offset 3, -8
  76              		.cfi_offset 14, -4
 121:Middlewares/ST/STM32_USB_Device_Library/Core/Src/usbd_ioreq.c ****  /* Start the next transfer */
 122:Middlewares/ST/STM32_USB_Device_Library/Core/Src/usbd_ioreq.c ****   USBD_LL_Transmit (pdev, 0x00, pbuf, len);   
  77              		.loc 1 122 0
  78 0002 1346     		mov	r3, r2
  79 0004 0A46     		mov	r2, r1
  80              	.LVL5:
  81 0006 0021     		movs	r1, #0
  82              	.LVL6:
  83 0008 FFF7FEFF 		bl	USBD_LL_Transmit
  84              	.LVL7:
 123:Middlewares/ST/STM32_USB_Device_Library/Core/Src/usbd_ioreq.c ****   
 124:Middlewares/ST/STM32_USB_Device_Library/Core/Src/usbd_ioreq.c ****   return USBD_OK;
 125:Middlewares/ST/STM32_USB_Device_Library/Core/Src/usbd_ioreq.c **** }
  85              		.loc 1 125 0
  86 000c 0020     		movs	r0, #0
  87 000e 08BD     		pop	{r3, pc}
  88              		.cfi_endproc
  89              	.LFE65:
  91              		.section	.text.USBD_CtlPrepareRx,"ax",%progbits
  92              		.align	2
  93              		.global	USBD_CtlPrepareRx
  94              		.thumb
  95              		.thumb_func
  97              	USBD_CtlPrepareRx:
  98              	.LFB66:
 126:Middlewares/ST/STM32_USB_Device_Library/Core/Src/usbd_ioreq.c **** 
 127:Middlewares/ST/STM32_USB_Device_Library/Core/Src/usbd_ioreq.c **** /**
 128:Middlewares/ST/STM32_USB_Device_Library/Core/Src/usbd_ioreq.c **** * @brief  USBD_CtlPrepareRx
 129:Middlewares/ST/STM32_USB_Device_Library/Core/Src/usbd_ioreq.c **** *         receive data on the ctl pipe
 130:Middlewares/ST/STM32_USB_Device_Library/Core/Src/usbd_ioreq.c **** * @param  pdev: device instance
 131:Middlewares/ST/STM32_USB_Device_Library/Core/Src/usbd_ioreq.c **** * @param  buff: pointer to data buffer
 132:Middlewares/ST/STM32_USB_Device_Library/Core/Src/usbd_ioreq.c **** * @param  len: length of data to be received
 133:Middlewares/ST/STM32_USB_Device_Library/Core/Src/usbd_ioreq.c **** * @retval status
 134:Middlewares/ST/STM32_USB_Device_Library/Core/Src/usbd_ioreq.c **** */
 135:Middlewares/ST/STM32_USB_Device_Library/Core/Src/usbd_ioreq.c **** USBD_StatusTypeDef  USBD_CtlPrepareRx (USBD_HandleTypeDef  *pdev,
ARM GAS  /tmp/cc8dNJ1j.s 			page 5


 136:Middlewares/ST/STM32_USB_Device_Library/Core/Src/usbd_ioreq.c ****                                   uint8_t *pbuf,                                  
 137:Middlewares/ST/STM32_USB_Device_Library/Core/Src/usbd_ioreq.c ****                                   uint16_t len)
 138:Middlewares/ST/STM32_USB_Device_Library/Core/Src/usbd_ioreq.c **** {
  99              		.loc 1 138 0
 100              		.cfi_startproc
 101              		@ args = 0, pretend = 0, frame = 0
 102              		@ frame_needed = 0, uses_anonymous_args = 0
 103              	.LVL8:
 104 0000 10B5     		push	{r4, lr}
 105              	.LCFI2:
 106              		.cfi_def_cfa_offset 8
 107              		.cfi_offset 4, -8
 108              		.cfi_offset 14, -4
 109 0002 1346     		mov	r3, r2
 139:Middlewares/ST/STM32_USB_Device_Library/Core/Src/usbd_ioreq.c ****   /* Set EP0 State */
 140:Middlewares/ST/STM32_USB_Device_Library/Core/Src/usbd_ioreq.c ****   pdev->ep0_state = USBD_EP0_DATA_OUT; 
 110              		.loc 1 140 0
 111 0004 0322     		movs	r2, #3
 112              	.LVL9:
 113 0006 C0F8F421 		str	r2, [r0, #500]
 141:Middlewares/ST/STM32_USB_Device_Library/Core/Src/usbd_ioreq.c ****   pdev->ep_out[0].total_length = len;
 114              		.loc 1 141 0
 115 000a C0F80831 		str	r3, [r0, #264]
 142:Middlewares/ST/STM32_USB_Device_Library/Core/Src/usbd_ioreq.c ****   pdev->ep_out[0].rem_length   = len;
 116              		.loc 1 142 0
 117 000e C0F80C31 		str	r3, [r0, #268]
 143:Middlewares/ST/STM32_USB_Device_Library/Core/Src/usbd_ioreq.c ****   /* Start the transfer */
 144:Middlewares/ST/STM32_USB_Device_Library/Core/Src/usbd_ioreq.c ****   USBD_LL_PrepareReceive (pdev,
 118              		.loc 1 144 0
 119 0012 0A46     		mov	r2, r1
 120 0014 0021     		movs	r1, #0
 121              	.LVL10:
 122 0016 FFF7FEFF 		bl	USBD_LL_PrepareReceive
 123              	.LVL11:
 145:Middlewares/ST/STM32_USB_Device_Library/Core/Src/usbd_ioreq.c ****                           0,
 146:Middlewares/ST/STM32_USB_Device_Library/Core/Src/usbd_ioreq.c ****                           pbuf,
 147:Middlewares/ST/STM32_USB_Device_Library/Core/Src/usbd_ioreq.c ****                          len);
 148:Middlewares/ST/STM32_USB_Device_Library/Core/Src/usbd_ioreq.c ****   
 149:Middlewares/ST/STM32_USB_Device_Library/Core/Src/usbd_ioreq.c ****   return USBD_OK;
 150:Middlewares/ST/STM32_USB_Device_Library/Core/Src/usbd_ioreq.c **** }
 124              		.loc 1 150 0
 125 001a 0020     		movs	r0, #0
 126 001c 10BD     		pop	{r4, pc}
 127              		.cfi_endproc
 128              	.LFE66:
 130 001e 00BF     		.section	.text.USBD_CtlContinueRx,"ax",%progbits
 131              		.align	2
 132              		.global	USBD_CtlContinueRx
 133              		.thumb
 134              		.thumb_func
 136              	USBD_CtlContinueRx:
 137              	.LFB67:
 151:Middlewares/ST/STM32_USB_Device_Library/Core/Src/usbd_ioreq.c **** 
 152:Middlewares/ST/STM32_USB_Device_Library/Core/Src/usbd_ioreq.c **** /**
 153:Middlewares/ST/STM32_USB_Device_Library/Core/Src/usbd_ioreq.c **** * @brief  USBD_CtlContinueRx
 154:Middlewares/ST/STM32_USB_Device_Library/Core/Src/usbd_ioreq.c **** *         continue receive data on the ctl pipe
 155:Middlewares/ST/STM32_USB_Device_Library/Core/Src/usbd_ioreq.c **** * @param  pdev: device instance
ARM GAS  /tmp/cc8dNJ1j.s 			page 6


 156:Middlewares/ST/STM32_USB_Device_Library/Core/Src/usbd_ioreq.c **** * @param  buff: pointer to data buffer
 157:Middlewares/ST/STM32_USB_Device_Library/Core/Src/usbd_ioreq.c **** * @param  len: length of data to be received
 158:Middlewares/ST/STM32_USB_Device_Library/Core/Src/usbd_ioreq.c **** * @retval status
 159:Middlewares/ST/STM32_USB_Device_Library/Core/Src/usbd_ioreq.c **** */
 160:Middlewares/ST/STM32_USB_Device_Library/Core/Src/usbd_ioreq.c **** USBD_StatusTypeDef  USBD_CtlContinueRx (USBD_HandleTypeDef  *pdev, 
 161:Middlewares/ST/STM32_USB_Device_Library/Core/Src/usbd_ioreq.c ****                                           uint8_t *pbuf,                                          
 162:Middlewares/ST/STM32_USB_Device_Library/Core/Src/usbd_ioreq.c ****                                           uint16_t len)
 163:Middlewares/ST/STM32_USB_Device_Library/Core/Src/usbd_ioreq.c **** {
 138              		.loc 1 163 0
 139              		.cfi_startproc
 140              		@ args = 0, pretend = 0, frame = 0
 141              		@ frame_needed = 0, uses_anonymous_args = 0
 142              	.LVL12:
 143 0000 08B5     		push	{r3, lr}
 144              	.LCFI3:
 145              		.cfi_def_cfa_offset 8
 146              		.cfi_offset 3, -8
 147              		.cfi_offset 14, -4
 164:Middlewares/ST/STM32_USB_Device_Library/Core/Src/usbd_ioreq.c **** 
 165:Middlewares/ST/STM32_USB_Device_Library/Core/Src/usbd_ioreq.c ****   USBD_LL_PrepareReceive (pdev,
 148              		.loc 1 165 0
 149 0002 1346     		mov	r3, r2
 150 0004 0A46     		mov	r2, r1
 151              	.LVL13:
 152 0006 0021     		movs	r1, #0
 153              	.LVL14:
 154 0008 FFF7FEFF 		bl	USBD_LL_PrepareReceive
 155              	.LVL15:
 166:Middlewares/ST/STM32_USB_Device_Library/Core/Src/usbd_ioreq.c ****                           0,                     
 167:Middlewares/ST/STM32_USB_Device_Library/Core/Src/usbd_ioreq.c ****                           pbuf,                         
 168:Middlewares/ST/STM32_USB_Device_Library/Core/Src/usbd_ioreq.c ****                           len);
 169:Middlewares/ST/STM32_USB_Device_Library/Core/Src/usbd_ioreq.c ****   return USBD_OK;
 170:Middlewares/ST/STM32_USB_Device_Library/Core/Src/usbd_ioreq.c **** }
 156              		.loc 1 170 0
 157 000c 0020     		movs	r0, #0
 158 000e 08BD     		pop	{r3, pc}
 159              		.cfi_endproc
 160              	.LFE67:
 162              		.section	.text.USBD_CtlSendStatus,"ax",%progbits
 163              		.align	2
 164              		.global	USBD_CtlSendStatus
 165              		.thumb
 166              		.thumb_func
 168              	USBD_CtlSendStatus:
 169              	.LFB68:
 171:Middlewares/ST/STM32_USB_Device_Library/Core/Src/usbd_ioreq.c **** /**
 172:Middlewares/ST/STM32_USB_Device_Library/Core/Src/usbd_ioreq.c **** * @brief  USBD_CtlSendStatus
 173:Middlewares/ST/STM32_USB_Device_Library/Core/Src/usbd_ioreq.c **** *         send zero lzngth packet on the ctl pipe
 174:Middlewares/ST/STM32_USB_Device_Library/Core/Src/usbd_ioreq.c **** * @param  pdev: device instance
 175:Middlewares/ST/STM32_USB_Device_Library/Core/Src/usbd_ioreq.c **** * @retval status
 176:Middlewares/ST/STM32_USB_Device_Library/Core/Src/usbd_ioreq.c **** */
 177:Middlewares/ST/STM32_USB_Device_Library/Core/Src/usbd_ioreq.c **** USBD_StatusTypeDef  USBD_CtlSendStatus (USBD_HandleTypeDef  *pdev)
 178:Middlewares/ST/STM32_USB_Device_Library/Core/Src/usbd_ioreq.c **** {
 170              		.loc 1 178 0
 171              		.cfi_startproc
 172              		@ args = 0, pretend = 0, frame = 0
 173              		@ frame_needed = 0, uses_anonymous_args = 0
ARM GAS  /tmp/cc8dNJ1j.s 			page 7


 174              	.LVL16:
 175 0000 08B5     		push	{r3, lr}
 176              	.LCFI4:
 177              		.cfi_def_cfa_offset 8
 178              		.cfi_offset 3, -8
 179              		.cfi_offset 14, -4
 179:Middlewares/ST/STM32_USB_Device_Library/Core/Src/usbd_ioreq.c **** 
 180:Middlewares/ST/STM32_USB_Device_Library/Core/Src/usbd_ioreq.c ****   /* Set EP0 State */
 181:Middlewares/ST/STM32_USB_Device_Library/Core/Src/usbd_ioreq.c ****   pdev->ep0_state = USBD_EP0_STATUS_IN;
 180              		.loc 1 181 0
 181 0002 0423     		movs	r3, #4
 182 0004 C0F8F431 		str	r3, [r0, #500]
 182:Middlewares/ST/STM32_USB_Device_Library/Core/Src/usbd_ioreq.c ****   
 183:Middlewares/ST/STM32_USB_Device_Library/Core/Src/usbd_ioreq.c ****  /* Start the transfer */
 184:Middlewares/ST/STM32_USB_Device_Library/Core/Src/usbd_ioreq.c ****   USBD_LL_Transmit (pdev, 0x00, NULL, 0);   
 183              		.loc 1 184 0
 184 0008 0023     		movs	r3, #0
 185 000a 1A46     		mov	r2, r3
 186 000c 1946     		mov	r1, r3
 187 000e FFF7FEFF 		bl	USBD_LL_Transmit
 188              	.LVL17:
 185:Middlewares/ST/STM32_USB_Device_Library/Core/Src/usbd_ioreq.c ****   
 186:Middlewares/ST/STM32_USB_Device_Library/Core/Src/usbd_ioreq.c ****   return USBD_OK;
 187:Middlewares/ST/STM32_USB_Device_Library/Core/Src/usbd_ioreq.c **** }
 189              		.loc 1 187 0
 190 0012 0020     		movs	r0, #0
 191 0014 08BD     		pop	{r3, pc}
 192              		.cfi_endproc
 193              	.LFE68:
 195 0016 00BF     		.section	.text.USBD_CtlReceiveStatus,"ax",%progbits
 196              		.align	2
 197              		.global	USBD_CtlReceiveStatus
 198              		.thumb
 199              		.thumb_func
 201              	USBD_CtlReceiveStatus:
 202              	.LFB69:
 188:Middlewares/ST/STM32_USB_Device_Library/Core/Src/usbd_ioreq.c **** 
 189:Middlewares/ST/STM32_USB_Device_Library/Core/Src/usbd_ioreq.c **** /**
 190:Middlewares/ST/STM32_USB_Device_Library/Core/Src/usbd_ioreq.c **** * @brief  USBD_CtlReceiveStatus
 191:Middlewares/ST/STM32_USB_Device_Library/Core/Src/usbd_ioreq.c **** *         receive zero lzngth packet on the ctl pipe
 192:Middlewares/ST/STM32_USB_Device_Library/Core/Src/usbd_ioreq.c **** * @param  pdev: device instance
 193:Middlewares/ST/STM32_USB_Device_Library/Core/Src/usbd_ioreq.c **** * @retval status
 194:Middlewares/ST/STM32_USB_Device_Library/Core/Src/usbd_ioreq.c **** */
 195:Middlewares/ST/STM32_USB_Device_Library/Core/Src/usbd_ioreq.c **** USBD_StatusTypeDef  USBD_CtlReceiveStatus (USBD_HandleTypeDef  *pdev)
 196:Middlewares/ST/STM32_USB_Device_Library/Core/Src/usbd_ioreq.c **** {
 203              		.loc 1 196 0
 204              		.cfi_startproc
 205              		@ args = 0, pretend = 0, frame = 0
 206              		@ frame_needed = 0, uses_anonymous_args = 0
 207              	.LVL18:
 208 0000 08B5     		push	{r3, lr}
 209              	.LCFI5:
 210              		.cfi_def_cfa_offset 8
 211              		.cfi_offset 3, -8
 212              		.cfi_offset 14, -4
 197:Middlewares/ST/STM32_USB_Device_Library/Core/Src/usbd_ioreq.c ****   /* Set EP0 State */
 198:Middlewares/ST/STM32_USB_Device_Library/Core/Src/usbd_ioreq.c ****   pdev->ep0_state = USBD_EP0_STATUS_OUT; 
ARM GAS  /tmp/cc8dNJ1j.s 			page 8


 213              		.loc 1 198 0
 214 0002 0523     		movs	r3, #5
 215 0004 C0F8F431 		str	r3, [r0, #500]
 199:Middlewares/ST/STM32_USB_Device_Library/Core/Src/usbd_ioreq.c ****   
 200:Middlewares/ST/STM32_USB_Device_Library/Core/Src/usbd_ioreq.c ****  /* Start the transfer */  
 201:Middlewares/ST/STM32_USB_Device_Library/Core/Src/usbd_ioreq.c ****   USBD_LL_PrepareReceive ( pdev,
 216              		.loc 1 201 0
 217 0008 0023     		movs	r3, #0
 218 000a 1A46     		mov	r2, r3
 219 000c 1946     		mov	r1, r3
 220 000e FFF7FEFF 		bl	USBD_LL_PrepareReceive
 221              	.LVL19:
 202:Middlewares/ST/STM32_USB_Device_Library/Core/Src/usbd_ioreq.c ****                     0,
 203:Middlewares/ST/STM32_USB_Device_Library/Core/Src/usbd_ioreq.c ****                     NULL,
 204:Middlewares/ST/STM32_USB_Device_Library/Core/Src/usbd_ioreq.c ****                     0);  
 205:Middlewares/ST/STM32_USB_Device_Library/Core/Src/usbd_ioreq.c **** 
 206:Middlewares/ST/STM32_USB_Device_Library/Core/Src/usbd_ioreq.c ****   return USBD_OK;
 207:Middlewares/ST/STM32_USB_Device_Library/Core/Src/usbd_ioreq.c **** }
 222              		.loc 1 207 0
 223 0012 0020     		movs	r0, #0
 224 0014 08BD     		pop	{r3, pc}
 225              		.cfi_endproc
 226              	.LFE69:
 228 0016 00BF     		.section	.text.USBD_GetRxCount,"ax",%progbits
 229              		.align	2
 230              		.global	USBD_GetRxCount
 231              		.thumb
 232              		.thumb_func
 234              	USBD_GetRxCount:
 235              	.LFB70:
 208:Middlewares/ST/STM32_USB_Device_Library/Core/Src/usbd_ioreq.c **** 
 209:Middlewares/ST/STM32_USB_Device_Library/Core/Src/usbd_ioreq.c **** 
 210:Middlewares/ST/STM32_USB_Device_Library/Core/Src/usbd_ioreq.c **** /**
 211:Middlewares/ST/STM32_USB_Device_Library/Core/Src/usbd_ioreq.c **** * @brief  USBD_GetRxCount
 212:Middlewares/ST/STM32_USB_Device_Library/Core/Src/usbd_ioreq.c **** *         returns the received data length
 213:Middlewares/ST/STM32_USB_Device_Library/Core/Src/usbd_ioreq.c **** * @param  pdev: device instance
 214:Middlewares/ST/STM32_USB_Device_Library/Core/Src/usbd_ioreq.c **** * @param  ep_addr: endpoint address
 215:Middlewares/ST/STM32_USB_Device_Library/Core/Src/usbd_ioreq.c **** * @retval Rx Data blength
 216:Middlewares/ST/STM32_USB_Device_Library/Core/Src/usbd_ioreq.c **** */
 217:Middlewares/ST/STM32_USB_Device_Library/Core/Src/usbd_ioreq.c **** uint16_t  USBD_GetRxCount (USBD_HandleTypeDef  *pdev , uint8_t ep_addr)
 218:Middlewares/ST/STM32_USB_Device_Library/Core/Src/usbd_ioreq.c **** {
 236              		.loc 1 218 0
 237              		.cfi_startproc
 238              		@ args = 0, pretend = 0, frame = 0
 239              		@ frame_needed = 0, uses_anonymous_args = 0
 240              	.LVL20:
 241 0000 08B5     		push	{r3, lr}
 242              	.LCFI6:
 243              		.cfi_def_cfa_offset 8
 244              		.cfi_offset 3, -8
 245              		.cfi_offset 14, -4
 219:Middlewares/ST/STM32_USB_Device_Library/Core/Src/usbd_ioreq.c ****   return USBD_LL_GetRxDataSize(pdev, ep_addr);
 246              		.loc 1 219 0
 247 0002 FFF7FEFF 		bl	USBD_LL_GetRxDataSize
 248              	.LVL21:
 220:Middlewares/ST/STM32_USB_Device_Library/Core/Src/usbd_ioreq.c **** }
 249              		.loc 1 220 0
ARM GAS  /tmp/cc8dNJ1j.s 			page 9


 250 0006 80B2     		uxth	r0, r0
 251 0008 08BD     		pop	{r3, pc}
 252              		.cfi_endproc
 253              	.LFE70:
 255 000a 00BF     		.text
 256              	.Letext0:
 257              		.file 2 "/opt/toolchain/gcc-arm-none-eabi-5_4-2016q3/arm-none-eabi/include/machine/_default_types.
 258              		.file 3 "/opt/toolchain/gcc-arm-none-eabi-5_4-2016q3/arm-none-eabi/include/sys/_stdint.h"
 259              		.file 4 "Middlewares/ST/STM32_USB_Device_Library/Core/Inc/usbd_def.h"
 260              		.file 5 "Middlewares/ST/STM32_USB_Device_Library/Core/Inc/usbd_core.h"
 261              		.file 6 "Drivers/CMSIS/Include/core_cm3.h"
ARM GAS  /tmp/cc8dNJ1j.s 			page 10


DEFINED SYMBOLS
                            *ABS*:00000000 usbd_ioreq.c
     /tmp/cc8dNJ1j.s:20     .text.USBD_CtlSendData:00000000 $t
     /tmp/cc8dNJ1j.s:25     .text.USBD_CtlSendData:00000000 USBD_CtlSendData
     /tmp/cc8dNJ1j.s:60     .text.USBD_CtlContinueSendData:00000000 $t
     /tmp/cc8dNJ1j.s:65     .text.USBD_CtlContinueSendData:00000000 USBD_CtlContinueSendData
     /tmp/cc8dNJ1j.s:92     .text.USBD_CtlPrepareRx:00000000 $t
     /tmp/cc8dNJ1j.s:97     .text.USBD_CtlPrepareRx:00000000 USBD_CtlPrepareRx
     /tmp/cc8dNJ1j.s:131    .text.USBD_CtlContinueRx:00000000 $t
     /tmp/cc8dNJ1j.s:136    .text.USBD_CtlContinueRx:00000000 USBD_CtlContinueRx
     /tmp/cc8dNJ1j.s:163    .text.USBD_CtlSendStatus:00000000 $t
     /tmp/cc8dNJ1j.s:168    .text.USBD_CtlSendStatus:00000000 USBD_CtlSendStatus
     /tmp/cc8dNJ1j.s:196    .text.USBD_CtlReceiveStatus:00000000 $t
     /tmp/cc8dNJ1j.s:201    .text.USBD_CtlReceiveStatus:00000000 USBD_CtlReceiveStatus
     /tmp/cc8dNJ1j.s:229    .text.USBD_GetRxCount:00000000 $t
     /tmp/cc8dNJ1j.s:234    .text.USBD_GetRxCount:00000000 USBD_GetRxCount
                     .debug_frame:00000010 $d

UNDEFINED SYMBOLS
USBD_LL_Transmit
USBD_LL_PrepareReceive
USBD_LL_GetRxDataSize
