ARM GAS  /tmp/ccZ4GsIK.s 			page 1


   1              		.syntax unified
   2              		.cpu cortex-m3
   3              		.fpu softvfp
   4              		.eabi_attribute 20, 1
   5              		.eabi_attribute 21, 1
   6              		.eabi_attribute 23, 3
   7              		.eabi_attribute 24, 1
   8              		.eabi_attribute 25, 1
   9              		.eabi_attribute 26, 1
  10              		.eabi_attribute 30, 1
  11              		.eabi_attribute 34, 1
  12              		.eabi_attribute 18, 4
  13              		.thumb
  14              		.syntax unified
  15              		.file	"usbd_core.c"
  16              		.text
  17              	.Ltext0:
  18              		.cfi_sections	.debug_frame
  19              		.section	.text.USBD_Init,"ax",%progbits
  20              		.align	2
  21              		.global	USBD_Init
  22              		.thumb
  23              		.thumb_func
  25              	USBD_Init:
  26              	.LFB64:
  27              		.file 1 "Middlewares/ST/STM32_USB_Device_Library/Core/Src/usbd_core.c"
   1:Middlewares/ST/STM32_USB_Device_Library/Core/Src/usbd_core.c **** /**
   2:Middlewares/ST/STM32_USB_Device_Library/Core/Src/usbd_core.c ****   ******************************************************************************
   3:Middlewares/ST/STM32_USB_Device_Library/Core/Src/usbd_core.c ****   * @file    usbd_core.c
   4:Middlewares/ST/STM32_USB_Device_Library/Core/Src/usbd_core.c ****   * @author  MCD Application Team
   5:Middlewares/ST/STM32_USB_Device_Library/Core/Src/usbd_core.c ****   * @version V2.4.2
   6:Middlewares/ST/STM32_USB_Device_Library/Core/Src/usbd_core.c ****   * @date    11-December-2015
   7:Middlewares/ST/STM32_USB_Device_Library/Core/Src/usbd_core.c ****   * @brief   This file provides all the USBD core functions.
   8:Middlewares/ST/STM32_USB_Device_Library/Core/Src/usbd_core.c ****   ******************************************************************************
   9:Middlewares/ST/STM32_USB_Device_Library/Core/Src/usbd_core.c ****   * @attention
  10:Middlewares/ST/STM32_USB_Device_Library/Core/Src/usbd_core.c ****   *
  11:Middlewares/ST/STM32_USB_Device_Library/Core/Src/usbd_core.c ****   * <h2><center>&copy; COPYRIGHT 2015 STMicroelectronics</center></h2>
  12:Middlewares/ST/STM32_USB_Device_Library/Core/Src/usbd_core.c ****   *
  13:Middlewares/ST/STM32_USB_Device_Library/Core/Src/usbd_core.c ****   * Licensed under MCD-ST Liberty SW License Agreement V2, (the "License");
  14:Middlewares/ST/STM32_USB_Device_Library/Core/Src/usbd_core.c ****   * You may not use this file except in compliance with the License.
  15:Middlewares/ST/STM32_USB_Device_Library/Core/Src/usbd_core.c ****   * You may obtain a copy of the License at:
  16:Middlewares/ST/STM32_USB_Device_Library/Core/Src/usbd_core.c ****   *
  17:Middlewares/ST/STM32_USB_Device_Library/Core/Src/usbd_core.c ****   *        http://www.st.com/software_license_agreement_liberty_v2
  18:Middlewares/ST/STM32_USB_Device_Library/Core/Src/usbd_core.c ****   *
  19:Middlewares/ST/STM32_USB_Device_Library/Core/Src/usbd_core.c ****   * Unless required by applicable law or agreed to in writing, software 
  20:Middlewares/ST/STM32_USB_Device_Library/Core/Src/usbd_core.c ****   * distributed under the License is distributed on an "AS IS" BASIS, 
  21:Middlewares/ST/STM32_USB_Device_Library/Core/Src/usbd_core.c ****   * WITHOUT WARRANTIES OR CONDITIONS OF ANY KIND, either express or implied.
  22:Middlewares/ST/STM32_USB_Device_Library/Core/Src/usbd_core.c ****   * See the License for the specific language governing permissions and
  23:Middlewares/ST/STM32_USB_Device_Library/Core/Src/usbd_core.c ****   * limitations under the License.
  24:Middlewares/ST/STM32_USB_Device_Library/Core/Src/usbd_core.c ****   *
  25:Middlewares/ST/STM32_USB_Device_Library/Core/Src/usbd_core.c ****   ******************************************************************************
  26:Middlewares/ST/STM32_USB_Device_Library/Core/Src/usbd_core.c ****   */ 
  27:Middlewares/ST/STM32_USB_Device_Library/Core/Src/usbd_core.c **** 
  28:Middlewares/ST/STM32_USB_Device_Library/Core/Src/usbd_core.c **** /* Includes ------------------------------------------------------------------*/
  29:Middlewares/ST/STM32_USB_Device_Library/Core/Src/usbd_core.c **** #include "usbd_core.h"
  30:Middlewares/ST/STM32_USB_Device_Library/Core/Src/usbd_core.c **** 
  31:Middlewares/ST/STM32_USB_Device_Library/Core/Src/usbd_core.c **** /** @addtogroup STM32_USBD_DEVICE_LIBRARY
ARM GAS  /tmp/ccZ4GsIK.s 			page 2


  32:Middlewares/ST/STM32_USB_Device_Library/Core/Src/usbd_core.c **** * @{
  33:Middlewares/ST/STM32_USB_Device_Library/Core/Src/usbd_core.c **** */
  34:Middlewares/ST/STM32_USB_Device_Library/Core/Src/usbd_core.c **** 
  35:Middlewares/ST/STM32_USB_Device_Library/Core/Src/usbd_core.c **** 
  36:Middlewares/ST/STM32_USB_Device_Library/Core/Src/usbd_core.c **** /** @defgroup USBD_CORE 
  37:Middlewares/ST/STM32_USB_Device_Library/Core/Src/usbd_core.c **** * @brief usbd core module
  38:Middlewares/ST/STM32_USB_Device_Library/Core/Src/usbd_core.c **** * @{
  39:Middlewares/ST/STM32_USB_Device_Library/Core/Src/usbd_core.c **** */ 
  40:Middlewares/ST/STM32_USB_Device_Library/Core/Src/usbd_core.c **** 
  41:Middlewares/ST/STM32_USB_Device_Library/Core/Src/usbd_core.c **** /** @defgroup USBD_CORE_Private_TypesDefinitions
  42:Middlewares/ST/STM32_USB_Device_Library/Core/Src/usbd_core.c **** * @{
  43:Middlewares/ST/STM32_USB_Device_Library/Core/Src/usbd_core.c **** */ 
  44:Middlewares/ST/STM32_USB_Device_Library/Core/Src/usbd_core.c **** /**
  45:Middlewares/ST/STM32_USB_Device_Library/Core/Src/usbd_core.c **** * @}
  46:Middlewares/ST/STM32_USB_Device_Library/Core/Src/usbd_core.c **** */ 
  47:Middlewares/ST/STM32_USB_Device_Library/Core/Src/usbd_core.c **** 
  48:Middlewares/ST/STM32_USB_Device_Library/Core/Src/usbd_core.c **** 
  49:Middlewares/ST/STM32_USB_Device_Library/Core/Src/usbd_core.c **** /** @defgroup USBD_CORE_Private_Defines
  50:Middlewares/ST/STM32_USB_Device_Library/Core/Src/usbd_core.c **** * @{
  51:Middlewares/ST/STM32_USB_Device_Library/Core/Src/usbd_core.c **** */ 
  52:Middlewares/ST/STM32_USB_Device_Library/Core/Src/usbd_core.c **** 
  53:Middlewares/ST/STM32_USB_Device_Library/Core/Src/usbd_core.c **** /**
  54:Middlewares/ST/STM32_USB_Device_Library/Core/Src/usbd_core.c **** * @}
  55:Middlewares/ST/STM32_USB_Device_Library/Core/Src/usbd_core.c **** */ 
  56:Middlewares/ST/STM32_USB_Device_Library/Core/Src/usbd_core.c **** 
  57:Middlewares/ST/STM32_USB_Device_Library/Core/Src/usbd_core.c **** 
  58:Middlewares/ST/STM32_USB_Device_Library/Core/Src/usbd_core.c **** /** @defgroup USBD_CORE_Private_Macros
  59:Middlewares/ST/STM32_USB_Device_Library/Core/Src/usbd_core.c **** * @{
  60:Middlewares/ST/STM32_USB_Device_Library/Core/Src/usbd_core.c **** */ 
  61:Middlewares/ST/STM32_USB_Device_Library/Core/Src/usbd_core.c **** /**
  62:Middlewares/ST/STM32_USB_Device_Library/Core/Src/usbd_core.c **** * @}
  63:Middlewares/ST/STM32_USB_Device_Library/Core/Src/usbd_core.c **** */ 
  64:Middlewares/ST/STM32_USB_Device_Library/Core/Src/usbd_core.c **** 
  65:Middlewares/ST/STM32_USB_Device_Library/Core/Src/usbd_core.c **** 
  66:Middlewares/ST/STM32_USB_Device_Library/Core/Src/usbd_core.c **** 
  67:Middlewares/ST/STM32_USB_Device_Library/Core/Src/usbd_core.c **** 
  68:Middlewares/ST/STM32_USB_Device_Library/Core/Src/usbd_core.c **** /** @defgroup USBD_CORE_Private_FunctionPrototypes
  69:Middlewares/ST/STM32_USB_Device_Library/Core/Src/usbd_core.c **** * @{
  70:Middlewares/ST/STM32_USB_Device_Library/Core/Src/usbd_core.c **** */ 
  71:Middlewares/ST/STM32_USB_Device_Library/Core/Src/usbd_core.c **** 
  72:Middlewares/ST/STM32_USB_Device_Library/Core/Src/usbd_core.c **** /**
  73:Middlewares/ST/STM32_USB_Device_Library/Core/Src/usbd_core.c **** * @}
  74:Middlewares/ST/STM32_USB_Device_Library/Core/Src/usbd_core.c **** */ 
  75:Middlewares/ST/STM32_USB_Device_Library/Core/Src/usbd_core.c **** 
  76:Middlewares/ST/STM32_USB_Device_Library/Core/Src/usbd_core.c **** /** @defgroup USBD_CORE_Private_Variables
  77:Middlewares/ST/STM32_USB_Device_Library/Core/Src/usbd_core.c **** * @{
  78:Middlewares/ST/STM32_USB_Device_Library/Core/Src/usbd_core.c **** */ 
  79:Middlewares/ST/STM32_USB_Device_Library/Core/Src/usbd_core.c **** 
  80:Middlewares/ST/STM32_USB_Device_Library/Core/Src/usbd_core.c **** /**
  81:Middlewares/ST/STM32_USB_Device_Library/Core/Src/usbd_core.c **** * @}
  82:Middlewares/ST/STM32_USB_Device_Library/Core/Src/usbd_core.c **** */ 
  83:Middlewares/ST/STM32_USB_Device_Library/Core/Src/usbd_core.c **** 
  84:Middlewares/ST/STM32_USB_Device_Library/Core/Src/usbd_core.c **** /** @defgroup USBD_CORE_Private_Functions
  85:Middlewares/ST/STM32_USB_Device_Library/Core/Src/usbd_core.c **** * @{
  86:Middlewares/ST/STM32_USB_Device_Library/Core/Src/usbd_core.c **** */ 
  87:Middlewares/ST/STM32_USB_Device_Library/Core/Src/usbd_core.c **** 
  88:Middlewares/ST/STM32_USB_Device_Library/Core/Src/usbd_core.c **** /**
ARM GAS  /tmp/ccZ4GsIK.s 			page 3


  89:Middlewares/ST/STM32_USB_Device_Library/Core/Src/usbd_core.c **** * @brief  USBD_Init
  90:Middlewares/ST/STM32_USB_Device_Library/Core/Src/usbd_core.c **** *         Initializes the device stack and load the class driver
  91:Middlewares/ST/STM32_USB_Device_Library/Core/Src/usbd_core.c **** * @param  pdev: device instance
  92:Middlewares/ST/STM32_USB_Device_Library/Core/Src/usbd_core.c **** * @param  pdesc: Descriptor structure address
  93:Middlewares/ST/STM32_USB_Device_Library/Core/Src/usbd_core.c **** * @param  id: Low level core index
  94:Middlewares/ST/STM32_USB_Device_Library/Core/Src/usbd_core.c **** * @retval None
  95:Middlewares/ST/STM32_USB_Device_Library/Core/Src/usbd_core.c **** */
  96:Middlewares/ST/STM32_USB_Device_Library/Core/Src/usbd_core.c **** USBD_StatusTypeDef USBD_Init(USBD_HandleTypeDef *pdev, USBD_DescriptorsTypeDef *pdesc, uint8_t id)
  97:Middlewares/ST/STM32_USB_Device_Library/Core/Src/usbd_core.c **** {
  28              		.loc 1 97 0
  29              		.cfi_startproc
  30              		@ args = 0, pretend = 0, frame = 0
  31              		@ frame_needed = 0, uses_anonymous_args = 0
  32              	.LVL0:
  98:Middlewares/ST/STM32_USB_Device_Library/Core/Src/usbd_core.c ****   /* Check whether the USB Host handle is valid */
  99:Middlewares/ST/STM32_USB_Device_Library/Core/Src/usbd_core.c ****   if(pdev == NULL)
  33              		.loc 1 99 0
  34 0000 98B1     		cbz	r0, .L5
  97:Middlewares/ST/STM32_USB_Device_Library/Core/Src/usbd_core.c ****   /* Check whether the USB Host handle is valid */
  35              		.loc 1 97 0
  36 0002 08B5     		push	{r3, lr}
  37              	.LCFI0:
  38              		.cfi_def_cfa_offset 8
  39              		.cfi_offset 3, -8
  40              		.cfi_offset 14, -4
  41 0004 0346     		mov	r3, r0
 100:Middlewares/ST/STM32_USB_Device_Library/Core/Src/usbd_core.c ****   {
 101:Middlewares/ST/STM32_USB_Device_Library/Core/Src/usbd_core.c ****     USBD_ErrLog("Invalid Device handle");
 102:Middlewares/ST/STM32_USB_Device_Library/Core/Src/usbd_core.c ****     return USBD_FAIL; 
 103:Middlewares/ST/STM32_USB_Device_Library/Core/Src/usbd_core.c ****   }
 104:Middlewares/ST/STM32_USB_Device_Library/Core/Src/usbd_core.c ****   
 105:Middlewares/ST/STM32_USB_Device_Library/Core/Src/usbd_core.c ****   /* Unlink previous class*/
 106:Middlewares/ST/STM32_USB_Device_Library/Core/Src/usbd_core.c ****   if(pdev->pClass != NULL)
  42              		.loc 1 106 0
  43 0006 D0F81402 		ldr	r0, [r0, #532]
  44              	.LVL1:
  45 000a 10B1     		cbz	r0, .L3
 107:Middlewares/ST/STM32_USB_Device_Library/Core/Src/usbd_core.c ****   {
 108:Middlewares/ST/STM32_USB_Device_Library/Core/Src/usbd_core.c ****     pdev->pClass = NULL;
  46              		.loc 1 108 0
  47 000c 0020     		movs	r0, #0
  48 000e C3F81402 		str	r0, [r3, #532]
  49              	.L3:
 109:Middlewares/ST/STM32_USB_Device_Library/Core/Src/usbd_core.c ****   }
 110:Middlewares/ST/STM32_USB_Device_Library/Core/Src/usbd_core.c ****   
 111:Middlewares/ST/STM32_USB_Device_Library/Core/Src/usbd_core.c ****   /* Assign USBD Descriptors */
 112:Middlewares/ST/STM32_USB_Device_Library/Core/Src/usbd_core.c ****   if(pdesc != NULL)
  50              		.loc 1 112 0
  51 0012 09B1     		cbz	r1, .L4
 113:Middlewares/ST/STM32_USB_Device_Library/Core/Src/usbd_core.c ****   {
 114:Middlewares/ST/STM32_USB_Device_Library/Core/Src/usbd_core.c ****     pdev->pDesc = pdesc;
  52              		.loc 1 114 0
  53 0014 C3F81012 		str	r1, [r3, #528]
  54              	.L4:
  55 0018 1846     		mov	r0, r3
 115:Middlewares/ST/STM32_USB_Device_Library/Core/Src/usbd_core.c ****   }
 116:Middlewares/ST/STM32_USB_Device_Library/Core/Src/usbd_core.c ****   
ARM GAS  /tmp/ccZ4GsIK.s 			page 4


 117:Middlewares/ST/STM32_USB_Device_Library/Core/Src/usbd_core.c ****   /* Set Device initial State */
 118:Middlewares/ST/STM32_USB_Device_Library/Core/Src/usbd_core.c ****   pdev->dev_state  = USBD_STATE_DEFAULT;
  56              		.loc 1 118 0
  57 001a 0123     		movs	r3, #1
  58              	.LVL2:
  59 001c 80F8FC31 		strb	r3, [r0, #508]
 119:Middlewares/ST/STM32_USB_Device_Library/Core/Src/usbd_core.c ****   pdev->id = id;
  60              		.loc 1 119 0
  61 0020 0270     		strb	r2, [r0]
 120:Middlewares/ST/STM32_USB_Device_Library/Core/Src/usbd_core.c ****   /* Initialize low level driver */
 121:Middlewares/ST/STM32_USB_Device_Library/Core/Src/usbd_core.c ****   USBD_LL_Init(pdev);
  62              		.loc 1 121 0
  63 0022 FFF7FEFF 		bl	USBD_LL_Init
  64              	.LVL3:
 122:Middlewares/ST/STM32_USB_Device_Library/Core/Src/usbd_core.c ****   
 123:Middlewares/ST/STM32_USB_Device_Library/Core/Src/usbd_core.c ****   return USBD_OK; 
  65              		.loc 1 123 0
  66 0026 0020     		movs	r0, #0
  67 0028 08BD     		pop	{r3, pc}
  68              	.LVL4:
  69              	.L5:
  70              	.LCFI1:
  71              		.cfi_def_cfa_offset 0
  72              		.cfi_restore 3
  73              		.cfi_restore 14
 102:Middlewares/ST/STM32_USB_Device_Library/Core/Src/usbd_core.c ****   }
  74              		.loc 1 102 0
  75 002a 0220     		movs	r0, #2
  76              	.LVL5:
  77 002c 7047     		bx	lr
  78              		.cfi_endproc
  79              	.LFE64:
  81 002e 00BF     		.section	.text.USBD_DeInit,"ax",%progbits
  82              		.align	2
  83              		.global	USBD_DeInit
  84              		.thumb
  85              		.thumb_func
  87              	USBD_DeInit:
  88              	.LFB65:
 124:Middlewares/ST/STM32_USB_Device_Library/Core/Src/usbd_core.c **** }
 125:Middlewares/ST/STM32_USB_Device_Library/Core/Src/usbd_core.c **** 
 126:Middlewares/ST/STM32_USB_Device_Library/Core/Src/usbd_core.c **** /**
 127:Middlewares/ST/STM32_USB_Device_Library/Core/Src/usbd_core.c **** * @brief  USBD_DeInit 
 128:Middlewares/ST/STM32_USB_Device_Library/Core/Src/usbd_core.c **** *         Re-Initialize th device library
 129:Middlewares/ST/STM32_USB_Device_Library/Core/Src/usbd_core.c **** * @param  pdev: device instance
 130:Middlewares/ST/STM32_USB_Device_Library/Core/Src/usbd_core.c **** * @retval status: status
 131:Middlewares/ST/STM32_USB_Device_Library/Core/Src/usbd_core.c **** */
 132:Middlewares/ST/STM32_USB_Device_Library/Core/Src/usbd_core.c **** USBD_StatusTypeDef USBD_DeInit(USBD_HandleTypeDef *pdev)
 133:Middlewares/ST/STM32_USB_Device_Library/Core/Src/usbd_core.c **** {
  89              		.loc 1 133 0
  90              		.cfi_startproc
  91              		@ args = 0, pretend = 0, frame = 0
  92              		@ frame_needed = 0, uses_anonymous_args = 0
  93              	.LVL6:
  94 0000 10B5     		push	{r4, lr}
  95              	.LCFI2:
  96              		.cfi_def_cfa_offset 8
ARM GAS  /tmp/ccZ4GsIK.s 			page 5


  97              		.cfi_offset 4, -8
  98              		.cfi_offset 14, -4
  99 0002 0446     		mov	r4, r0
 134:Middlewares/ST/STM32_USB_Device_Library/Core/Src/usbd_core.c ****   /* Set Default State */
 135:Middlewares/ST/STM32_USB_Device_Library/Core/Src/usbd_core.c ****   pdev->dev_state  = USBD_STATE_DEFAULT;
 100              		.loc 1 135 0
 101 0004 0123     		movs	r3, #1
 102 0006 80F8FC31 		strb	r3, [r0, #508]
 136:Middlewares/ST/STM32_USB_Device_Library/Core/Src/usbd_core.c ****   
 137:Middlewares/ST/STM32_USB_Device_Library/Core/Src/usbd_core.c ****   /* Free Class Resources */
 138:Middlewares/ST/STM32_USB_Device_Library/Core/Src/usbd_core.c ****   pdev->pClass->DeInit(pdev, pdev->dev_config);  
 103              		.loc 1 138 0
 104 000a D0F81432 		ldr	r3, [r0, #532]
 105 000e 5B68     		ldr	r3, [r3, #4]
 106 0010 0179     		ldrb	r1, [r0, #4]	@ zero_extendqisi2
 107 0012 9847     		blx	r3
 108              	.LVL7:
 139:Middlewares/ST/STM32_USB_Device_Library/Core/Src/usbd_core.c ****   
 140:Middlewares/ST/STM32_USB_Device_Library/Core/Src/usbd_core.c ****     /* Stop the low level driver  */
 141:Middlewares/ST/STM32_USB_Device_Library/Core/Src/usbd_core.c ****   USBD_LL_Stop(pdev); 
 109              		.loc 1 141 0
 110 0014 2046     		mov	r0, r4
 111 0016 FFF7FEFF 		bl	USBD_LL_Stop
 112              	.LVL8:
 142:Middlewares/ST/STM32_USB_Device_Library/Core/Src/usbd_core.c ****   
 143:Middlewares/ST/STM32_USB_Device_Library/Core/Src/usbd_core.c ****   /* Initialize low level driver */
 144:Middlewares/ST/STM32_USB_Device_Library/Core/Src/usbd_core.c ****   USBD_LL_DeInit(pdev);
 113              		.loc 1 144 0
 114 001a 2046     		mov	r0, r4
 115 001c FFF7FEFF 		bl	USBD_LL_DeInit
 116              	.LVL9:
 145:Middlewares/ST/STM32_USB_Device_Library/Core/Src/usbd_core.c ****   
 146:Middlewares/ST/STM32_USB_Device_Library/Core/Src/usbd_core.c ****   return USBD_OK;
 147:Middlewares/ST/STM32_USB_Device_Library/Core/Src/usbd_core.c **** }
 117              		.loc 1 147 0
 118 0020 0020     		movs	r0, #0
 119 0022 10BD     		pop	{r4, pc}
 120              		.cfi_endproc
 121              	.LFE65:
 123              		.section	.text.USBD_RegisterClass,"ax",%progbits
 124              		.align	2
 125              		.global	USBD_RegisterClass
 126              		.thumb
 127              		.thumb_func
 129              	USBD_RegisterClass:
 130              	.LFB66:
 148:Middlewares/ST/STM32_USB_Device_Library/Core/Src/usbd_core.c **** 
 149:Middlewares/ST/STM32_USB_Device_Library/Core/Src/usbd_core.c **** 
 150:Middlewares/ST/STM32_USB_Device_Library/Core/Src/usbd_core.c **** /**
 151:Middlewares/ST/STM32_USB_Device_Library/Core/Src/usbd_core.c ****   * @brief  USBD_RegisterClass 
 152:Middlewares/ST/STM32_USB_Device_Library/Core/Src/usbd_core.c ****   *         Link class driver to Device Core.
 153:Middlewares/ST/STM32_USB_Device_Library/Core/Src/usbd_core.c ****   * @param  pDevice : Device Handle
 154:Middlewares/ST/STM32_USB_Device_Library/Core/Src/usbd_core.c ****   * @param  pclass: Class handle
 155:Middlewares/ST/STM32_USB_Device_Library/Core/Src/usbd_core.c ****   * @retval USBD Status
 156:Middlewares/ST/STM32_USB_Device_Library/Core/Src/usbd_core.c ****   */
 157:Middlewares/ST/STM32_USB_Device_Library/Core/Src/usbd_core.c **** USBD_StatusTypeDef  USBD_RegisterClass(USBD_HandleTypeDef *pdev, USBD_ClassTypeDef *pclass)
 158:Middlewares/ST/STM32_USB_Device_Library/Core/Src/usbd_core.c **** {
ARM GAS  /tmp/ccZ4GsIK.s 			page 6


 131              		.loc 1 158 0
 132              		.cfi_startproc
 133              		@ args = 0, pretend = 0, frame = 0
 134              		@ frame_needed = 0, uses_anonymous_args = 0
 135              		@ link register save eliminated.
 136              	.LVL10:
 159:Middlewares/ST/STM32_USB_Device_Library/Core/Src/usbd_core.c ****   USBD_StatusTypeDef   status = USBD_OK;
 160:Middlewares/ST/STM32_USB_Device_Library/Core/Src/usbd_core.c ****   if(pclass != 0)
 137              		.loc 1 160 0
 138 0000 19B1     		cbz	r1, .L12
 161:Middlewares/ST/STM32_USB_Device_Library/Core/Src/usbd_core.c ****   {
 162:Middlewares/ST/STM32_USB_Device_Library/Core/Src/usbd_core.c ****     /* link the class to the USB Device handle */
 163:Middlewares/ST/STM32_USB_Device_Library/Core/Src/usbd_core.c ****     pdev->pClass = pclass;
 139              		.loc 1 163 0
 140 0002 C0F81412 		str	r1, [r0, #532]
 164:Middlewares/ST/STM32_USB_Device_Library/Core/Src/usbd_core.c ****     status = USBD_OK;
 141              		.loc 1 164 0
 142 0006 0020     		movs	r0, #0
 143              	.LVL11:
 144 0008 7047     		bx	lr
 145              	.LVL12:
 146              	.L12:
 165:Middlewares/ST/STM32_USB_Device_Library/Core/Src/usbd_core.c ****   }
 166:Middlewares/ST/STM32_USB_Device_Library/Core/Src/usbd_core.c ****   else
 167:Middlewares/ST/STM32_USB_Device_Library/Core/Src/usbd_core.c ****   {
 168:Middlewares/ST/STM32_USB_Device_Library/Core/Src/usbd_core.c ****     USBD_ErrLog("Invalid Class handle");
 169:Middlewares/ST/STM32_USB_Device_Library/Core/Src/usbd_core.c ****     status = USBD_FAIL; 
 147              		.loc 1 169 0
 148 000a 0220     		movs	r0, #2
 149              	.LVL13:
 170:Middlewares/ST/STM32_USB_Device_Library/Core/Src/usbd_core.c ****   }
 171:Middlewares/ST/STM32_USB_Device_Library/Core/Src/usbd_core.c ****   
 172:Middlewares/ST/STM32_USB_Device_Library/Core/Src/usbd_core.c ****   return status;
 173:Middlewares/ST/STM32_USB_Device_Library/Core/Src/usbd_core.c **** }
 150              		.loc 1 173 0
 151 000c 7047     		bx	lr
 152              		.cfi_endproc
 153              	.LFE66:
 155 000e 00BF     		.section	.text.USBD_Start,"ax",%progbits
 156              		.align	2
 157              		.global	USBD_Start
 158              		.thumb
 159              		.thumb_func
 161              	USBD_Start:
 162              	.LFB67:
 174:Middlewares/ST/STM32_USB_Device_Library/Core/Src/usbd_core.c **** 
 175:Middlewares/ST/STM32_USB_Device_Library/Core/Src/usbd_core.c **** /**
 176:Middlewares/ST/STM32_USB_Device_Library/Core/Src/usbd_core.c ****   * @brief  USBD_Start 
 177:Middlewares/ST/STM32_USB_Device_Library/Core/Src/usbd_core.c ****   *         Start the USB Device Core.
 178:Middlewares/ST/STM32_USB_Device_Library/Core/Src/usbd_core.c ****   * @param  pdev: Device Handle
 179:Middlewares/ST/STM32_USB_Device_Library/Core/Src/usbd_core.c ****   * @retval USBD Status
 180:Middlewares/ST/STM32_USB_Device_Library/Core/Src/usbd_core.c ****   */
 181:Middlewares/ST/STM32_USB_Device_Library/Core/Src/usbd_core.c **** USBD_StatusTypeDef  USBD_Start  (USBD_HandleTypeDef *pdev)
 182:Middlewares/ST/STM32_USB_Device_Library/Core/Src/usbd_core.c **** {
 163              		.loc 1 182 0
 164              		.cfi_startproc
 165              		@ args = 0, pretend = 0, frame = 0
ARM GAS  /tmp/ccZ4GsIK.s 			page 7


 166              		@ frame_needed = 0, uses_anonymous_args = 0
 167              	.LVL14:
 168 0000 08B5     		push	{r3, lr}
 169              	.LCFI3:
 170              		.cfi_def_cfa_offset 8
 171              		.cfi_offset 3, -8
 172              		.cfi_offset 14, -4
 183:Middlewares/ST/STM32_USB_Device_Library/Core/Src/usbd_core.c ****   
 184:Middlewares/ST/STM32_USB_Device_Library/Core/Src/usbd_core.c ****   /* Start the low level driver  */
 185:Middlewares/ST/STM32_USB_Device_Library/Core/Src/usbd_core.c ****   USBD_LL_Start(pdev); 
 173              		.loc 1 185 0
 174 0002 FFF7FEFF 		bl	USBD_LL_Start
 175              	.LVL15:
 186:Middlewares/ST/STM32_USB_Device_Library/Core/Src/usbd_core.c ****   
 187:Middlewares/ST/STM32_USB_Device_Library/Core/Src/usbd_core.c ****   return USBD_OK;  
 188:Middlewares/ST/STM32_USB_Device_Library/Core/Src/usbd_core.c **** }
 176              		.loc 1 188 0
 177 0006 0020     		movs	r0, #0
 178 0008 08BD     		pop	{r3, pc}
 179              		.cfi_endproc
 180              	.LFE67:
 182 000a 00BF     		.section	.text.USBD_Stop,"ax",%progbits
 183              		.align	2
 184              		.global	USBD_Stop
 185              		.thumb
 186              		.thumb_func
 188              	USBD_Stop:
 189              	.LFB68:
 189:Middlewares/ST/STM32_USB_Device_Library/Core/Src/usbd_core.c **** 
 190:Middlewares/ST/STM32_USB_Device_Library/Core/Src/usbd_core.c **** /**
 191:Middlewares/ST/STM32_USB_Device_Library/Core/Src/usbd_core.c ****   * @brief  USBD_Stop 
 192:Middlewares/ST/STM32_USB_Device_Library/Core/Src/usbd_core.c ****   *         Stop the USB Device Core.
 193:Middlewares/ST/STM32_USB_Device_Library/Core/Src/usbd_core.c ****   * @param  pdev: Device Handle
 194:Middlewares/ST/STM32_USB_Device_Library/Core/Src/usbd_core.c ****   * @retval USBD Status
 195:Middlewares/ST/STM32_USB_Device_Library/Core/Src/usbd_core.c ****   */
 196:Middlewares/ST/STM32_USB_Device_Library/Core/Src/usbd_core.c **** USBD_StatusTypeDef  USBD_Stop   (USBD_HandleTypeDef *pdev)
 197:Middlewares/ST/STM32_USB_Device_Library/Core/Src/usbd_core.c **** {
 190              		.loc 1 197 0
 191              		.cfi_startproc
 192              		@ args = 0, pretend = 0, frame = 0
 193              		@ frame_needed = 0, uses_anonymous_args = 0
 194              	.LVL16:
 195 0000 10B5     		push	{r4, lr}
 196              	.LCFI4:
 197              		.cfi_def_cfa_offset 8
 198              		.cfi_offset 4, -8
 199              		.cfi_offset 14, -4
 200 0002 0446     		mov	r4, r0
 198:Middlewares/ST/STM32_USB_Device_Library/Core/Src/usbd_core.c ****   /* Free Class Resources */
 199:Middlewares/ST/STM32_USB_Device_Library/Core/Src/usbd_core.c ****   pdev->pClass->DeInit(pdev, pdev->dev_config);  
 201              		.loc 1 199 0
 202 0004 D0F81432 		ldr	r3, [r0, #532]
 203 0008 5B68     		ldr	r3, [r3, #4]
 204 000a 0179     		ldrb	r1, [r0, #4]	@ zero_extendqisi2
 205 000c 9847     		blx	r3
 206              	.LVL17:
 200:Middlewares/ST/STM32_USB_Device_Library/Core/Src/usbd_core.c **** 
ARM GAS  /tmp/ccZ4GsIK.s 			page 8


 201:Middlewares/ST/STM32_USB_Device_Library/Core/Src/usbd_core.c ****   /* Stop the low level driver  */
 202:Middlewares/ST/STM32_USB_Device_Library/Core/Src/usbd_core.c ****   USBD_LL_Stop(pdev); 
 207              		.loc 1 202 0
 208 000e 2046     		mov	r0, r4
 209 0010 FFF7FEFF 		bl	USBD_LL_Stop
 210              	.LVL18:
 203:Middlewares/ST/STM32_USB_Device_Library/Core/Src/usbd_core.c ****   
 204:Middlewares/ST/STM32_USB_Device_Library/Core/Src/usbd_core.c ****   return USBD_OK;  
 205:Middlewares/ST/STM32_USB_Device_Library/Core/Src/usbd_core.c **** }
 211              		.loc 1 205 0
 212 0014 0020     		movs	r0, #0
 213 0016 10BD     		pop	{r4, pc}
 214              		.cfi_endproc
 215              	.LFE68:
 217              		.section	.text.USBD_RunTestMode,"ax",%progbits
 218              		.align	2
 219              		.global	USBD_RunTestMode
 220              		.thumb
 221              		.thumb_func
 223              	USBD_RunTestMode:
 224              	.LFB69:
 206:Middlewares/ST/STM32_USB_Device_Library/Core/Src/usbd_core.c **** 
 207:Middlewares/ST/STM32_USB_Device_Library/Core/Src/usbd_core.c **** /**
 208:Middlewares/ST/STM32_USB_Device_Library/Core/Src/usbd_core.c **** * @brief  USBD_RunTestMode 
 209:Middlewares/ST/STM32_USB_Device_Library/Core/Src/usbd_core.c **** *         Launch test mode process
 210:Middlewares/ST/STM32_USB_Device_Library/Core/Src/usbd_core.c **** * @param  pdev: device instance
 211:Middlewares/ST/STM32_USB_Device_Library/Core/Src/usbd_core.c **** * @retval status
 212:Middlewares/ST/STM32_USB_Device_Library/Core/Src/usbd_core.c **** */
 213:Middlewares/ST/STM32_USB_Device_Library/Core/Src/usbd_core.c **** USBD_StatusTypeDef  USBD_RunTestMode (USBD_HandleTypeDef  *pdev) 
 214:Middlewares/ST/STM32_USB_Device_Library/Core/Src/usbd_core.c **** {
 225              		.loc 1 214 0
 226              		.cfi_startproc
 227              		@ args = 0, pretend = 0, frame = 0
 228              		@ frame_needed = 0, uses_anonymous_args = 0
 229              		@ link register save eliminated.
 230              	.LVL19:
 215:Middlewares/ST/STM32_USB_Device_Library/Core/Src/usbd_core.c ****   return USBD_OK;
 216:Middlewares/ST/STM32_USB_Device_Library/Core/Src/usbd_core.c **** }
 231              		.loc 1 216 0
 232 0000 0020     		movs	r0, #0
 233              	.LVL20:
 234 0002 7047     		bx	lr
 235              		.cfi_endproc
 236              	.LFE69:
 238              		.section	.text.USBD_SetClassConfig,"ax",%progbits
 239              		.align	2
 240              		.global	USBD_SetClassConfig
 241              		.thumb
 242              		.thumb_func
 244              	USBD_SetClassConfig:
 245              	.LFB70:
 217:Middlewares/ST/STM32_USB_Device_Library/Core/Src/usbd_core.c **** 
 218:Middlewares/ST/STM32_USB_Device_Library/Core/Src/usbd_core.c **** 
 219:Middlewares/ST/STM32_USB_Device_Library/Core/Src/usbd_core.c **** /**
 220:Middlewares/ST/STM32_USB_Device_Library/Core/Src/usbd_core.c **** * @brief  USBD_SetClassConfig 
 221:Middlewares/ST/STM32_USB_Device_Library/Core/Src/usbd_core.c **** *        Configure device and start the interface
 222:Middlewares/ST/STM32_USB_Device_Library/Core/Src/usbd_core.c **** * @param  pdev: device instance
ARM GAS  /tmp/ccZ4GsIK.s 			page 9


 223:Middlewares/ST/STM32_USB_Device_Library/Core/Src/usbd_core.c **** * @param  cfgidx: configuration index
 224:Middlewares/ST/STM32_USB_Device_Library/Core/Src/usbd_core.c **** * @retval status
 225:Middlewares/ST/STM32_USB_Device_Library/Core/Src/usbd_core.c **** */
 226:Middlewares/ST/STM32_USB_Device_Library/Core/Src/usbd_core.c **** 
 227:Middlewares/ST/STM32_USB_Device_Library/Core/Src/usbd_core.c **** USBD_StatusTypeDef USBD_SetClassConfig(USBD_HandleTypeDef  *pdev, uint8_t cfgidx)
 228:Middlewares/ST/STM32_USB_Device_Library/Core/Src/usbd_core.c **** {
 246              		.loc 1 228 0
 247              		.cfi_startproc
 248              		@ args = 0, pretend = 0, frame = 0
 249              		@ frame_needed = 0, uses_anonymous_args = 0
 250              	.LVL21:
 251 0000 08B5     		push	{r3, lr}
 252              	.LCFI5:
 253              		.cfi_def_cfa_offset 8
 254              		.cfi_offset 3, -8
 255              		.cfi_offset 14, -4
 256              	.LVL22:
 229:Middlewares/ST/STM32_USB_Device_Library/Core/Src/usbd_core.c ****   USBD_StatusTypeDef   ret = USBD_FAIL;
 230:Middlewares/ST/STM32_USB_Device_Library/Core/Src/usbd_core.c ****   
 231:Middlewares/ST/STM32_USB_Device_Library/Core/Src/usbd_core.c ****   if(pdev->pClass != NULL)
 257              		.loc 1 231 0
 258 0002 D0F81432 		ldr	r3, [r0, #532]
 259 0006 23B1     		cbz	r3, .L20
 232:Middlewares/ST/STM32_USB_Device_Library/Core/Src/usbd_core.c ****   {
 233:Middlewares/ST/STM32_USB_Device_Library/Core/Src/usbd_core.c ****     /* Set configuration  and Start the Class*/
 234:Middlewares/ST/STM32_USB_Device_Library/Core/Src/usbd_core.c ****     if(pdev->pClass->Init(pdev, cfgidx) == 0)
 260              		.loc 1 234 0
 261 0008 1B68     		ldr	r3, [r3]
 262 000a 9847     		blx	r3
 263              	.LVL23:
 264 000c 18B1     		cbz	r0, .L21
 229:Middlewares/ST/STM32_USB_Device_Library/Core/Src/usbd_core.c ****   USBD_StatusTypeDef   ret = USBD_FAIL;
 265              		.loc 1 229 0
 266 000e 0220     		movs	r0, #2
 267 0010 08BD     		pop	{r3, pc}
 268              	.LVL24:
 269              	.L20:
 270 0012 0220     		movs	r0, #2
 271              	.LVL25:
 272 0014 08BD     		pop	{r3, pc}
 273              	.LVL26:
 274              	.L21:
 235:Middlewares/ST/STM32_USB_Device_Library/Core/Src/usbd_core.c ****     {
 236:Middlewares/ST/STM32_USB_Device_Library/Core/Src/usbd_core.c ****       ret = USBD_OK;
 275              		.loc 1 236 0
 276 0016 0020     		movs	r0, #0
 277              	.LVL27:
 237:Middlewares/ST/STM32_USB_Device_Library/Core/Src/usbd_core.c ****     }
 238:Middlewares/ST/STM32_USB_Device_Library/Core/Src/usbd_core.c ****   }
 239:Middlewares/ST/STM32_USB_Device_Library/Core/Src/usbd_core.c ****   return ret; 
 240:Middlewares/ST/STM32_USB_Device_Library/Core/Src/usbd_core.c **** }
 278              		.loc 1 240 0
 279 0018 08BD     		pop	{r3, pc}
 280              		.cfi_endproc
 281              	.LFE70:
 283 001a 00BF     		.section	.text.USBD_ClrClassConfig,"ax",%progbits
 284              		.align	2
ARM GAS  /tmp/ccZ4GsIK.s 			page 10


 285              		.global	USBD_ClrClassConfig
 286              		.thumb
 287              		.thumb_func
 289              	USBD_ClrClassConfig:
 290              	.LFB71:
 241:Middlewares/ST/STM32_USB_Device_Library/Core/Src/usbd_core.c **** 
 242:Middlewares/ST/STM32_USB_Device_Library/Core/Src/usbd_core.c **** /**
 243:Middlewares/ST/STM32_USB_Device_Library/Core/Src/usbd_core.c **** * @brief  USBD_ClrClassConfig 
 244:Middlewares/ST/STM32_USB_Device_Library/Core/Src/usbd_core.c **** *         Clear current configuration
 245:Middlewares/ST/STM32_USB_Device_Library/Core/Src/usbd_core.c **** * @param  pdev: device instance
 246:Middlewares/ST/STM32_USB_Device_Library/Core/Src/usbd_core.c **** * @param  cfgidx: configuration index
 247:Middlewares/ST/STM32_USB_Device_Library/Core/Src/usbd_core.c **** * @retval status: USBD_StatusTypeDef
 248:Middlewares/ST/STM32_USB_Device_Library/Core/Src/usbd_core.c **** */
 249:Middlewares/ST/STM32_USB_Device_Library/Core/Src/usbd_core.c **** USBD_StatusTypeDef USBD_ClrClassConfig(USBD_HandleTypeDef  *pdev, uint8_t cfgidx)
 250:Middlewares/ST/STM32_USB_Device_Library/Core/Src/usbd_core.c **** {
 291              		.loc 1 250 0
 292              		.cfi_startproc
 293              		@ args = 0, pretend = 0, frame = 0
 294              		@ frame_needed = 0, uses_anonymous_args = 0
 295              	.LVL28:
 296 0000 08B5     		push	{r3, lr}
 297              	.LCFI6:
 298              		.cfi_def_cfa_offset 8
 299              		.cfi_offset 3, -8
 300              		.cfi_offset 14, -4
 251:Middlewares/ST/STM32_USB_Device_Library/Core/Src/usbd_core.c ****   /* Clear configuration  and De-initialize the Class process*/
 252:Middlewares/ST/STM32_USB_Device_Library/Core/Src/usbd_core.c ****   pdev->pClass->DeInit(pdev, cfgidx);  
 301              		.loc 1 252 0
 302 0002 D0F81432 		ldr	r3, [r0, #532]
 303 0006 5B68     		ldr	r3, [r3, #4]
 304 0008 9847     		blx	r3
 305              	.LVL29:
 253:Middlewares/ST/STM32_USB_Device_Library/Core/Src/usbd_core.c ****   return USBD_OK;
 254:Middlewares/ST/STM32_USB_Device_Library/Core/Src/usbd_core.c **** }
 306              		.loc 1 254 0
 307 000a 0020     		movs	r0, #0
 308 000c 08BD     		pop	{r3, pc}
 309              		.cfi_endproc
 310              	.LFE71:
 312 000e 00BF     		.section	.text.USBD_LL_SetupStage,"ax",%progbits
 313              		.align	2
 314              		.global	USBD_LL_SetupStage
 315              		.thumb
 316              		.thumb_func
 318              	USBD_LL_SetupStage:
 319              	.LFB72:
 255:Middlewares/ST/STM32_USB_Device_Library/Core/Src/usbd_core.c **** 
 256:Middlewares/ST/STM32_USB_Device_Library/Core/Src/usbd_core.c **** 
 257:Middlewares/ST/STM32_USB_Device_Library/Core/Src/usbd_core.c **** /**
 258:Middlewares/ST/STM32_USB_Device_Library/Core/Src/usbd_core.c **** * @brief  USBD_SetupStage 
 259:Middlewares/ST/STM32_USB_Device_Library/Core/Src/usbd_core.c **** *         Handle the setup stage
 260:Middlewares/ST/STM32_USB_Device_Library/Core/Src/usbd_core.c **** * @param  pdev: device instance
 261:Middlewares/ST/STM32_USB_Device_Library/Core/Src/usbd_core.c **** * @retval status
 262:Middlewares/ST/STM32_USB_Device_Library/Core/Src/usbd_core.c **** */
 263:Middlewares/ST/STM32_USB_Device_Library/Core/Src/usbd_core.c **** USBD_StatusTypeDef USBD_LL_SetupStage(USBD_HandleTypeDef *pdev, uint8_t *psetup)
 264:Middlewares/ST/STM32_USB_Device_Library/Core/Src/usbd_core.c **** {
 320              		.loc 1 264 0
ARM GAS  /tmp/ccZ4GsIK.s 			page 11


 321              		.cfi_startproc
 322              		@ args = 0, pretend = 0, frame = 0
 323              		@ frame_needed = 0, uses_anonymous_args = 0
 324              	.LVL30:
 325 0000 38B5     		push	{r3, r4, r5, lr}
 326              	.LCFI7:
 327              		.cfi_def_cfa_offset 16
 328              		.cfi_offset 3, -16
 329              		.cfi_offset 4, -12
 330              		.cfi_offset 5, -8
 331              		.cfi_offset 14, -4
 332 0002 0446     		mov	r4, r0
 265:Middlewares/ST/STM32_USB_Device_Library/Core/Src/usbd_core.c **** 
 266:Middlewares/ST/STM32_USB_Device_Library/Core/Src/usbd_core.c ****   USBD_ParseSetupRequest(&pdev->request, psetup);
 333              		.loc 1 266 0
 334 0004 00F50275 		add	r5, r0, #520
 335 0008 2846     		mov	r0, r5
 336              	.LVL31:
 337 000a FFF7FEFF 		bl	USBD_ParseSetupRequest
 338              	.LVL32:
 267:Middlewares/ST/STM32_USB_Device_Library/Core/Src/usbd_core.c ****   
 268:Middlewares/ST/STM32_USB_Device_Library/Core/Src/usbd_core.c ****   pdev->ep0_state = USBD_EP0_SETUP;
 339              		.loc 1 268 0
 340 000e 0123     		movs	r3, #1
 341 0010 C4F8F431 		str	r3, [r4, #500]
 269:Middlewares/ST/STM32_USB_Device_Library/Core/Src/usbd_core.c ****   pdev->ep0_data_len = pdev->request.wLength;
 342              		.loc 1 269 0
 343 0014 B4F80E32 		ldrh	r3, [r4, #526]
 344 0018 C4F8F831 		str	r3, [r4, #504]
 270:Middlewares/ST/STM32_USB_Device_Library/Core/Src/usbd_core.c ****   
 271:Middlewares/ST/STM32_USB_Device_Library/Core/Src/usbd_core.c ****   switch (pdev->request.bmRequest & 0x1F) 
 345              		.loc 1 271 0
 346 001c 94F80812 		ldrb	r1, [r4, #520]	@ zero_extendqisi2
 347 0020 01F01F03 		and	r3, r1, #31
 348 0024 012B     		cmp	r3, #1
 349 0026 08D0     		beq	.L27
 350 0028 13B1     		cbz	r3, .L28
 351 002a 022B     		cmp	r3, #2
 352 002c 0AD0     		beq	.L29
 353 002e 0EE0     		b	.L31
 354              	.L28:
 272:Middlewares/ST/STM32_USB_Device_Library/Core/Src/usbd_core.c ****   {
 273:Middlewares/ST/STM32_USB_Device_Library/Core/Src/usbd_core.c ****   case USB_REQ_RECIPIENT_DEVICE:   
 274:Middlewares/ST/STM32_USB_Device_Library/Core/Src/usbd_core.c ****     USBD_StdDevReq (pdev, &pdev->request);
 355              		.loc 1 274 0
 356 0030 2946     		mov	r1, r5
 357 0032 2046     		mov	r0, r4
 358 0034 FFF7FEFF 		bl	USBD_StdDevReq
 359              	.LVL33:
 275:Middlewares/ST/STM32_USB_Device_Library/Core/Src/usbd_core.c ****     break;
 360              		.loc 1 275 0
 361 0038 0EE0     		b	.L30
 362              	.L27:
 276:Middlewares/ST/STM32_USB_Device_Library/Core/Src/usbd_core.c ****     
 277:Middlewares/ST/STM32_USB_Device_Library/Core/Src/usbd_core.c ****   case USB_REQ_RECIPIENT_INTERFACE:     
 278:Middlewares/ST/STM32_USB_Device_Library/Core/Src/usbd_core.c ****     USBD_StdItfReq(pdev, &pdev->request);
 363              		.loc 1 278 0
ARM GAS  /tmp/ccZ4GsIK.s 			page 12


 364 003a 2946     		mov	r1, r5
 365 003c 2046     		mov	r0, r4
 366 003e FFF7FEFF 		bl	USBD_StdItfReq
 367              	.LVL34:
 279:Middlewares/ST/STM32_USB_Device_Library/Core/Src/usbd_core.c ****     break;
 368              		.loc 1 279 0
 369 0042 09E0     		b	.L30
 370              	.L29:
 280:Middlewares/ST/STM32_USB_Device_Library/Core/Src/usbd_core.c ****     
 281:Middlewares/ST/STM32_USB_Device_Library/Core/Src/usbd_core.c ****   case USB_REQ_RECIPIENT_ENDPOINT:        
 282:Middlewares/ST/STM32_USB_Device_Library/Core/Src/usbd_core.c ****     USBD_StdEPReq(pdev, &pdev->request);   
 371              		.loc 1 282 0
 372 0044 2946     		mov	r1, r5
 373 0046 2046     		mov	r0, r4
 374 0048 FFF7FEFF 		bl	USBD_StdEPReq
 375              	.LVL35:
 283:Middlewares/ST/STM32_USB_Device_Library/Core/Src/usbd_core.c ****     break;
 376              		.loc 1 283 0
 377 004c 04E0     		b	.L30
 378              	.L31:
 284:Middlewares/ST/STM32_USB_Device_Library/Core/Src/usbd_core.c ****     
 285:Middlewares/ST/STM32_USB_Device_Library/Core/Src/usbd_core.c ****   default:           
 286:Middlewares/ST/STM32_USB_Device_Library/Core/Src/usbd_core.c ****     USBD_LL_StallEP(pdev , pdev->request.bmRequest & 0x80);
 379              		.loc 1 286 0
 380 004e 01F08001 		and	r1, r1, #128
 381 0052 2046     		mov	r0, r4
 382 0054 FFF7FEFF 		bl	USBD_LL_StallEP
 383              	.LVL36:
 384              	.L30:
 287:Middlewares/ST/STM32_USB_Device_Library/Core/Src/usbd_core.c ****     break;
 288:Middlewares/ST/STM32_USB_Device_Library/Core/Src/usbd_core.c ****   }  
 289:Middlewares/ST/STM32_USB_Device_Library/Core/Src/usbd_core.c ****   return USBD_OK;  
 290:Middlewares/ST/STM32_USB_Device_Library/Core/Src/usbd_core.c **** }
 385              		.loc 1 290 0
 386 0058 0020     		movs	r0, #0
 387 005a 38BD     		pop	{r3, r4, r5, pc}
 388              		.cfi_endproc
 389              	.LFE72:
 391              		.section	.text.USBD_LL_DataOutStage,"ax",%progbits
 392              		.align	2
 393              		.global	USBD_LL_DataOutStage
 394              		.thumb
 395              		.thumb_func
 397              	USBD_LL_DataOutStage:
 398              	.LFB73:
 291:Middlewares/ST/STM32_USB_Device_Library/Core/Src/usbd_core.c **** 
 292:Middlewares/ST/STM32_USB_Device_Library/Core/Src/usbd_core.c **** /**
 293:Middlewares/ST/STM32_USB_Device_Library/Core/Src/usbd_core.c **** * @brief  USBD_DataOutStage 
 294:Middlewares/ST/STM32_USB_Device_Library/Core/Src/usbd_core.c **** *         Handle data OUT stage
 295:Middlewares/ST/STM32_USB_Device_Library/Core/Src/usbd_core.c **** * @param  pdev: device instance
 296:Middlewares/ST/STM32_USB_Device_Library/Core/Src/usbd_core.c **** * @param  epnum: endpoint index
 297:Middlewares/ST/STM32_USB_Device_Library/Core/Src/usbd_core.c **** * @retval status
 298:Middlewares/ST/STM32_USB_Device_Library/Core/Src/usbd_core.c **** */
 299:Middlewares/ST/STM32_USB_Device_Library/Core/Src/usbd_core.c **** USBD_StatusTypeDef USBD_LL_DataOutStage(USBD_HandleTypeDef *pdev , uint8_t epnum, uint8_t *pdata)
 300:Middlewares/ST/STM32_USB_Device_Library/Core/Src/usbd_core.c **** {
 399              		.loc 1 300 0
 400              		.cfi_startproc
ARM GAS  /tmp/ccZ4GsIK.s 			page 13


 401              		@ args = 0, pretend = 0, frame = 0
 402              		@ frame_needed = 0, uses_anonymous_args = 0
 403              	.LVL37:
 404 0000 10B5     		push	{r4, lr}
 405              	.LCFI8:
 406              		.cfi_def_cfa_offset 8
 407              		.cfi_offset 4, -8
 408              		.cfi_offset 14, -4
 409 0002 0446     		mov	r4, r0
 301:Middlewares/ST/STM32_USB_Device_Library/Core/Src/usbd_core.c ****   USBD_EndpointTypeDef    *pep;
 302:Middlewares/ST/STM32_USB_Device_Library/Core/Src/usbd_core.c ****   
 303:Middlewares/ST/STM32_USB_Device_Library/Core/Src/usbd_core.c ****   if(epnum == 0) 
 410              		.loc 1 303 0
 411 0004 11BB     		cbnz	r1, .L34
 412 0006 1346     		mov	r3, r2
 413              	.LVL38:
 304:Middlewares/ST/STM32_USB_Device_Library/Core/Src/usbd_core.c ****   {
 305:Middlewares/ST/STM32_USB_Device_Library/Core/Src/usbd_core.c ****     pep = &pdev->ep_out[0];
 306:Middlewares/ST/STM32_USB_Device_Library/Core/Src/usbd_core.c ****     
 307:Middlewares/ST/STM32_USB_Device_Library/Core/Src/usbd_core.c ****     if ( pdev->ep0_state == USBD_EP0_DATA_OUT)
 414              		.loc 1 307 0
 415 0008 D0F8F421 		ldr	r2, [r0, #500]
 416              	.LVL39:
 417 000c 032A     		cmp	r2, #3
 418 000e 28D1     		bne	.L35
 308:Middlewares/ST/STM32_USB_Device_Library/Core/Src/usbd_core.c ****     {
 309:Middlewares/ST/STM32_USB_Device_Library/Core/Src/usbd_core.c ****       if(pep->rem_length > pep->maxpacket)
 419              		.loc 1 309 0
 420 0010 D0F80C11 		ldr	r1, [r0, #268]
 421              	.LVL40:
 422 0014 D0F81021 		ldr	r2, [r0, #272]
 423 0018 9142     		cmp	r1, r2
 424 001a 0AD9     		bls	.L36
 310:Middlewares/ST/STM32_USB_Device_Library/Core/Src/usbd_core.c ****       {
 311:Middlewares/ST/STM32_USB_Device_Library/Core/Src/usbd_core.c ****         pep->rem_length -=  pep->maxpacket;
 425              		.loc 1 311 0
 426 001c 891A     		subs	r1, r1, r2
 427 001e C0F80C11 		str	r1, [r0, #268]
 312:Middlewares/ST/STM32_USB_Device_Library/Core/Src/usbd_core.c ****        
 313:Middlewares/ST/STM32_USB_Device_Library/Core/Src/usbd_core.c ****         USBD_CtlContinueRx (pdev, 
 314:Middlewares/ST/STM32_USB_Device_Library/Core/Src/usbd_core.c ****                             pdata,
 315:Middlewares/ST/STM32_USB_Device_Library/Core/Src/usbd_core.c ****                             MIN(pep->rem_length ,pep->maxpacket));
 428              		.loc 1 315 0
 429 0022 8A42     		cmp	r2, r1
 430 0024 28BF     		it	cs
 431 0026 0A46     		movcs	r2, r1
 313:Middlewares/ST/STM32_USB_Device_Library/Core/Src/usbd_core.c ****                             pdata,
 432              		.loc 1 313 0
 433 0028 92B2     		uxth	r2, r2
 434 002a 1946     		mov	r1, r3
 435 002c FFF7FEFF 		bl	USBD_CtlContinueRx
 436              	.LVL41:
 437 0030 17E0     		b	.L35
 438              	.LVL42:
 439              	.L36:
 316:Middlewares/ST/STM32_USB_Device_Library/Core/Src/usbd_core.c ****       }
 317:Middlewares/ST/STM32_USB_Device_Library/Core/Src/usbd_core.c ****       else
ARM GAS  /tmp/ccZ4GsIK.s 			page 14


 318:Middlewares/ST/STM32_USB_Device_Library/Core/Src/usbd_core.c ****       {
 319:Middlewares/ST/STM32_USB_Device_Library/Core/Src/usbd_core.c ****         if((pdev->pClass->EP0_RxReady != NULL)&&
 440              		.loc 1 319 0
 441 0032 D0F81432 		ldr	r3, [r0, #532]
 442              	.LVL43:
 443 0036 1B69     		ldr	r3, [r3, #16]
 444 0038 23B1     		cbz	r3, .L37
 320:Middlewares/ST/STM32_USB_Device_Library/Core/Src/usbd_core.c ****            (pdev->dev_state == USBD_STATE_CONFIGURED))
 445              		.loc 1 320 0 discriminator 1
 446 003a 90F8FC21 		ldrb	r2, [r0, #508]	@ zero_extendqisi2
 319:Middlewares/ST/STM32_USB_Device_Library/Core/Src/usbd_core.c ****            (pdev->dev_state == USBD_STATE_CONFIGURED))
 447              		.loc 1 319 0 discriminator 1
 448 003e 032A     		cmp	r2, #3
 449 0040 00D1     		bne	.L37
 321:Middlewares/ST/STM32_USB_Device_Library/Core/Src/usbd_core.c ****         {
 322:Middlewares/ST/STM32_USB_Device_Library/Core/Src/usbd_core.c ****           pdev->pClass->EP0_RxReady(pdev); 
 450              		.loc 1 322 0
 451 0042 9847     		blx	r3
 452              	.LVL44:
 453              	.L37:
 323:Middlewares/ST/STM32_USB_Device_Library/Core/Src/usbd_core.c ****         }
 324:Middlewares/ST/STM32_USB_Device_Library/Core/Src/usbd_core.c ****         USBD_CtlSendStatus(pdev);
 454              		.loc 1 324 0
 455 0044 2046     		mov	r0, r4
 456 0046 FFF7FEFF 		bl	USBD_CtlSendStatus
 457              	.LVL45:
 458 004a 0AE0     		b	.L35
 459              	.LVL46:
 460              	.L34:
 461 004c 0A46     		mov	r2, r1
 462              	.LVL47:
 325:Middlewares/ST/STM32_USB_Device_Library/Core/Src/usbd_core.c ****       }
 326:Middlewares/ST/STM32_USB_Device_Library/Core/Src/usbd_core.c ****     }
 327:Middlewares/ST/STM32_USB_Device_Library/Core/Src/usbd_core.c ****   }
 328:Middlewares/ST/STM32_USB_Device_Library/Core/Src/usbd_core.c ****   else if((pdev->pClass->DataOut != NULL)&&
 463              		.loc 1 328 0
 464 004e D0F81432 		ldr	r3, [r0, #532]
 465 0052 9B69     		ldr	r3, [r3, #24]
 466 0054 2BB1     		cbz	r3, .L35
 329:Middlewares/ST/STM32_USB_Device_Library/Core/Src/usbd_core.c ****           (pdev->dev_state == USBD_STATE_CONFIGURED))
 467              		.loc 1 329 0 discriminator 1
 468 0056 90F8FC11 		ldrb	r1, [r0, #508]	@ zero_extendqisi2
 469              	.LVL48:
 328:Middlewares/ST/STM32_USB_Device_Library/Core/Src/usbd_core.c ****           (pdev->dev_state == USBD_STATE_CONFIGURED))
 470              		.loc 1 328 0 discriminator 1
 471 005a 0329     		cmp	r1, #3
 472 005c 01D1     		bne	.L35
 330:Middlewares/ST/STM32_USB_Device_Library/Core/Src/usbd_core.c ****   {
 331:Middlewares/ST/STM32_USB_Device_Library/Core/Src/usbd_core.c ****     pdev->pClass->DataOut(pdev, epnum); 
 473              		.loc 1 331 0
 474 005e 1146     		mov	r1, r2
 475 0060 9847     		blx	r3
 476              	.LVL49:
 477              	.L35:
 332:Middlewares/ST/STM32_USB_Device_Library/Core/Src/usbd_core.c ****   }  
 333:Middlewares/ST/STM32_USB_Device_Library/Core/Src/usbd_core.c ****   return USBD_OK;
 334:Middlewares/ST/STM32_USB_Device_Library/Core/Src/usbd_core.c **** }
ARM GAS  /tmp/ccZ4GsIK.s 			page 15


 478              		.loc 1 334 0
 479 0062 0020     		movs	r0, #0
 480 0064 10BD     		pop	{r4, pc}
 481              		.cfi_endproc
 482              	.LFE73:
 484 0066 00BF     		.section	.text.USBD_LL_DataInStage,"ax",%progbits
 485              		.align	2
 486              		.global	USBD_LL_DataInStage
 487              		.thumb
 488              		.thumb_func
 490              	USBD_LL_DataInStage:
 491              	.LFB74:
 335:Middlewares/ST/STM32_USB_Device_Library/Core/Src/usbd_core.c **** 
 336:Middlewares/ST/STM32_USB_Device_Library/Core/Src/usbd_core.c **** /**
 337:Middlewares/ST/STM32_USB_Device_Library/Core/Src/usbd_core.c **** * @brief  USBD_DataInStage 
 338:Middlewares/ST/STM32_USB_Device_Library/Core/Src/usbd_core.c **** *         Handle data in stage
 339:Middlewares/ST/STM32_USB_Device_Library/Core/Src/usbd_core.c **** * @param  pdev: device instance
 340:Middlewares/ST/STM32_USB_Device_Library/Core/Src/usbd_core.c **** * @param  epnum: endpoint index
 341:Middlewares/ST/STM32_USB_Device_Library/Core/Src/usbd_core.c **** * @retval status
 342:Middlewares/ST/STM32_USB_Device_Library/Core/Src/usbd_core.c **** */
 343:Middlewares/ST/STM32_USB_Device_Library/Core/Src/usbd_core.c **** USBD_StatusTypeDef USBD_LL_DataInStage(USBD_HandleTypeDef *pdev ,uint8_t epnum, uint8_t *pdata)
 344:Middlewares/ST/STM32_USB_Device_Library/Core/Src/usbd_core.c **** {
 492              		.loc 1 344 0
 493              		.cfi_startproc
 494              		@ args = 0, pretend = 0, frame = 0
 495              		@ frame_needed = 0, uses_anonymous_args = 0
 496              	.LVL50:
 497 0000 10B5     		push	{r4, lr}
 498              	.LCFI9:
 499              		.cfi_def_cfa_offset 8
 500              		.cfi_offset 4, -8
 501              		.cfi_offset 14, -4
 502 0002 0446     		mov	r4, r0
 345:Middlewares/ST/STM32_USB_Device_Library/Core/Src/usbd_core.c ****   USBD_EndpointTypeDef    *pep;
 346:Middlewares/ST/STM32_USB_Device_Library/Core/Src/usbd_core.c ****     
 347:Middlewares/ST/STM32_USB_Device_Library/Core/Src/usbd_core.c ****   if(epnum == 0) 
 503              		.loc 1 347 0
 504 0004 0029     		cmp	r1, #0
 505 0006 43D1     		bne	.L40
 506 0008 1346     		mov	r3, r2
 507              	.LVL51:
 348:Middlewares/ST/STM32_USB_Device_Library/Core/Src/usbd_core.c ****   {
 349:Middlewares/ST/STM32_USB_Device_Library/Core/Src/usbd_core.c ****     pep = &pdev->ep_in[0];
 350:Middlewares/ST/STM32_USB_Device_Library/Core/Src/usbd_core.c ****     
 351:Middlewares/ST/STM32_USB_Device_Library/Core/Src/usbd_core.c ****     if ( pdev->ep0_state == USBD_EP0_DATA_IN)
 508              		.loc 1 351 0
 509 000a D0F8F421 		ldr	r2, [r0, #500]
 510              	.LVL52:
 511 000e 022A     		cmp	r2, #2
 512 0010 36D1     		bne	.L41
 352:Middlewares/ST/STM32_USB_Device_Library/Core/Src/usbd_core.c ****     {
 353:Middlewares/ST/STM32_USB_Device_Library/Core/Src/usbd_core.c ****       if(pep->rem_length > pep->maxpacket)
 513              		.loc 1 353 0
 514 0012 C169     		ldr	r1, [r0, #28]
 515              	.LVL53:
 516 0014 026A     		ldr	r2, [r0, #32]
 517 0016 9142     		cmp	r1, r2
ARM GAS  /tmp/ccZ4GsIK.s 			page 16


 518 0018 0CD9     		bls	.L42
 354:Middlewares/ST/STM32_USB_Device_Library/Core/Src/usbd_core.c ****       {
 355:Middlewares/ST/STM32_USB_Device_Library/Core/Src/usbd_core.c ****         pep->rem_length -=  pep->maxpacket;
 519              		.loc 1 355 0
 520 001a 8A1A     		subs	r2, r1, r2
 521 001c C261     		str	r2, [r0, #28]
 356:Middlewares/ST/STM32_USB_Device_Library/Core/Src/usbd_core.c ****         
 357:Middlewares/ST/STM32_USB_Device_Library/Core/Src/usbd_core.c ****         USBD_CtlContinueSendData (pdev, 
 522              		.loc 1 357 0
 523 001e 92B2     		uxth	r2, r2
 524 0020 1946     		mov	r1, r3
 525 0022 FFF7FEFF 		bl	USBD_CtlContinueSendData
 526              	.LVL54:
 358:Middlewares/ST/STM32_USB_Device_Library/Core/Src/usbd_core.c ****                                   pdata, 
 359:Middlewares/ST/STM32_USB_Device_Library/Core/Src/usbd_core.c ****                                   pep->rem_length);
 360:Middlewares/ST/STM32_USB_Device_Library/Core/Src/usbd_core.c ****         
 361:Middlewares/ST/STM32_USB_Device_Library/Core/Src/usbd_core.c ****         /* Prepare endpoint for premature end of transfer */
 362:Middlewares/ST/STM32_USB_Device_Library/Core/Src/usbd_core.c ****         USBD_LL_PrepareReceive (pdev,
 527              		.loc 1 362 0
 528 0026 0023     		movs	r3, #0
 529 0028 1A46     		mov	r2, r3
 530 002a 1946     		mov	r1, r3
 531 002c 2046     		mov	r0, r4
 532 002e FFF7FEFF 		bl	USBD_LL_PrepareReceive
 533              	.LVL55:
 534 0032 25E0     		b	.L41
 535              	.LVL56:
 536              	.L42:
 363:Middlewares/ST/STM32_USB_Device_Library/Core/Src/usbd_core.c ****                                 0,
 364:Middlewares/ST/STM32_USB_Device_Library/Core/Src/usbd_core.c ****                                 NULL,
 365:Middlewares/ST/STM32_USB_Device_Library/Core/Src/usbd_core.c ****                                 0);  
 366:Middlewares/ST/STM32_USB_Device_Library/Core/Src/usbd_core.c ****       }
 367:Middlewares/ST/STM32_USB_Device_Library/Core/Src/usbd_core.c ****       else
 368:Middlewares/ST/STM32_USB_Device_Library/Core/Src/usbd_core.c ****       { /* last packet is MPS multiple, so send ZLP packet */
 369:Middlewares/ST/STM32_USB_Device_Library/Core/Src/usbd_core.c ****         if((pep->total_length % pep->maxpacket == 0) &&
 537              		.loc 1 369 0
 538 0034 8169     		ldr	r1, [r0, #24]
 539 0036 B1FBF2F3 		udiv	r3, r1, r2
 540              	.LVL57:
 541 003a 02FB1313 		mls	r3, r2, r3, r1
 542 003e 93B9     		cbnz	r3, .L43
 543              		.loc 1 369 0 is_stmt 0 discriminator 1
 544 0040 8A42     		cmp	r2, r1
 545 0042 10D8     		bhi	.L43
 370:Middlewares/ST/STM32_USB_Device_Library/Core/Src/usbd_core.c ****            (pep->total_length >= pep->maxpacket) &&
 371:Middlewares/ST/STM32_USB_Device_Library/Core/Src/usbd_core.c ****              (pep->total_length < pdev->ep0_data_len ))
 546              		.loc 1 371 0 is_stmt 1
 547 0044 D0F8F831 		ldr	r3, [r0, #504]
 370:Middlewares/ST/STM32_USB_Device_Library/Core/Src/usbd_core.c ****            (pep->total_length >= pep->maxpacket) &&
 548              		.loc 1 370 0
 549 0048 9942     		cmp	r1, r3
 550 004a 0CD2     		bcs	.L43
 372:Middlewares/ST/STM32_USB_Device_Library/Core/Src/usbd_core.c ****         {
 373:Middlewares/ST/STM32_USB_Device_Library/Core/Src/usbd_core.c ****           
 374:Middlewares/ST/STM32_USB_Device_Library/Core/Src/usbd_core.c ****           USBD_CtlContinueSendData(pdev , NULL, 0);
 551              		.loc 1 374 0
 552 004c 0022     		movs	r2, #0
ARM GAS  /tmp/ccZ4GsIK.s 			page 17


 553 004e 1146     		mov	r1, r2
 554 0050 FFF7FEFF 		bl	USBD_CtlContinueSendData
 555              	.LVL58:
 375:Middlewares/ST/STM32_USB_Device_Library/Core/Src/usbd_core.c ****           pdev->ep0_data_len = 0;
 556              		.loc 1 375 0
 557 0054 0021     		movs	r1, #0
 558 0056 C4F8F811 		str	r1, [r4, #504]
 376:Middlewares/ST/STM32_USB_Device_Library/Core/Src/usbd_core.c ****           
 377:Middlewares/ST/STM32_USB_Device_Library/Core/Src/usbd_core.c ****         /* Prepare endpoint for premature end of transfer */
 378:Middlewares/ST/STM32_USB_Device_Library/Core/Src/usbd_core.c ****         USBD_LL_PrepareReceive (pdev,
 559              		.loc 1 378 0
 560 005a 0B46     		mov	r3, r1
 561 005c 0A46     		mov	r2, r1
 562 005e 2046     		mov	r0, r4
 563 0060 FFF7FEFF 		bl	USBD_LL_PrepareReceive
 564              	.LVL59:
 565 0064 0CE0     		b	.L41
 566              	.LVL60:
 567              	.L43:
 379:Middlewares/ST/STM32_USB_Device_Library/Core/Src/usbd_core.c ****                                 0,
 380:Middlewares/ST/STM32_USB_Device_Library/Core/Src/usbd_core.c ****                                 NULL,
 381:Middlewares/ST/STM32_USB_Device_Library/Core/Src/usbd_core.c ****                                 0);
 382:Middlewares/ST/STM32_USB_Device_Library/Core/Src/usbd_core.c ****         }
 383:Middlewares/ST/STM32_USB_Device_Library/Core/Src/usbd_core.c ****         else
 384:Middlewares/ST/STM32_USB_Device_Library/Core/Src/usbd_core.c ****         {
 385:Middlewares/ST/STM32_USB_Device_Library/Core/Src/usbd_core.c ****           if((pdev->pClass->EP0_TxSent != NULL)&&
 568              		.loc 1 385 0
 569 0066 D4F81432 		ldr	r3, [r4, #532]
 570 006a DB68     		ldr	r3, [r3, #12]
 571 006c 2BB1     		cbz	r3, .L44
 386:Middlewares/ST/STM32_USB_Device_Library/Core/Src/usbd_core.c ****              (pdev->dev_state == USBD_STATE_CONFIGURED))
 572              		.loc 1 386 0 discriminator 1
 573 006e 94F8FC21 		ldrb	r2, [r4, #508]	@ zero_extendqisi2
 385:Middlewares/ST/STM32_USB_Device_Library/Core/Src/usbd_core.c ****              (pdev->dev_state == USBD_STATE_CONFIGURED))
 574              		.loc 1 385 0 discriminator 1
 575 0072 032A     		cmp	r2, #3
 576 0074 01D1     		bne	.L44
 387:Middlewares/ST/STM32_USB_Device_Library/Core/Src/usbd_core.c ****           {
 388:Middlewares/ST/STM32_USB_Device_Library/Core/Src/usbd_core.c ****             pdev->pClass->EP0_TxSent(pdev); 
 577              		.loc 1 388 0
 578 0076 2046     		mov	r0, r4
 579              	.LVL61:
 580 0078 9847     		blx	r3
 581              	.LVL62:
 582              	.L44:
 389:Middlewares/ST/STM32_USB_Device_Library/Core/Src/usbd_core.c ****           }          
 390:Middlewares/ST/STM32_USB_Device_Library/Core/Src/usbd_core.c ****           USBD_CtlReceiveStatus(pdev);
 583              		.loc 1 390 0
 584 007a 2046     		mov	r0, r4
 585 007c FFF7FEFF 		bl	USBD_CtlReceiveStatus
 586              	.LVL63:
 587              	.L41:
 391:Middlewares/ST/STM32_USB_Device_Library/Core/Src/usbd_core.c ****         }
 392:Middlewares/ST/STM32_USB_Device_Library/Core/Src/usbd_core.c ****       }
 393:Middlewares/ST/STM32_USB_Device_Library/Core/Src/usbd_core.c ****     }
 394:Middlewares/ST/STM32_USB_Device_Library/Core/Src/usbd_core.c ****     if (pdev->dev_test_mode == 1)
 588              		.loc 1 394 0
ARM GAS  /tmp/ccZ4GsIK.s 			page 18


 589 0080 94F80032 		ldrb	r3, [r4, #512]	@ zero_extendqisi2
 590 0084 012B     		cmp	r3, #1
 591 0086 0ED1     		bne	.L45
 395:Middlewares/ST/STM32_USB_Device_Library/Core/Src/usbd_core.c ****     {
 396:Middlewares/ST/STM32_USB_Device_Library/Core/Src/usbd_core.c ****       USBD_RunTestMode(pdev); 
 397:Middlewares/ST/STM32_USB_Device_Library/Core/Src/usbd_core.c ****       pdev->dev_test_mode = 0;
 592              		.loc 1 397 0
 593 0088 0023     		movs	r3, #0
 594 008a 84F80032 		strb	r3, [r4, #512]
 595 008e 0AE0     		b	.L45
 596              	.LVL64:
 597              	.L40:
 598 0090 0A46     		mov	r2, r1
 599              	.LVL65:
 398:Middlewares/ST/STM32_USB_Device_Library/Core/Src/usbd_core.c ****     }
 399:Middlewares/ST/STM32_USB_Device_Library/Core/Src/usbd_core.c ****   }
 400:Middlewares/ST/STM32_USB_Device_Library/Core/Src/usbd_core.c ****   else if((pdev->pClass->DataIn != NULL)&& 
 600              		.loc 1 400 0
 601 0092 D0F81432 		ldr	r3, [r0, #532]
 602 0096 5B69     		ldr	r3, [r3, #20]
 603 0098 2BB1     		cbz	r3, .L45
 401:Middlewares/ST/STM32_USB_Device_Library/Core/Src/usbd_core.c ****           (pdev->dev_state == USBD_STATE_CONFIGURED))
 604              		.loc 1 401 0 discriminator 1
 605 009a 90F8FC11 		ldrb	r1, [r0, #508]	@ zero_extendqisi2
 606              	.LVL66:
 400:Middlewares/ST/STM32_USB_Device_Library/Core/Src/usbd_core.c ****           (pdev->dev_state == USBD_STATE_CONFIGURED))
 607              		.loc 1 400 0 discriminator 1
 608 009e 0329     		cmp	r1, #3
 609 00a0 01D1     		bne	.L45
 402:Middlewares/ST/STM32_USB_Device_Library/Core/Src/usbd_core.c ****   {
 403:Middlewares/ST/STM32_USB_Device_Library/Core/Src/usbd_core.c ****     pdev->pClass->DataIn(pdev, epnum); 
 610              		.loc 1 403 0
 611 00a2 1146     		mov	r1, r2
 612 00a4 9847     		blx	r3
 613              	.LVL67:
 614              	.L45:
 404:Middlewares/ST/STM32_USB_Device_Library/Core/Src/usbd_core.c ****   }  
 405:Middlewares/ST/STM32_USB_Device_Library/Core/Src/usbd_core.c ****   return USBD_OK;
 406:Middlewares/ST/STM32_USB_Device_Library/Core/Src/usbd_core.c **** }
 615              		.loc 1 406 0
 616 00a6 0020     		movs	r0, #0
 617 00a8 10BD     		pop	{r4, pc}
 618              		.cfi_endproc
 619              	.LFE74:
 621 00aa 00BF     		.section	.text.USBD_LL_Reset,"ax",%progbits
 622              		.align	2
 623              		.global	USBD_LL_Reset
 624              		.thumb
 625              		.thumb_func
 627              	USBD_LL_Reset:
 628              	.LFB75:
 407:Middlewares/ST/STM32_USB_Device_Library/Core/Src/usbd_core.c **** 
 408:Middlewares/ST/STM32_USB_Device_Library/Core/Src/usbd_core.c **** /**
 409:Middlewares/ST/STM32_USB_Device_Library/Core/Src/usbd_core.c **** * @brief  USBD_LL_Reset 
 410:Middlewares/ST/STM32_USB_Device_Library/Core/Src/usbd_core.c **** *         Handle Reset event
 411:Middlewares/ST/STM32_USB_Device_Library/Core/Src/usbd_core.c **** * @param  pdev: device instance
 412:Middlewares/ST/STM32_USB_Device_Library/Core/Src/usbd_core.c **** * @retval status
ARM GAS  /tmp/ccZ4GsIK.s 			page 19


 413:Middlewares/ST/STM32_USB_Device_Library/Core/Src/usbd_core.c **** */
 414:Middlewares/ST/STM32_USB_Device_Library/Core/Src/usbd_core.c **** 
 415:Middlewares/ST/STM32_USB_Device_Library/Core/Src/usbd_core.c **** USBD_StatusTypeDef USBD_LL_Reset(USBD_HandleTypeDef  *pdev)
 416:Middlewares/ST/STM32_USB_Device_Library/Core/Src/usbd_core.c **** {
 629              		.loc 1 416 0
 630              		.cfi_startproc
 631              		@ args = 0, pretend = 0, frame = 0
 632              		@ frame_needed = 0, uses_anonymous_args = 0
 633              	.LVL68:
 634 0000 38B5     		push	{r3, r4, r5, lr}
 635              	.LCFI10:
 636              		.cfi_def_cfa_offset 16
 637              		.cfi_offset 3, -16
 638              		.cfi_offset 4, -12
 639              		.cfi_offset 5, -8
 640              		.cfi_offset 14, -4
 641 0002 0446     		mov	r4, r0
 417:Middlewares/ST/STM32_USB_Device_Library/Core/Src/usbd_core.c ****   /* Open EP0 OUT */
 418:Middlewares/ST/STM32_USB_Device_Library/Core/Src/usbd_core.c ****   USBD_LL_OpenEP(pdev,
 642              		.loc 1 418 0
 643 0004 4023     		movs	r3, #64
 644 0006 0022     		movs	r2, #0
 645 0008 1146     		mov	r1, r2
 646 000a FFF7FEFF 		bl	USBD_LL_OpenEP
 647              	.LVL69:
 419:Middlewares/ST/STM32_USB_Device_Library/Core/Src/usbd_core.c ****               0x00,
 420:Middlewares/ST/STM32_USB_Device_Library/Core/Src/usbd_core.c ****               USBD_EP_TYPE_CTRL,
 421:Middlewares/ST/STM32_USB_Device_Library/Core/Src/usbd_core.c ****               USB_MAX_EP0_SIZE);
 422:Middlewares/ST/STM32_USB_Device_Library/Core/Src/usbd_core.c ****   
 423:Middlewares/ST/STM32_USB_Device_Library/Core/Src/usbd_core.c ****   pdev->ep_out[0].maxpacket = USB_MAX_EP0_SIZE;
 648              		.loc 1 423 0
 649 000e 4025     		movs	r5, #64
 650 0010 C4F81051 		str	r5, [r4, #272]
 424:Middlewares/ST/STM32_USB_Device_Library/Core/Src/usbd_core.c ****   
 425:Middlewares/ST/STM32_USB_Device_Library/Core/Src/usbd_core.c ****   /* Open EP0 IN */
 426:Middlewares/ST/STM32_USB_Device_Library/Core/Src/usbd_core.c ****   USBD_LL_OpenEP(pdev,
 651              		.loc 1 426 0
 652 0014 2B46     		mov	r3, r5
 653 0016 0022     		movs	r2, #0
 654 0018 8021     		movs	r1, #128
 655 001a 2046     		mov	r0, r4
 656 001c FFF7FEFF 		bl	USBD_LL_OpenEP
 657              	.LVL70:
 427:Middlewares/ST/STM32_USB_Device_Library/Core/Src/usbd_core.c ****               0x80,
 428:Middlewares/ST/STM32_USB_Device_Library/Core/Src/usbd_core.c ****               USBD_EP_TYPE_CTRL,
 429:Middlewares/ST/STM32_USB_Device_Library/Core/Src/usbd_core.c ****               USB_MAX_EP0_SIZE);
 430:Middlewares/ST/STM32_USB_Device_Library/Core/Src/usbd_core.c ****   
 431:Middlewares/ST/STM32_USB_Device_Library/Core/Src/usbd_core.c ****   pdev->ep_in[0].maxpacket = USB_MAX_EP0_SIZE;
 658              		.loc 1 431 0
 659 0020 2562     		str	r5, [r4, #32]
 432:Middlewares/ST/STM32_USB_Device_Library/Core/Src/usbd_core.c ****   /* Upon Reset call user call back */
 433:Middlewares/ST/STM32_USB_Device_Library/Core/Src/usbd_core.c ****   pdev->dev_state = USBD_STATE_DEFAULT;
 660              		.loc 1 433 0
 661 0022 0123     		movs	r3, #1
 662 0024 84F8FC31 		strb	r3, [r4, #508]
 434:Middlewares/ST/STM32_USB_Device_Library/Core/Src/usbd_core.c ****   
 435:Middlewares/ST/STM32_USB_Device_Library/Core/Src/usbd_core.c ****   if (pdev->pClassData) 
ARM GAS  /tmp/ccZ4GsIK.s 			page 20


 663              		.loc 1 435 0
 664 0028 D4F81832 		ldr	r3, [r4, #536]
 665 002c 2BB1     		cbz	r3, .L48
 436:Middlewares/ST/STM32_USB_Device_Library/Core/Src/usbd_core.c ****     pdev->pClass->DeInit(pdev, pdev->dev_config);  
 666              		.loc 1 436 0
 667 002e D4F81432 		ldr	r3, [r4, #532]
 668 0032 5B68     		ldr	r3, [r3, #4]
 669 0034 2179     		ldrb	r1, [r4, #4]	@ zero_extendqisi2
 670 0036 2046     		mov	r0, r4
 671 0038 9847     		blx	r3
 672              	.LVL71:
 673              	.L48:
 437:Middlewares/ST/STM32_USB_Device_Library/Core/Src/usbd_core.c ****  
 438:Middlewares/ST/STM32_USB_Device_Library/Core/Src/usbd_core.c ****   
 439:Middlewares/ST/STM32_USB_Device_Library/Core/Src/usbd_core.c ****   return USBD_OK;
 440:Middlewares/ST/STM32_USB_Device_Library/Core/Src/usbd_core.c **** }
 674              		.loc 1 440 0
 675 003a 0020     		movs	r0, #0
 676 003c 38BD     		pop	{r3, r4, r5, pc}
 677              		.cfi_endproc
 678              	.LFE75:
 680 003e 00BF     		.section	.text.USBD_LL_SetSpeed,"ax",%progbits
 681              		.align	2
 682              		.global	USBD_LL_SetSpeed
 683              		.thumb
 684              		.thumb_func
 686              	USBD_LL_SetSpeed:
 687              	.LFB76:
 441:Middlewares/ST/STM32_USB_Device_Library/Core/Src/usbd_core.c **** 
 442:Middlewares/ST/STM32_USB_Device_Library/Core/Src/usbd_core.c **** 
 443:Middlewares/ST/STM32_USB_Device_Library/Core/Src/usbd_core.c **** 
 444:Middlewares/ST/STM32_USB_Device_Library/Core/Src/usbd_core.c **** 
 445:Middlewares/ST/STM32_USB_Device_Library/Core/Src/usbd_core.c **** /**
 446:Middlewares/ST/STM32_USB_Device_Library/Core/Src/usbd_core.c **** * @brief  USBD_LL_Reset 
 447:Middlewares/ST/STM32_USB_Device_Library/Core/Src/usbd_core.c **** *         Handle Reset event
 448:Middlewares/ST/STM32_USB_Device_Library/Core/Src/usbd_core.c **** * @param  pdev: device instance
 449:Middlewares/ST/STM32_USB_Device_Library/Core/Src/usbd_core.c **** * @retval status
 450:Middlewares/ST/STM32_USB_Device_Library/Core/Src/usbd_core.c **** */
 451:Middlewares/ST/STM32_USB_Device_Library/Core/Src/usbd_core.c **** USBD_StatusTypeDef USBD_LL_SetSpeed(USBD_HandleTypeDef  *pdev, USBD_SpeedTypeDef speed)
 452:Middlewares/ST/STM32_USB_Device_Library/Core/Src/usbd_core.c **** {
 688              		.loc 1 452 0
 689              		.cfi_startproc
 690              		@ args = 0, pretend = 0, frame = 0
 691              		@ frame_needed = 0, uses_anonymous_args = 0
 692              		@ link register save eliminated.
 693              	.LVL72:
 453:Middlewares/ST/STM32_USB_Device_Library/Core/Src/usbd_core.c ****   pdev->dev_speed = speed;
 694              		.loc 1 453 0
 695 0000 0174     		strb	r1, [r0, #16]
 454:Middlewares/ST/STM32_USB_Device_Library/Core/Src/usbd_core.c ****   return USBD_OK;
 455:Middlewares/ST/STM32_USB_Device_Library/Core/Src/usbd_core.c **** }
 696              		.loc 1 455 0
 697 0002 0020     		movs	r0, #0
 698              	.LVL73:
 699 0004 7047     		bx	lr
 700              		.cfi_endproc
 701              	.LFE76:
ARM GAS  /tmp/ccZ4GsIK.s 			page 21


 703 0006 00BF     		.section	.text.USBD_LL_Suspend,"ax",%progbits
 704              		.align	2
 705              		.global	USBD_LL_Suspend
 706              		.thumb
 707              		.thumb_func
 709              	USBD_LL_Suspend:
 710              	.LFB77:
 456:Middlewares/ST/STM32_USB_Device_Library/Core/Src/usbd_core.c **** 
 457:Middlewares/ST/STM32_USB_Device_Library/Core/Src/usbd_core.c **** /**
 458:Middlewares/ST/STM32_USB_Device_Library/Core/Src/usbd_core.c **** * @brief  USBD_Suspend 
 459:Middlewares/ST/STM32_USB_Device_Library/Core/Src/usbd_core.c **** *         Handle Suspend event
 460:Middlewares/ST/STM32_USB_Device_Library/Core/Src/usbd_core.c **** * @param  pdev: device instance
 461:Middlewares/ST/STM32_USB_Device_Library/Core/Src/usbd_core.c **** * @retval status
 462:Middlewares/ST/STM32_USB_Device_Library/Core/Src/usbd_core.c **** */
 463:Middlewares/ST/STM32_USB_Device_Library/Core/Src/usbd_core.c **** 
 464:Middlewares/ST/STM32_USB_Device_Library/Core/Src/usbd_core.c **** USBD_StatusTypeDef USBD_LL_Suspend(USBD_HandleTypeDef  *pdev)
 465:Middlewares/ST/STM32_USB_Device_Library/Core/Src/usbd_core.c **** {
 711              		.loc 1 465 0
 712              		.cfi_startproc
 713              		@ args = 0, pretend = 0, frame = 0
 714              		@ frame_needed = 0, uses_anonymous_args = 0
 715              		@ link register save eliminated.
 716              	.LVL74:
 466:Middlewares/ST/STM32_USB_Device_Library/Core/Src/usbd_core.c ****   pdev->dev_old_state =  pdev->dev_state;
 717              		.loc 1 466 0
 718 0000 90F8FC31 		ldrb	r3, [r0, #508]	@ zero_extendqisi2
 719 0004 80F8FD31 		strb	r3, [r0, #509]
 467:Middlewares/ST/STM32_USB_Device_Library/Core/Src/usbd_core.c ****   pdev->dev_state  = USBD_STATE_SUSPENDED;
 720              		.loc 1 467 0
 721 0008 0423     		movs	r3, #4
 722 000a 80F8FC31 		strb	r3, [r0, #508]
 468:Middlewares/ST/STM32_USB_Device_Library/Core/Src/usbd_core.c ****   return USBD_OK;
 469:Middlewares/ST/STM32_USB_Device_Library/Core/Src/usbd_core.c **** }
 723              		.loc 1 469 0
 724 000e 0020     		movs	r0, #0
 725              	.LVL75:
 726 0010 7047     		bx	lr
 727              		.cfi_endproc
 728              	.LFE77:
 730 0012 00BF     		.section	.text.USBD_LL_Resume,"ax",%progbits
 731              		.align	2
 732              		.global	USBD_LL_Resume
 733              		.thumb
 734              		.thumb_func
 736              	USBD_LL_Resume:
 737              	.LFB78:
 470:Middlewares/ST/STM32_USB_Device_Library/Core/Src/usbd_core.c **** 
 471:Middlewares/ST/STM32_USB_Device_Library/Core/Src/usbd_core.c **** /**
 472:Middlewares/ST/STM32_USB_Device_Library/Core/Src/usbd_core.c **** * @brief  USBD_Resume 
 473:Middlewares/ST/STM32_USB_Device_Library/Core/Src/usbd_core.c **** *         Handle Resume event
 474:Middlewares/ST/STM32_USB_Device_Library/Core/Src/usbd_core.c **** * @param  pdev: device instance
 475:Middlewares/ST/STM32_USB_Device_Library/Core/Src/usbd_core.c **** * @retval status
 476:Middlewares/ST/STM32_USB_Device_Library/Core/Src/usbd_core.c **** */
 477:Middlewares/ST/STM32_USB_Device_Library/Core/Src/usbd_core.c **** 
 478:Middlewares/ST/STM32_USB_Device_Library/Core/Src/usbd_core.c **** USBD_StatusTypeDef USBD_LL_Resume(USBD_HandleTypeDef  *pdev)
 479:Middlewares/ST/STM32_USB_Device_Library/Core/Src/usbd_core.c **** {
 738              		.loc 1 479 0
ARM GAS  /tmp/ccZ4GsIK.s 			page 22


 739              		.cfi_startproc
 740              		@ args = 0, pretend = 0, frame = 0
 741              		@ frame_needed = 0, uses_anonymous_args = 0
 742              		@ link register save eliminated.
 743              	.LVL76:
 480:Middlewares/ST/STM32_USB_Device_Library/Core/Src/usbd_core.c ****   pdev->dev_state = pdev->dev_old_state;  
 744              		.loc 1 480 0
 745 0000 90F8FD31 		ldrb	r3, [r0, #509]	@ zero_extendqisi2
 746 0004 80F8FC31 		strb	r3, [r0, #508]
 481:Middlewares/ST/STM32_USB_Device_Library/Core/Src/usbd_core.c ****   return USBD_OK;
 482:Middlewares/ST/STM32_USB_Device_Library/Core/Src/usbd_core.c **** }
 747              		.loc 1 482 0
 748 0008 0020     		movs	r0, #0
 749              	.LVL77:
 750 000a 7047     		bx	lr
 751              		.cfi_endproc
 752              	.LFE78:
 754              		.section	.text.USBD_LL_SOF,"ax",%progbits
 755              		.align	2
 756              		.global	USBD_LL_SOF
 757              		.thumb
 758              		.thumb_func
 760              	USBD_LL_SOF:
 761              	.LFB79:
 483:Middlewares/ST/STM32_USB_Device_Library/Core/Src/usbd_core.c **** 
 484:Middlewares/ST/STM32_USB_Device_Library/Core/Src/usbd_core.c **** /**
 485:Middlewares/ST/STM32_USB_Device_Library/Core/Src/usbd_core.c **** * @brief  USBD_SOF 
 486:Middlewares/ST/STM32_USB_Device_Library/Core/Src/usbd_core.c **** *         Handle SOF event
 487:Middlewares/ST/STM32_USB_Device_Library/Core/Src/usbd_core.c **** * @param  pdev: device instance
 488:Middlewares/ST/STM32_USB_Device_Library/Core/Src/usbd_core.c **** * @retval status
 489:Middlewares/ST/STM32_USB_Device_Library/Core/Src/usbd_core.c **** */
 490:Middlewares/ST/STM32_USB_Device_Library/Core/Src/usbd_core.c **** 
 491:Middlewares/ST/STM32_USB_Device_Library/Core/Src/usbd_core.c **** USBD_StatusTypeDef USBD_LL_SOF(USBD_HandleTypeDef  *pdev)
 492:Middlewares/ST/STM32_USB_Device_Library/Core/Src/usbd_core.c **** {
 762              		.loc 1 492 0
 763              		.cfi_startproc
 764              		@ args = 0, pretend = 0, frame = 0
 765              		@ frame_needed = 0, uses_anonymous_args = 0
 766              	.LVL78:
 767 0000 08B5     		push	{r3, lr}
 768              	.LCFI11:
 769              		.cfi_def_cfa_offset 8
 770              		.cfi_offset 3, -8
 771              		.cfi_offset 14, -4
 493:Middlewares/ST/STM32_USB_Device_Library/Core/Src/usbd_core.c ****   if(pdev->dev_state == USBD_STATE_CONFIGURED)
 772              		.loc 1 493 0
 773 0002 90F8FC31 		ldrb	r3, [r0, #508]	@ zero_extendqisi2
 774 0006 032B     		cmp	r3, #3
 775 0008 04D1     		bne	.L54
 494:Middlewares/ST/STM32_USB_Device_Library/Core/Src/usbd_core.c ****   {
 495:Middlewares/ST/STM32_USB_Device_Library/Core/Src/usbd_core.c ****     if(pdev->pClass->SOF != NULL)
 776              		.loc 1 495 0
 777 000a D0F81432 		ldr	r3, [r0, #532]
 778 000e DB69     		ldr	r3, [r3, #28]
 779 0010 03B1     		cbz	r3, .L54
 496:Middlewares/ST/STM32_USB_Device_Library/Core/Src/usbd_core.c ****     {
 497:Middlewares/ST/STM32_USB_Device_Library/Core/Src/usbd_core.c ****       pdev->pClass->SOF(pdev);
ARM GAS  /tmp/ccZ4GsIK.s 			page 23


 780              		.loc 1 497 0
 781 0012 9847     		blx	r3
 782              	.LVL79:
 783              	.L54:
 498:Middlewares/ST/STM32_USB_Device_Library/Core/Src/usbd_core.c ****     }
 499:Middlewares/ST/STM32_USB_Device_Library/Core/Src/usbd_core.c ****   }
 500:Middlewares/ST/STM32_USB_Device_Library/Core/Src/usbd_core.c ****   return USBD_OK;
 501:Middlewares/ST/STM32_USB_Device_Library/Core/Src/usbd_core.c **** }
 784              		.loc 1 501 0
 785 0014 0020     		movs	r0, #0
 786 0016 08BD     		pop	{r3, pc}
 787              		.cfi_endproc
 788              	.LFE79:
 790              		.section	.text.USBD_LL_IsoINIncomplete,"ax",%progbits
 791              		.align	2
 792              		.global	USBD_LL_IsoINIncomplete
 793              		.thumb
 794              		.thumb_func
 796              	USBD_LL_IsoINIncomplete:
 797              	.LFB80:
 502:Middlewares/ST/STM32_USB_Device_Library/Core/Src/usbd_core.c **** 
 503:Middlewares/ST/STM32_USB_Device_Library/Core/Src/usbd_core.c **** /**
 504:Middlewares/ST/STM32_USB_Device_Library/Core/Src/usbd_core.c **** * @brief  USBD_IsoINIncomplete 
 505:Middlewares/ST/STM32_USB_Device_Library/Core/Src/usbd_core.c **** *         Handle iso in incomplete event
 506:Middlewares/ST/STM32_USB_Device_Library/Core/Src/usbd_core.c **** * @param  pdev: device instance
 507:Middlewares/ST/STM32_USB_Device_Library/Core/Src/usbd_core.c **** * @retval status
 508:Middlewares/ST/STM32_USB_Device_Library/Core/Src/usbd_core.c **** */
 509:Middlewares/ST/STM32_USB_Device_Library/Core/Src/usbd_core.c **** USBD_StatusTypeDef USBD_LL_IsoINIncomplete(USBD_HandleTypeDef  *pdev, uint8_t epnum)
 510:Middlewares/ST/STM32_USB_Device_Library/Core/Src/usbd_core.c **** {
 798              		.loc 1 510 0
 799              		.cfi_startproc
 800              		@ args = 0, pretend = 0, frame = 0
 801              		@ frame_needed = 0, uses_anonymous_args = 0
 802              		@ link register save eliminated.
 803              	.LVL80:
 511:Middlewares/ST/STM32_USB_Device_Library/Core/Src/usbd_core.c ****   return USBD_OK;
 512:Middlewares/ST/STM32_USB_Device_Library/Core/Src/usbd_core.c **** }
 804              		.loc 1 512 0
 805 0000 0020     		movs	r0, #0
 806              	.LVL81:
 807 0002 7047     		bx	lr
 808              		.cfi_endproc
 809              	.LFE80:
 811              		.section	.text.USBD_LL_IsoOUTIncomplete,"ax",%progbits
 812              		.align	2
 813              		.global	USBD_LL_IsoOUTIncomplete
 814              		.thumb
 815              		.thumb_func
 817              	USBD_LL_IsoOUTIncomplete:
 818              	.LFB81:
 513:Middlewares/ST/STM32_USB_Device_Library/Core/Src/usbd_core.c **** 
 514:Middlewares/ST/STM32_USB_Device_Library/Core/Src/usbd_core.c **** /**
 515:Middlewares/ST/STM32_USB_Device_Library/Core/Src/usbd_core.c **** * @brief  USBD_IsoOUTIncomplete 
 516:Middlewares/ST/STM32_USB_Device_Library/Core/Src/usbd_core.c **** *         Handle iso out incomplete event
 517:Middlewares/ST/STM32_USB_Device_Library/Core/Src/usbd_core.c **** * @param  pdev: device instance
 518:Middlewares/ST/STM32_USB_Device_Library/Core/Src/usbd_core.c **** * @retval status
 519:Middlewares/ST/STM32_USB_Device_Library/Core/Src/usbd_core.c **** */
ARM GAS  /tmp/ccZ4GsIK.s 			page 24


 520:Middlewares/ST/STM32_USB_Device_Library/Core/Src/usbd_core.c **** USBD_StatusTypeDef USBD_LL_IsoOUTIncomplete(USBD_HandleTypeDef  *pdev, uint8_t epnum)
 521:Middlewares/ST/STM32_USB_Device_Library/Core/Src/usbd_core.c **** {
 819              		.loc 1 521 0
 820              		.cfi_startproc
 821              		@ args = 0, pretend = 0, frame = 0
 822              		@ frame_needed = 0, uses_anonymous_args = 0
 823              		@ link register save eliminated.
 824              	.LVL82:
 522:Middlewares/ST/STM32_USB_Device_Library/Core/Src/usbd_core.c ****   return USBD_OK;
 523:Middlewares/ST/STM32_USB_Device_Library/Core/Src/usbd_core.c **** }
 825              		.loc 1 523 0
 826 0000 0020     		movs	r0, #0
 827              	.LVL83:
 828 0002 7047     		bx	lr
 829              		.cfi_endproc
 830              	.LFE81:
 832              		.section	.text.USBD_LL_DevConnected,"ax",%progbits
 833              		.align	2
 834              		.global	USBD_LL_DevConnected
 835              		.thumb
 836              		.thumb_func
 838              	USBD_LL_DevConnected:
 839              	.LFB82:
 524:Middlewares/ST/STM32_USB_Device_Library/Core/Src/usbd_core.c **** 
 525:Middlewares/ST/STM32_USB_Device_Library/Core/Src/usbd_core.c **** /**
 526:Middlewares/ST/STM32_USB_Device_Library/Core/Src/usbd_core.c **** * @brief  USBD_DevConnected 
 527:Middlewares/ST/STM32_USB_Device_Library/Core/Src/usbd_core.c **** *         Handle device connection event
 528:Middlewares/ST/STM32_USB_Device_Library/Core/Src/usbd_core.c **** * @param  pdev: device instance
 529:Middlewares/ST/STM32_USB_Device_Library/Core/Src/usbd_core.c **** * @retval status
 530:Middlewares/ST/STM32_USB_Device_Library/Core/Src/usbd_core.c **** */
 531:Middlewares/ST/STM32_USB_Device_Library/Core/Src/usbd_core.c **** USBD_StatusTypeDef USBD_LL_DevConnected(USBD_HandleTypeDef  *pdev)
 532:Middlewares/ST/STM32_USB_Device_Library/Core/Src/usbd_core.c **** {
 840              		.loc 1 532 0
 841              		.cfi_startproc
 842              		@ args = 0, pretend = 0, frame = 0
 843              		@ frame_needed = 0, uses_anonymous_args = 0
 844              		@ link register save eliminated.
 845              	.LVL84:
 533:Middlewares/ST/STM32_USB_Device_Library/Core/Src/usbd_core.c ****   return USBD_OK;
 534:Middlewares/ST/STM32_USB_Device_Library/Core/Src/usbd_core.c **** }
 846              		.loc 1 534 0
 847 0000 0020     		movs	r0, #0
 848              	.LVL85:
 849 0002 7047     		bx	lr
 850              		.cfi_endproc
 851              	.LFE82:
 853              		.section	.text.USBD_LL_DevDisconnected,"ax",%progbits
 854              		.align	2
 855              		.global	USBD_LL_DevDisconnected
 856              		.thumb
 857              		.thumb_func
 859              	USBD_LL_DevDisconnected:
 860              	.LFB83:
 535:Middlewares/ST/STM32_USB_Device_Library/Core/Src/usbd_core.c **** 
 536:Middlewares/ST/STM32_USB_Device_Library/Core/Src/usbd_core.c **** /**
 537:Middlewares/ST/STM32_USB_Device_Library/Core/Src/usbd_core.c **** * @brief  USBD_DevDisconnected 
 538:Middlewares/ST/STM32_USB_Device_Library/Core/Src/usbd_core.c **** *         Handle device disconnection event
ARM GAS  /tmp/ccZ4GsIK.s 			page 25


 539:Middlewares/ST/STM32_USB_Device_Library/Core/Src/usbd_core.c **** * @param  pdev: device instance
 540:Middlewares/ST/STM32_USB_Device_Library/Core/Src/usbd_core.c **** * @retval status
 541:Middlewares/ST/STM32_USB_Device_Library/Core/Src/usbd_core.c **** */
 542:Middlewares/ST/STM32_USB_Device_Library/Core/Src/usbd_core.c **** USBD_StatusTypeDef USBD_LL_DevDisconnected(USBD_HandleTypeDef  *pdev)
 543:Middlewares/ST/STM32_USB_Device_Library/Core/Src/usbd_core.c **** {
 861              		.loc 1 543 0
 862              		.cfi_startproc
 863              		@ args = 0, pretend = 0, frame = 0
 864              		@ frame_needed = 0, uses_anonymous_args = 0
 865              	.LVL86:
 866 0000 08B5     		push	{r3, lr}
 867              	.LCFI12:
 868              		.cfi_def_cfa_offset 8
 869              		.cfi_offset 3, -8
 870              		.cfi_offset 14, -4
 544:Middlewares/ST/STM32_USB_Device_Library/Core/Src/usbd_core.c ****   /* Free Class Resources */
 545:Middlewares/ST/STM32_USB_Device_Library/Core/Src/usbd_core.c ****   pdev->dev_state = USBD_STATE_DEFAULT;
 871              		.loc 1 545 0
 872 0002 0122     		movs	r2, #1
 873 0004 80F8FC21 		strb	r2, [r0, #508]
 546:Middlewares/ST/STM32_USB_Device_Library/Core/Src/usbd_core.c ****   pdev->pClass->DeInit(pdev, pdev->dev_config);  
 874              		.loc 1 546 0
 875 0008 D0F81422 		ldr	r2, [r0, #532]
 876 000c 5268     		ldr	r2, [r2, #4]
 877 000e 0179     		ldrb	r1, [r0, #4]	@ zero_extendqisi2
 878 0010 9047     		blx	r2
 879              	.LVL87:
 547:Middlewares/ST/STM32_USB_Device_Library/Core/Src/usbd_core.c ****    
 548:Middlewares/ST/STM32_USB_Device_Library/Core/Src/usbd_core.c ****   return USBD_OK;
 549:Middlewares/ST/STM32_USB_Device_Library/Core/Src/usbd_core.c **** }
 880              		.loc 1 549 0
 881 0012 0020     		movs	r0, #0
 882 0014 08BD     		pop	{r3, pc}
 883              		.cfi_endproc
 884              	.LFE83:
 886 0016 00BF     		.text
 887              	.Letext0:
 888              		.file 2 "/opt/toolchain/gcc-arm-none-eabi-5_4-2016q3/arm-none-eabi/include/machine/_default_types.
 889              		.file 3 "/opt/toolchain/gcc-arm-none-eabi-5_4-2016q3/arm-none-eabi/include/sys/_stdint.h"
 890              		.file 4 "Middlewares/ST/STM32_USB_Device_Library/Core/Inc/usbd_def.h"
 891              		.file 5 "Middlewares/ST/STM32_USB_Device_Library/Core/Inc/usbd_core.h"
 892              		.file 6 "Middlewares/ST/STM32_USB_Device_Library/Core/Inc/usbd_ctlreq.h"
 893              		.file 7 "Middlewares/ST/STM32_USB_Device_Library/Core/Inc/usbd_ioreq.h"
 894              		.file 8 "Drivers/CMSIS/Include/core_cm3.h"
ARM GAS  /tmp/ccZ4GsIK.s 			page 26


DEFINED SYMBOLS
                            *ABS*:00000000 usbd_core.c
     /tmp/ccZ4GsIK.s:20     .text.USBD_Init:00000000 $t
     /tmp/ccZ4GsIK.s:25     .text.USBD_Init:00000000 USBD_Init
     /tmp/ccZ4GsIK.s:82     .text.USBD_DeInit:00000000 $t
     /tmp/ccZ4GsIK.s:87     .text.USBD_DeInit:00000000 USBD_DeInit
     /tmp/ccZ4GsIK.s:124    .text.USBD_RegisterClass:00000000 $t
     /tmp/ccZ4GsIK.s:129    .text.USBD_RegisterClass:00000000 USBD_RegisterClass
     /tmp/ccZ4GsIK.s:156    .text.USBD_Start:00000000 $t
     /tmp/ccZ4GsIK.s:161    .text.USBD_Start:00000000 USBD_Start
     /tmp/ccZ4GsIK.s:183    .text.USBD_Stop:00000000 $t
     /tmp/ccZ4GsIK.s:188    .text.USBD_Stop:00000000 USBD_Stop
     /tmp/ccZ4GsIK.s:218    .text.USBD_RunTestMode:00000000 $t
     /tmp/ccZ4GsIK.s:223    .text.USBD_RunTestMode:00000000 USBD_RunTestMode
     /tmp/ccZ4GsIK.s:239    .text.USBD_SetClassConfig:00000000 $t
     /tmp/ccZ4GsIK.s:244    .text.USBD_SetClassConfig:00000000 USBD_SetClassConfig
     /tmp/ccZ4GsIK.s:284    .text.USBD_ClrClassConfig:00000000 $t
     /tmp/ccZ4GsIK.s:289    .text.USBD_ClrClassConfig:00000000 USBD_ClrClassConfig
     /tmp/ccZ4GsIK.s:313    .text.USBD_LL_SetupStage:00000000 $t
     /tmp/ccZ4GsIK.s:318    .text.USBD_LL_SetupStage:00000000 USBD_LL_SetupStage
     /tmp/ccZ4GsIK.s:392    .text.USBD_LL_DataOutStage:00000000 $t
     /tmp/ccZ4GsIK.s:397    .text.USBD_LL_DataOutStage:00000000 USBD_LL_DataOutStage
     /tmp/ccZ4GsIK.s:485    .text.USBD_LL_DataInStage:00000000 $t
     /tmp/ccZ4GsIK.s:490    .text.USBD_LL_DataInStage:00000000 USBD_LL_DataInStage
     /tmp/ccZ4GsIK.s:622    .text.USBD_LL_Reset:00000000 $t
     /tmp/ccZ4GsIK.s:627    .text.USBD_LL_Reset:00000000 USBD_LL_Reset
     /tmp/ccZ4GsIK.s:681    .text.USBD_LL_SetSpeed:00000000 $t
     /tmp/ccZ4GsIK.s:686    .text.USBD_LL_SetSpeed:00000000 USBD_LL_SetSpeed
     /tmp/ccZ4GsIK.s:704    .text.USBD_LL_Suspend:00000000 $t
     /tmp/ccZ4GsIK.s:709    .text.USBD_LL_Suspend:00000000 USBD_LL_Suspend
     /tmp/ccZ4GsIK.s:731    .text.USBD_LL_Resume:00000000 $t
     /tmp/ccZ4GsIK.s:736    .text.USBD_LL_Resume:00000000 USBD_LL_Resume
     /tmp/ccZ4GsIK.s:755    .text.USBD_LL_SOF:00000000 $t
     /tmp/ccZ4GsIK.s:760    .text.USBD_LL_SOF:00000000 USBD_LL_SOF
     /tmp/ccZ4GsIK.s:791    .text.USBD_LL_IsoINIncomplete:00000000 $t
     /tmp/ccZ4GsIK.s:796    .text.USBD_LL_IsoINIncomplete:00000000 USBD_LL_IsoINIncomplete
     /tmp/ccZ4GsIK.s:812    .text.USBD_LL_IsoOUTIncomplete:00000000 $t
     /tmp/ccZ4GsIK.s:817    .text.USBD_LL_IsoOUTIncomplete:00000000 USBD_LL_IsoOUTIncomplete
     /tmp/ccZ4GsIK.s:833    .text.USBD_LL_DevConnected:00000000 $t
     /tmp/ccZ4GsIK.s:838    .text.USBD_LL_DevConnected:00000000 USBD_LL_DevConnected
     /tmp/ccZ4GsIK.s:854    .text.USBD_LL_DevDisconnected:00000000 $t
     /tmp/ccZ4GsIK.s:859    .text.USBD_LL_DevDisconnected:00000000 USBD_LL_DevDisconnected
                     .debug_frame:00000010 $d

UNDEFINED SYMBOLS
USBD_LL_Init
USBD_LL_Stop
USBD_LL_DeInit
USBD_LL_Start
USBD_ParseSetupRequest
USBD_StdDevReq
USBD_StdItfReq
USBD_StdEPReq
USBD_LL_StallEP
USBD_CtlContinueRx
USBD_CtlSendStatus
USBD_CtlContinueSendData
ARM GAS  /tmp/ccZ4GsIK.s 			page 27


USBD_LL_PrepareReceive
USBD_CtlReceiveStatus
USBD_LL_OpenEP
