ARM GAS  /tmp/cctbs3rs.s 			page 1


   1              		.syntax unified
   2              		.cpu cortex-m3
   3              		.fpu softvfp
   4              		.eabi_attribute 20, 1
   5              		.eabi_attribute 21, 1
   6              		.eabi_attribute 23, 3
   7              		.eabi_attribute 24, 1
   8              		.eabi_attribute 25, 1
   9              		.eabi_attribute 26, 1
  10              		.eabi_attribute 30, 1
  11              		.eabi_attribute 34, 1
  12              		.eabi_attribute 18, 4
  13              		.thumb
  14              		.syntax unified
  15              		.file	"stm32f1xx_it.c"
  16              		.text
  17              	.Ltext0:
  18              		.cfi_sections	.debug_frame
  19              		.section	.text.NMI_Handler,"ax",%progbits
  20              		.align	2
  21              		.global	NMI_Handler
  22              		.thumb
  23              		.thumb_func
  25              	NMI_Handler:
  26              	.LFB64:
  27              		.file 1 "Src/stm32f1xx_it.c"
   1:Src/stm32f1xx_it.c **** /**
   2:Src/stm32f1xx_it.c ****   ******************************************************************************
   3:Src/stm32f1xx_it.c ****   * @file    stm32f1xx_it.c
   4:Src/stm32f1xx_it.c ****   * @brief   Interrupt Service Routines.
   5:Src/stm32f1xx_it.c ****   ******************************************************************************
   6:Src/stm32f1xx_it.c ****   *
   7:Src/stm32f1xx_it.c ****   * COPYRIGHT(c) 2018 STMicroelectronics
   8:Src/stm32f1xx_it.c ****   *
   9:Src/stm32f1xx_it.c ****   * Redistribution and use in source and binary forms, with or without modification,
  10:Src/stm32f1xx_it.c ****   * are permitted provided that the following conditions are met:
  11:Src/stm32f1xx_it.c ****   *   1. Redistributions of source code must retain the above copyright notice,
  12:Src/stm32f1xx_it.c ****   *      this list of conditions and the following disclaimer.
  13:Src/stm32f1xx_it.c ****   *   2. Redistributions in binary form must reproduce the above copyright notice,
  14:Src/stm32f1xx_it.c ****   *      this list of conditions and the following disclaimer in the documentation
  15:Src/stm32f1xx_it.c ****   *      and/or other materials provided with the distribution.
  16:Src/stm32f1xx_it.c ****   *   3. Neither the name of STMicroelectronics nor the names of its contributors
  17:Src/stm32f1xx_it.c ****   *      may be used to endorse or promote products derived from this software
  18:Src/stm32f1xx_it.c ****   *      without specific prior written permission.
  19:Src/stm32f1xx_it.c ****   *
  20:Src/stm32f1xx_it.c ****   * THIS SOFTWARE IS PROVIDED BY THE COPYRIGHT HOLDERS AND CONTRIBUTORS "AS IS"
  21:Src/stm32f1xx_it.c ****   * AND ANY EXPRESS OR IMPLIED WARRANTIES, INCLUDING, BUT NOT LIMITED TO, THE
  22:Src/stm32f1xx_it.c ****   * IMPLIED WARRANTIES OF MERCHANTABILITY AND FITNESS FOR A PARTICULAR PURPOSE ARE
  23:Src/stm32f1xx_it.c ****   * DISCLAIMED. IN NO EVENT SHALL THE COPYRIGHT HOLDER OR CONTRIBUTORS BE LIABLE
  24:Src/stm32f1xx_it.c ****   * FOR ANY DIRECT, INDIRECT, INCIDENTAL, SPECIAL, EXEMPLARY, OR CONSEQUENTIAL
  25:Src/stm32f1xx_it.c ****   * DAMAGES (INCLUDING, BUT NOT LIMITED TO, PROCUREMENT OF SUBSTITUTE GOODS OR
  26:Src/stm32f1xx_it.c ****   * SERVICES; LOSS OF USE, DATA, OR PROFITS; OR BUSINESS INTERRUPTION) HOWEVER
  27:Src/stm32f1xx_it.c ****   * CAUSED AND ON ANY THEORY OF LIABILITY, WHETHER IN CONTRACT, STRICT LIABILITY,
  28:Src/stm32f1xx_it.c ****   * OR TORT (INCLUDING NEGLIGENCE OR OTHERWISE) ARISING IN ANY WAY OUT OF THE USE
  29:Src/stm32f1xx_it.c ****   * OF THIS SOFTWARE, EVEN IF ADVISED OF THE POSSIBILITY OF SUCH DAMAGE.
  30:Src/stm32f1xx_it.c ****   *
  31:Src/stm32f1xx_it.c ****   ******************************************************************************
ARM GAS  /tmp/cctbs3rs.s 			page 2


  32:Src/stm32f1xx_it.c ****   */
  33:Src/stm32f1xx_it.c **** /* Includes ------------------------------------------------------------------*/
  34:Src/stm32f1xx_it.c **** #include "stm32f1xx_hal.h"
  35:Src/stm32f1xx_it.c **** #include "stm32f1xx.h"
  36:Src/stm32f1xx_it.c **** #include "stm32f1xx_it.h"
  37:Src/stm32f1xx_it.c **** 
  38:Src/stm32f1xx_it.c **** /* USER CODE BEGIN 0 */
  39:Src/stm32f1xx_it.c **** 
  40:Src/stm32f1xx_it.c **** /* USER CODE END 0 */
  41:Src/stm32f1xx_it.c **** 
  42:Src/stm32f1xx_it.c **** /* External variables --------------------------------------------------------*/
  43:Src/stm32f1xx_it.c **** 
  44:Src/stm32f1xx_it.c **** /******************************************************************************/
  45:Src/stm32f1xx_it.c **** /*            Cortex-M3 Processor Interruption and Exception Handlers         */ 
  46:Src/stm32f1xx_it.c **** /******************************************************************************/
  47:Src/stm32f1xx_it.c **** 
  48:Src/stm32f1xx_it.c **** /**
  49:Src/stm32f1xx_it.c **** * @brief This function handles Non maskable interrupt.
  50:Src/stm32f1xx_it.c **** */
  51:Src/stm32f1xx_it.c **** void NMI_Handler(void)
  52:Src/stm32f1xx_it.c **** {
  28              		.loc 1 52 0
  29              		.cfi_startproc
  30              		@ args = 0, pretend = 0, frame = 0
  31              		@ frame_needed = 0, uses_anonymous_args = 0
  32              		@ link register save eliminated.
  33 0000 7047     		bx	lr
  34              		.cfi_endproc
  35              	.LFE64:
  37 0002 00BF     		.section	.text.HardFault_Handler,"ax",%progbits
  38              		.align	2
  39              		.global	HardFault_Handler
  40              		.thumb
  41              		.thumb_func
  43              	HardFault_Handler:
  44              	.LFB65:
  53:Src/stm32f1xx_it.c ****   /* USER CODE BEGIN NonMaskableInt_IRQn 0 */
  54:Src/stm32f1xx_it.c **** 
  55:Src/stm32f1xx_it.c ****   /* USER CODE END NonMaskableInt_IRQn 0 */
  56:Src/stm32f1xx_it.c ****   /* USER CODE BEGIN NonMaskableInt_IRQn 1 */
  57:Src/stm32f1xx_it.c **** 
  58:Src/stm32f1xx_it.c ****   /* USER CODE END NonMaskableInt_IRQn 1 */
  59:Src/stm32f1xx_it.c **** }
  60:Src/stm32f1xx_it.c **** 
  61:Src/stm32f1xx_it.c **** /**
  62:Src/stm32f1xx_it.c **** * @brief This function handles Hard fault interrupt.
  63:Src/stm32f1xx_it.c **** */
  64:Src/stm32f1xx_it.c **** void HardFault_Handler(void)
  65:Src/stm32f1xx_it.c **** {
  45              		.loc 1 65 0
  46              		.cfi_startproc
  47              		@ Volatile: function does not return.
  48              		@ args = 0, pretend = 0, frame = 0
  49              		@ frame_needed = 0, uses_anonymous_args = 0
  50              		@ link register save eliminated.
  51              	.L3:
  52 0000 FEE7     		b	.L3
ARM GAS  /tmp/cctbs3rs.s 			page 3


  53              		.cfi_endproc
  54              	.LFE65:
  56 0002 00BF     		.section	.text.MemManage_Handler,"ax",%progbits
  57              		.align	2
  58              		.global	MemManage_Handler
  59              		.thumb
  60              		.thumb_func
  62              	MemManage_Handler:
  63              	.LFB66:
  66:Src/stm32f1xx_it.c ****   /* USER CODE BEGIN HardFault_IRQn 0 */
  67:Src/stm32f1xx_it.c **** 
  68:Src/stm32f1xx_it.c ****   /* USER CODE END HardFault_IRQn 0 */
  69:Src/stm32f1xx_it.c ****   while (1)
  70:Src/stm32f1xx_it.c ****   {
  71:Src/stm32f1xx_it.c ****   }
  72:Src/stm32f1xx_it.c ****   /* USER CODE BEGIN HardFault_IRQn 1 */
  73:Src/stm32f1xx_it.c **** 
  74:Src/stm32f1xx_it.c ****   /* USER CODE END HardFault_IRQn 1 */
  75:Src/stm32f1xx_it.c **** }
  76:Src/stm32f1xx_it.c **** 
  77:Src/stm32f1xx_it.c **** /**
  78:Src/stm32f1xx_it.c **** * @brief This function handles Memory management fault.
  79:Src/stm32f1xx_it.c **** */
  80:Src/stm32f1xx_it.c **** void MemManage_Handler(void)
  81:Src/stm32f1xx_it.c **** {
  64              		.loc 1 81 0
  65              		.cfi_startproc
  66              		@ Volatile: function does not return.
  67              		@ args = 0, pretend = 0, frame = 0
  68              		@ frame_needed = 0, uses_anonymous_args = 0
  69              		@ link register save eliminated.
  70              	.L5:
  71 0000 FEE7     		b	.L5
  72              		.cfi_endproc
  73              	.LFE66:
  75 0002 00BF     		.section	.text.BusFault_Handler,"ax",%progbits
  76              		.align	2
  77              		.global	BusFault_Handler
  78              		.thumb
  79              		.thumb_func
  81              	BusFault_Handler:
  82              	.LFB67:
  82:Src/stm32f1xx_it.c ****   /* USER CODE BEGIN MemoryManagement_IRQn 0 */
  83:Src/stm32f1xx_it.c **** 
  84:Src/stm32f1xx_it.c ****   /* USER CODE END MemoryManagement_IRQn 0 */
  85:Src/stm32f1xx_it.c ****   while (1)
  86:Src/stm32f1xx_it.c ****   {
  87:Src/stm32f1xx_it.c ****   }
  88:Src/stm32f1xx_it.c ****   /* USER CODE BEGIN MemoryManagement_IRQn 1 */
  89:Src/stm32f1xx_it.c **** 
  90:Src/stm32f1xx_it.c ****   /* USER CODE END MemoryManagement_IRQn 1 */
  91:Src/stm32f1xx_it.c **** }
  92:Src/stm32f1xx_it.c **** 
  93:Src/stm32f1xx_it.c **** /**
  94:Src/stm32f1xx_it.c **** * @brief This function handles Prefetch fault, memory access fault.
  95:Src/stm32f1xx_it.c **** */
  96:Src/stm32f1xx_it.c **** void BusFault_Handler(void)
ARM GAS  /tmp/cctbs3rs.s 			page 4


  97:Src/stm32f1xx_it.c **** {
  83              		.loc 1 97 0
  84              		.cfi_startproc
  85              		@ Volatile: function does not return.
  86              		@ args = 0, pretend = 0, frame = 0
  87              		@ frame_needed = 0, uses_anonymous_args = 0
  88              		@ link register save eliminated.
  89              	.L7:
  90 0000 FEE7     		b	.L7
  91              		.cfi_endproc
  92              	.LFE67:
  94 0002 00BF     		.section	.text.UsageFault_Handler,"ax",%progbits
  95              		.align	2
  96              		.global	UsageFault_Handler
  97              		.thumb
  98              		.thumb_func
 100              	UsageFault_Handler:
 101              	.LFB68:
  98:Src/stm32f1xx_it.c ****   /* USER CODE BEGIN BusFault_IRQn 0 */
  99:Src/stm32f1xx_it.c **** 
 100:Src/stm32f1xx_it.c ****   /* USER CODE END BusFault_IRQn 0 */
 101:Src/stm32f1xx_it.c ****   while (1)
 102:Src/stm32f1xx_it.c ****   {
 103:Src/stm32f1xx_it.c ****   }
 104:Src/stm32f1xx_it.c ****   /* USER CODE BEGIN BusFault_IRQn 1 */
 105:Src/stm32f1xx_it.c **** 
 106:Src/stm32f1xx_it.c ****   /* USER CODE END BusFault_IRQn 1 */
 107:Src/stm32f1xx_it.c **** }
 108:Src/stm32f1xx_it.c **** 
 109:Src/stm32f1xx_it.c **** /**
 110:Src/stm32f1xx_it.c **** * @brief This function handles Undefined instruction or illegal state.
 111:Src/stm32f1xx_it.c **** */
 112:Src/stm32f1xx_it.c **** void UsageFault_Handler(void)
 113:Src/stm32f1xx_it.c **** {
 102              		.loc 1 113 0
 103              		.cfi_startproc
 104              		@ Volatile: function does not return.
 105              		@ args = 0, pretend = 0, frame = 0
 106              		@ frame_needed = 0, uses_anonymous_args = 0
 107              		@ link register save eliminated.
 108              	.L9:
 109 0000 FEE7     		b	.L9
 110              		.cfi_endproc
 111              	.LFE68:
 113 0002 00BF     		.section	.text.SVC_Handler,"ax",%progbits
 114              		.align	2
 115              		.global	SVC_Handler
 116              		.thumb
 117              		.thumb_func
 119              	SVC_Handler:
 120              	.LFB69:
 114:Src/stm32f1xx_it.c ****   /* USER CODE BEGIN UsageFault_IRQn 0 */
 115:Src/stm32f1xx_it.c **** 
 116:Src/stm32f1xx_it.c ****   /* USER CODE END UsageFault_IRQn 0 */
 117:Src/stm32f1xx_it.c ****   while (1)
 118:Src/stm32f1xx_it.c ****   {
 119:Src/stm32f1xx_it.c ****   }
ARM GAS  /tmp/cctbs3rs.s 			page 5


 120:Src/stm32f1xx_it.c ****   /* USER CODE BEGIN UsageFault_IRQn 1 */
 121:Src/stm32f1xx_it.c **** 
 122:Src/stm32f1xx_it.c ****   /* USER CODE END UsageFault_IRQn 1 */
 123:Src/stm32f1xx_it.c **** }
 124:Src/stm32f1xx_it.c **** 
 125:Src/stm32f1xx_it.c **** /**
 126:Src/stm32f1xx_it.c **** * @brief This function handles System service call via SWI instruction.
 127:Src/stm32f1xx_it.c **** */
 128:Src/stm32f1xx_it.c **** void SVC_Handler(void)
 129:Src/stm32f1xx_it.c **** {
 121              		.loc 1 129 0
 122              		.cfi_startproc
 123              		@ args = 0, pretend = 0, frame = 0
 124              		@ frame_needed = 0, uses_anonymous_args = 0
 125              		@ link register save eliminated.
 126 0000 7047     		bx	lr
 127              		.cfi_endproc
 128              	.LFE69:
 130 0002 00BF     		.section	.text.DebugMon_Handler,"ax",%progbits
 131              		.align	2
 132              		.global	DebugMon_Handler
 133              		.thumb
 134              		.thumb_func
 136              	DebugMon_Handler:
 137              	.LFB70:
 130:Src/stm32f1xx_it.c ****   /* USER CODE BEGIN SVCall_IRQn 0 */
 131:Src/stm32f1xx_it.c **** 
 132:Src/stm32f1xx_it.c ****   /* USER CODE END SVCall_IRQn 0 */
 133:Src/stm32f1xx_it.c ****   /* USER CODE BEGIN SVCall_IRQn 1 */
 134:Src/stm32f1xx_it.c **** 
 135:Src/stm32f1xx_it.c ****   /* USER CODE END SVCall_IRQn 1 */
 136:Src/stm32f1xx_it.c **** }
 137:Src/stm32f1xx_it.c **** 
 138:Src/stm32f1xx_it.c **** /**
 139:Src/stm32f1xx_it.c **** * @brief This function handles Debug monitor.
 140:Src/stm32f1xx_it.c **** */
 141:Src/stm32f1xx_it.c **** void DebugMon_Handler(void)
 142:Src/stm32f1xx_it.c **** {
 138              		.loc 1 142 0
 139              		.cfi_startproc
 140              		@ args = 0, pretend = 0, frame = 0
 141              		@ frame_needed = 0, uses_anonymous_args = 0
 142              		@ link register save eliminated.
 143 0000 7047     		bx	lr
 144              		.cfi_endproc
 145              	.LFE70:
 147 0002 00BF     		.section	.text.PendSV_Handler,"ax",%progbits
 148              		.align	2
 149              		.global	PendSV_Handler
 150              		.thumb
 151              		.thumb_func
 153              	PendSV_Handler:
 154              	.LFB71:
 143:Src/stm32f1xx_it.c ****   /* USER CODE BEGIN DebugMonitor_IRQn 0 */
 144:Src/stm32f1xx_it.c **** 
 145:Src/stm32f1xx_it.c ****   /* USER CODE END DebugMonitor_IRQn 0 */
 146:Src/stm32f1xx_it.c ****   /* USER CODE BEGIN DebugMonitor_IRQn 1 */
ARM GAS  /tmp/cctbs3rs.s 			page 6


 147:Src/stm32f1xx_it.c **** 
 148:Src/stm32f1xx_it.c ****   /* USER CODE END DebugMonitor_IRQn 1 */
 149:Src/stm32f1xx_it.c **** }
 150:Src/stm32f1xx_it.c **** 
 151:Src/stm32f1xx_it.c **** /**
 152:Src/stm32f1xx_it.c **** * @brief This function handles Pendable request for system service.
 153:Src/stm32f1xx_it.c **** */
 154:Src/stm32f1xx_it.c **** void PendSV_Handler(void)
 155:Src/stm32f1xx_it.c **** {
 155              		.loc 1 155 0
 156              		.cfi_startproc
 157              		@ args = 0, pretend = 0, frame = 0
 158              		@ frame_needed = 0, uses_anonymous_args = 0
 159              		@ link register save eliminated.
 160 0000 7047     		bx	lr
 161              		.cfi_endproc
 162              	.LFE71:
 164 0002 00BF     		.section	.text.SysTick_Handler,"ax",%progbits
 165              		.align	2
 166              		.global	SysTick_Handler
 167              		.thumb
 168              		.thumb_func
 170              	SysTick_Handler:
 171              	.LFB72:
 156:Src/stm32f1xx_it.c ****   /* USER CODE BEGIN PendSV_IRQn 0 */
 157:Src/stm32f1xx_it.c **** 
 158:Src/stm32f1xx_it.c ****   /* USER CODE END PendSV_IRQn 0 */
 159:Src/stm32f1xx_it.c ****   /* USER CODE BEGIN PendSV_IRQn 1 */
 160:Src/stm32f1xx_it.c **** 
 161:Src/stm32f1xx_it.c ****   /* USER CODE END PendSV_IRQn 1 */
 162:Src/stm32f1xx_it.c **** }
 163:Src/stm32f1xx_it.c **** 
 164:Src/stm32f1xx_it.c **** /**
 165:Src/stm32f1xx_it.c **** * @brief This function handles System tick timer.
 166:Src/stm32f1xx_it.c **** */
 167:Src/stm32f1xx_it.c **** void SysTick_Handler(void)
 168:Src/stm32f1xx_it.c **** {
 172              		.loc 1 168 0
 173              		.cfi_startproc
 174              		@ args = 0, pretend = 0, frame = 0
 175              		@ frame_needed = 0, uses_anonymous_args = 0
 176              		.loc 1 168 0
 177 0000 08B5     		push	{r3, lr}
 178              	.LCFI0:
 179              		.cfi_def_cfa_offset 8
 180              		.cfi_offset 3, -8
 181              		.cfi_offset 14, -4
 169:Src/stm32f1xx_it.c ****   /* USER CODE BEGIN SysTick_IRQn 0 */
 170:Src/stm32f1xx_it.c **** 
 171:Src/stm32f1xx_it.c ****   /* USER CODE END SysTick_IRQn 0 */
 172:Src/stm32f1xx_it.c ****   HAL_IncTick();
 182              		.loc 1 172 0
 183 0002 FFF7FEFF 		bl	HAL_IncTick
 184              	.LVL0:
 173:Src/stm32f1xx_it.c ****   HAL_SYSTICK_IRQHandler();
 185              		.loc 1 173 0
 186 0006 FFF7FEFF 		bl	HAL_SYSTICK_IRQHandler
ARM GAS  /tmp/cctbs3rs.s 			page 7


 187              	.LVL1:
 188 000a 08BD     		pop	{r3, pc}
 189              		.cfi_endproc
 190              	.LFE72:
 192              		.text
 193              	.Letext0:
 194              		.file 2 "/opt/toolchain/gcc-arm-none-eabi-5_4-2016q3/arm-none-eabi/include/machine/_default_types.
 195              		.file 3 "/opt/toolchain/gcc-arm-none-eabi-5_4-2016q3/arm-none-eabi/include/sys/_stdint.h"
 196              		.file 4 "Drivers/STM32F1xx_HAL_Driver/Inc/stm32f1xx_hal.h"
 197              		.file 5 "Drivers/STM32F1xx_HAL_Driver/Inc/stm32f1xx_hal_cortex.h"
 198              		.file 6 "Drivers/CMSIS/Include/core_cm3.h"
ARM GAS  /tmp/cctbs3rs.s 			page 8


DEFINED SYMBOLS
                            *ABS*:00000000 stm32f1xx_it.c
     /tmp/cctbs3rs.s:20     .text.NMI_Handler:00000000 $t
     /tmp/cctbs3rs.s:25     .text.NMI_Handler:00000000 NMI_Handler
     /tmp/cctbs3rs.s:38     .text.HardFault_Handler:00000000 $t
     /tmp/cctbs3rs.s:43     .text.HardFault_Handler:00000000 HardFault_Handler
     /tmp/cctbs3rs.s:57     .text.MemManage_Handler:00000000 $t
     /tmp/cctbs3rs.s:62     .text.MemManage_Handler:00000000 MemManage_Handler
     /tmp/cctbs3rs.s:76     .text.BusFault_Handler:00000000 $t
     /tmp/cctbs3rs.s:81     .text.BusFault_Handler:00000000 BusFault_Handler
     /tmp/cctbs3rs.s:95     .text.UsageFault_Handler:00000000 $t
     /tmp/cctbs3rs.s:100    .text.UsageFault_Handler:00000000 UsageFault_Handler
     /tmp/cctbs3rs.s:114    .text.SVC_Handler:00000000 $t
     /tmp/cctbs3rs.s:119    .text.SVC_Handler:00000000 SVC_Handler
     /tmp/cctbs3rs.s:131    .text.DebugMon_Handler:00000000 $t
     /tmp/cctbs3rs.s:136    .text.DebugMon_Handler:00000000 DebugMon_Handler
     /tmp/cctbs3rs.s:148    .text.PendSV_Handler:00000000 $t
     /tmp/cctbs3rs.s:153    .text.PendSV_Handler:00000000 PendSV_Handler
     /tmp/cctbs3rs.s:165    .text.SysTick_Handler:00000000 $t
     /tmp/cctbs3rs.s:170    .text.SysTick_Handler:00000000 SysTick_Handler
                     .debug_frame:00000010 $d

UNDEFINED SYMBOLS
HAL_IncTick
HAL_SYSTICK_IRQHandler
