ARM GAS  /tmp/cckmwr5M.s 			page 1


   1              		.syntax unified
   2              		.cpu cortex-m3
   3              		.fpu softvfp
   4              		.eabi_attribute 20, 1
   5              		.eabi_attribute 21, 1
   6              		.eabi_attribute 23, 3
   7              		.eabi_attribute 24, 1
   8              		.eabi_attribute 25, 1
   9              		.eabi_attribute 26, 1
  10              		.eabi_attribute 30, 1
  11              		.eabi_attribute 34, 1
  12              		.eabi_attribute 18, 4
  13              		.thumb
  14              		.syntax unified
  15              		.file	"stm32f1xx_hal_msp.c"
  16              		.text
  17              	.Ltext0:
  18              		.cfi_sections	.debug_frame
  19              		.section	.text.HAL_MspInit,"ax",%progbits
  20              		.align	2
  21              		.global	HAL_MspInit
  22              		.thumb
  23              		.thumb_func
  25              	HAL_MspInit:
  26              	.LFB64:
  27              		.file 1 "./System/Src/stm32f1xx_hal_msp.c"
   1:./System/Src/stm32f1xx_hal_msp.c **** /**
   2:./System/Src/stm32f1xx_hal_msp.c ****   ******************************************************************************
   3:./System/Src/stm32f1xx_hal_msp.c ****   * @file    Templates/Src/stm32f1xx_hal_msp.c
   4:./System/Src/stm32f1xx_hal_msp.c ****   * @author  MCD Application Team
   5:./System/Src/stm32f1xx_hal_msp.c ****   * @version V1.5.0
   6:./System/Src/stm32f1xx_hal_msp.c ****   * @date    14-April-2017
   7:./System/Src/stm32f1xx_hal_msp.c ****   * @brief   HAL MSP module.
   8:./System/Src/stm32f1xx_hal_msp.c ****   ******************************************************************************
   9:./System/Src/stm32f1xx_hal_msp.c ****   * @attention
  10:./System/Src/stm32f1xx_hal_msp.c ****   *
  11:./System/Src/stm32f1xx_hal_msp.c ****   * <h2><center>&copy; COPYRIGHT(c) 2016 STMicroelectronics</center></h2>
  12:./System/Src/stm32f1xx_hal_msp.c ****   *
  13:./System/Src/stm32f1xx_hal_msp.c ****   * Redistribution and use in source and binary forms, with or without modification,
  14:./System/Src/stm32f1xx_hal_msp.c ****   * are permitted provided that the following conditions are met:
  15:./System/Src/stm32f1xx_hal_msp.c ****   *   1. Redistributions of source code must retain the above copyright notice,
  16:./System/Src/stm32f1xx_hal_msp.c ****   *      this list of conditions and the following disclaimer.
  17:./System/Src/stm32f1xx_hal_msp.c ****   *   2. Redistributions in binary form must reproduce the above copyright notice,
  18:./System/Src/stm32f1xx_hal_msp.c ****   *      this list of conditions and the following disclaimer in the documentation
  19:./System/Src/stm32f1xx_hal_msp.c ****   *      and/or other materials provided with the distribution.
  20:./System/Src/stm32f1xx_hal_msp.c ****   *   3. Neither the name of STMicroelectronics nor the names of its contributors
  21:./System/Src/stm32f1xx_hal_msp.c ****   *      may be used to endorse or promote products derived from this software
  22:./System/Src/stm32f1xx_hal_msp.c ****   *      without specific prior written permission.
  23:./System/Src/stm32f1xx_hal_msp.c ****   *
  24:./System/Src/stm32f1xx_hal_msp.c ****   * THIS SOFTWARE IS PROVIDED BY THE COPYRIGHT HOLDERS AND CONTRIBUTORS "AS IS"
  25:./System/Src/stm32f1xx_hal_msp.c ****   * AND ANY EXPRESS OR IMPLIED WARRANTIES, INCLUDING, BUT NOT LIMITED TO, THE
  26:./System/Src/stm32f1xx_hal_msp.c ****   * IMPLIED WARRANTIES OF MERCHANTABILITY AND FITNESS FOR A PARTICULAR PURPOSE ARE
  27:./System/Src/stm32f1xx_hal_msp.c ****   * DISCLAIMED. IN NO EVENT SHALL THE COPYRIGHT HOLDER OR CONTRIBUTORS BE LIABLE
  28:./System/Src/stm32f1xx_hal_msp.c ****   * FOR ANY DIRECT, INDIRECT, INCIDENTAL, SPECIAL, EXEMPLARY, OR CONSEQUENTIAL
  29:./System/Src/stm32f1xx_hal_msp.c ****   * DAMAGES (INCLUDING, BUT NOT LIMITED TO, PROCUREMENT OF SUBSTITUTE GOODS OR
  30:./System/Src/stm32f1xx_hal_msp.c ****   * SERVICES; LOSS OF USE, DATA, OR PROFITS; OR BUSINESS INTERRUPTION) HOWEVER
  31:./System/Src/stm32f1xx_hal_msp.c ****   * CAUSED AND ON ANY THEORY OF LIABILITY, WHETHER IN CONTRACT, STRICT LIABILITY,
ARM GAS  /tmp/cckmwr5M.s 			page 2


  32:./System/Src/stm32f1xx_hal_msp.c ****   * OR TORT (INCLUDING NEGLIGENCE OR OTHERWISE) ARISING IN ANY WAY OUT OF THE USE
  33:./System/Src/stm32f1xx_hal_msp.c ****   * OF THIS SOFTWARE, EVEN IF ADVISED OF THE POSSIBILITY OF SUCH DAMAGE.
  34:./System/Src/stm32f1xx_hal_msp.c ****   *
  35:./System/Src/stm32f1xx_hal_msp.c ****   ******************************************************************************
  36:./System/Src/stm32f1xx_hal_msp.c ****   */
  37:./System/Src/stm32f1xx_hal_msp.c **** 
  38:./System/Src/stm32f1xx_hal_msp.c **** /* Includes ------------------------------------------------------------------*/
  39:./System/Src/stm32f1xx_hal_msp.c **** #include "main.h"
  40:./System/Src/stm32f1xx_hal_msp.c **** 
  41:./System/Src/stm32f1xx_hal_msp.c **** /** @addtogroup STM32F1xx_HAL_Examples
  42:./System/Src/stm32f1xx_hal_msp.c ****   * @{
  43:./System/Src/stm32f1xx_hal_msp.c ****   */
  44:./System/Src/stm32f1xx_hal_msp.c **** 
  45:./System/Src/stm32f1xx_hal_msp.c **** /** @addtogroup Templates
  46:./System/Src/stm32f1xx_hal_msp.c ****   * @{
  47:./System/Src/stm32f1xx_hal_msp.c ****   */
  48:./System/Src/stm32f1xx_hal_msp.c **** 
  49:./System/Src/stm32f1xx_hal_msp.c **** /* Private typedef -----------------------------------------------------------*/
  50:./System/Src/stm32f1xx_hal_msp.c **** /* Private define ------------------------------------------------------------*/
  51:./System/Src/stm32f1xx_hal_msp.c **** /* Private macro -------------------------------------------------------------*/
  52:./System/Src/stm32f1xx_hal_msp.c **** /* Private variables ---------------------------------------------------------*/
  53:./System/Src/stm32f1xx_hal_msp.c **** /* Private function prototypes -----------------------------------------------*/
  54:./System/Src/stm32f1xx_hal_msp.c **** /* Private functions ---------------------------------------------------------*/
  55:./System/Src/stm32f1xx_hal_msp.c **** 
  56:./System/Src/stm32f1xx_hal_msp.c **** /** @defgroup HAL_MSP_Private_Functions
  57:./System/Src/stm32f1xx_hal_msp.c ****   * @{
  58:./System/Src/stm32f1xx_hal_msp.c ****   */
  59:./System/Src/stm32f1xx_hal_msp.c **** 
  60:./System/Src/stm32f1xx_hal_msp.c **** /**
  61:./System/Src/stm32f1xx_hal_msp.c ****   * @brief  Initializes the Global MSP.
  62:./System/Src/stm32f1xx_hal_msp.c ****   * @param  None
  63:./System/Src/stm32f1xx_hal_msp.c ****   * @retval None
  64:./System/Src/stm32f1xx_hal_msp.c ****   */
  65:./System/Src/stm32f1xx_hal_msp.c **** void HAL_MspInit(void)
  66:./System/Src/stm32f1xx_hal_msp.c **** {
  28              		.loc 1 66 0
  29              		.cfi_startproc
  30              		@ args = 0, pretend = 0, frame = 0
  31              		@ frame_needed = 0, uses_anonymous_args = 0
  32              		@ link register save eliminated.
  33 0000 7047     		bx	lr
  34              		.cfi_endproc
  35              	.LFE64:
  37 0002 00BF     		.section	.text.HAL_MspDeInit,"ax",%progbits
  38              		.align	2
  39              		.global	HAL_MspDeInit
  40              		.thumb
  41              		.thumb_func
  43              	HAL_MspDeInit:
  44              	.LFB65:
  67:./System/Src/stm32f1xx_hal_msp.c **** }
  68:./System/Src/stm32f1xx_hal_msp.c **** 
  69:./System/Src/stm32f1xx_hal_msp.c **** /**
  70:./System/Src/stm32f1xx_hal_msp.c ****   * @brief  DeInitializes the Global MSP.
  71:./System/Src/stm32f1xx_hal_msp.c ****   * @param  None  
  72:./System/Src/stm32f1xx_hal_msp.c ****   * @retval None
  73:./System/Src/stm32f1xx_hal_msp.c ****   */
ARM GAS  /tmp/cckmwr5M.s 			page 3


  74:./System/Src/stm32f1xx_hal_msp.c **** void HAL_MspDeInit(void)
  75:./System/Src/stm32f1xx_hal_msp.c **** {
  45              		.loc 1 75 0
  46              		.cfi_startproc
  47              		@ args = 0, pretend = 0, frame = 0
  48              		@ frame_needed = 0, uses_anonymous_args = 0
  49              		@ link register save eliminated.
  50 0000 7047     		bx	lr
  51              		.cfi_endproc
  52              	.LFE65:
  54 0002 00BF     		.text
  55              	.Letext0:
  56              		.file 2 "/opt/toolchain/gcc-arm-none-eabi-5_4-2016q3/arm-none-eabi/include/machine/_default_types.
  57              		.file 3 "/opt/toolchain/gcc-arm-none-eabi-5_4-2016q3/arm-none-eabi/include/sys/_stdint.h"
  58              		.file 4 "Drivers/CMSIS/Inc/core_cm3.h"
ARM GAS  /tmp/cckmwr5M.s 			page 4


DEFINED SYMBOLS
                            *ABS*:00000000 stm32f1xx_hal_msp.c
     /tmp/cckmwr5M.s:20     .text.HAL_MspInit:00000000 $t
     /tmp/cckmwr5M.s:25     .text.HAL_MspInit:00000000 HAL_MspInit
     /tmp/cckmwr5M.s:38     .text.HAL_MspDeInit:00000000 $t
     /tmp/cckmwr5M.s:43     .text.HAL_MspDeInit:00000000 HAL_MspDeInit
                     .debug_frame:00000010 $d

NO UNDEFINED SYMBOLS
