ARM GAS  /tmp/cc38Ecs3.s 			page 1


   1              		.syntax unified
   2              		.cpu cortex-m3
   3              		.fpu softvfp
   4              		.eabi_attribute 20, 1
   5              		.eabi_attribute 21, 1
   6              		.eabi_attribute 23, 3
   7              		.eabi_attribute 24, 1
   8              		.eabi_attribute 25, 1
   9              		.eabi_attribute 26, 1
  10              		.eabi_attribute 30, 1
  11              		.eabi_attribute 34, 1
  12              		.eabi_attribute 18, 4
  13              		.thumb
  14              		.syntax unified
  15              		.file	"stm32f1xx_hal_pcd_ex.c"
  16              		.text
  17              	.Ltext0:
  18              		.cfi_sections	.debug_frame
  19              		.section	.text.HAL_PCDEx_PMAConfig,"ax",%progbits
  20              		.align	2
  21              		.global	HAL_PCDEx_PMAConfig
  22              		.thumb
  23              		.thumb_func
  25              	HAL_PCDEx_PMAConfig:
  26              	.LFB64:
  27              		.file 1 "./Drivers/STM32F1xx_HAL_Driver/Src/stm32f1xx_hal_pcd_ex.c"
   1:./Drivers/STM32F1xx_HAL_Driver/Src/stm32f1xx_hal_pcd_ex.c **** /**
   2:./Drivers/STM32F1xx_HAL_Driver/Src/stm32f1xx_hal_pcd_ex.c ****   ******************************************************************************
   3:./Drivers/STM32F1xx_HAL_Driver/Src/stm32f1xx_hal_pcd_ex.c ****   * @file    stm32f1xx_hal_pcd_ex.c
   4:./Drivers/STM32F1xx_HAL_Driver/Src/stm32f1xx_hal_pcd_ex.c ****   * @author  MCD Application Team
   5:./Drivers/STM32F1xx_HAL_Driver/Src/stm32f1xx_hal_pcd_ex.c ****   * @version V1.1.1
   6:./Drivers/STM32F1xx_HAL_Driver/Src/stm32f1xx_hal_pcd_ex.c ****   * @date    12-May-2017
   7:./Drivers/STM32F1xx_HAL_Driver/Src/stm32f1xx_hal_pcd_ex.c ****   * @brief   Extended PCD HAL module driver.
   8:./Drivers/STM32F1xx_HAL_Driver/Src/stm32f1xx_hal_pcd_ex.c ****   *          This file provides firmware functions to manage the following 
   9:./Drivers/STM32F1xx_HAL_Driver/Src/stm32f1xx_hal_pcd_ex.c ****   *          functionalities of the USB Peripheral Controller:
  10:./Drivers/STM32F1xx_HAL_Driver/Src/stm32f1xx_hal_pcd_ex.c ****   *           + Extended features functions: Update FIFO configuration, 
  11:./Drivers/STM32F1xx_HAL_Driver/Src/stm32f1xx_hal_pcd_ex.c ****   *           PMA configuration for EPs  
  12:./Drivers/STM32F1xx_HAL_Driver/Src/stm32f1xx_hal_pcd_ex.c ****   *
  13:./Drivers/STM32F1xx_HAL_Driver/Src/stm32f1xx_hal_pcd_ex.c ****   ******************************************************************************
  14:./Drivers/STM32F1xx_HAL_Driver/Src/stm32f1xx_hal_pcd_ex.c ****   * @attention
  15:./Drivers/STM32F1xx_HAL_Driver/Src/stm32f1xx_hal_pcd_ex.c ****   *
  16:./Drivers/STM32F1xx_HAL_Driver/Src/stm32f1xx_hal_pcd_ex.c ****   * <h2><center>&copy; COPYRIGHT(c) 2016 STMicroelectronics</center></h2>
  17:./Drivers/STM32F1xx_HAL_Driver/Src/stm32f1xx_hal_pcd_ex.c ****   *
  18:./Drivers/STM32F1xx_HAL_Driver/Src/stm32f1xx_hal_pcd_ex.c ****   * Redistribution and use in source and binary forms, with or without modification,
  19:./Drivers/STM32F1xx_HAL_Driver/Src/stm32f1xx_hal_pcd_ex.c ****   * are permitted provided that the following conditions are met:
  20:./Drivers/STM32F1xx_HAL_Driver/Src/stm32f1xx_hal_pcd_ex.c ****   *   1. Redistributions of source code must retain the above copyright notice,
  21:./Drivers/STM32F1xx_HAL_Driver/Src/stm32f1xx_hal_pcd_ex.c ****   *      this list of conditions and the following disclaimer.
  22:./Drivers/STM32F1xx_HAL_Driver/Src/stm32f1xx_hal_pcd_ex.c ****   *   2. Redistributions in binary form must reproduce the above copyright notice,
  23:./Drivers/STM32F1xx_HAL_Driver/Src/stm32f1xx_hal_pcd_ex.c ****   *      this list of conditions and the following disclaimer in the documentation
  24:./Drivers/STM32F1xx_HAL_Driver/Src/stm32f1xx_hal_pcd_ex.c ****   *      and/or other materials provided with the distribution.
  25:./Drivers/STM32F1xx_HAL_Driver/Src/stm32f1xx_hal_pcd_ex.c ****   *   3. Neither the name of STMicroelectronics nor the names of its contributors
  26:./Drivers/STM32F1xx_HAL_Driver/Src/stm32f1xx_hal_pcd_ex.c ****   *      may be used to endorse or promote products derived from this software
  27:./Drivers/STM32F1xx_HAL_Driver/Src/stm32f1xx_hal_pcd_ex.c ****   *      without specific prior written permission.
  28:./Drivers/STM32F1xx_HAL_Driver/Src/stm32f1xx_hal_pcd_ex.c ****   *
  29:./Drivers/STM32F1xx_HAL_Driver/Src/stm32f1xx_hal_pcd_ex.c ****   * THIS SOFTWARE IS PROVIDED BY THE COPYRIGHT HOLDERS AND CONTRIBUTORS "AS IS"
  30:./Drivers/STM32F1xx_HAL_Driver/Src/stm32f1xx_hal_pcd_ex.c ****   * AND ANY EXPRESS OR IMPLIED WARRANTIES, INCLUDING, BUT NOT LIMITED TO, THE
  31:./Drivers/STM32F1xx_HAL_Driver/Src/stm32f1xx_hal_pcd_ex.c ****   * IMPLIED WARRANTIES OF MERCHANTABILITY AND FITNESS FOR A PARTICULAR PURPOSE ARE
ARM GAS  /tmp/cc38Ecs3.s 			page 2


  32:./Drivers/STM32F1xx_HAL_Driver/Src/stm32f1xx_hal_pcd_ex.c ****   * DISCLAIMED. IN NO EVENT SHALL THE COPYRIGHT HOLDER OR CONTRIBUTORS BE LIABLE
  33:./Drivers/STM32F1xx_HAL_Driver/Src/stm32f1xx_hal_pcd_ex.c ****   * FOR ANY DIRECT, INDIRECT, INCIDENTAL, SPECIAL, EXEMPLARY, OR CONSEQUENTIAL
  34:./Drivers/STM32F1xx_HAL_Driver/Src/stm32f1xx_hal_pcd_ex.c ****   * DAMAGES (INCLUDING, BUT NOT LIMITED TO, PROCUREMENT OF SUBSTITUTE GOODS OR
  35:./Drivers/STM32F1xx_HAL_Driver/Src/stm32f1xx_hal_pcd_ex.c ****   * SERVICES; LOSS OF USE, DATA, OR PROFITS; OR BUSINESS INTERRUPTION) HOWEVER
  36:./Drivers/STM32F1xx_HAL_Driver/Src/stm32f1xx_hal_pcd_ex.c ****   * CAUSED AND ON ANY THEORY OF LIABILITY, WHETHER IN CONTRACT, STRICT LIABILITY,
  37:./Drivers/STM32F1xx_HAL_Driver/Src/stm32f1xx_hal_pcd_ex.c ****   * OR TORT (INCLUDING NEGLIGENCE OR OTHERWISE) ARISING IN ANY WAY OUT OF THE USE
  38:./Drivers/STM32F1xx_HAL_Driver/Src/stm32f1xx_hal_pcd_ex.c ****   * OF THIS SOFTWARE, EVEN IF ADVISED OF THE POSSIBILITY OF SUCH DAMAGE.
  39:./Drivers/STM32F1xx_HAL_Driver/Src/stm32f1xx_hal_pcd_ex.c ****   *
  40:./Drivers/STM32F1xx_HAL_Driver/Src/stm32f1xx_hal_pcd_ex.c ****   ******************************************************************************
  41:./Drivers/STM32F1xx_HAL_Driver/Src/stm32f1xx_hal_pcd_ex.c ****   */
  42:./Drivers/STM32F1xx_HAL_Driver/Src/stm32f1xx_hal_pcd_ex.c **** 
  43:./Drivers/STM32F1xx_HAL_Driver/Src/stm32f1xx_hal_pcd_ex.c **** /* Includes ------------------------------------------------------------------*/
  44:./Drivers/STM32F1xx_HAL_Driver/Src/stm32f1xx_hal_pcd_ex.c **** #include "stm32f1xx_hal.h"
  45:./Drivers/STM32F1xx_HAL_Driver/Src/stm32f1xx_hal_pcd_ex.c **** 
  46:./Drivers/STM32F1xx_HAL_Driver/Src/stm32f1xx_hal_pcd_ex.c **** /** @addtogroup STM32F1xx_HAL_Driver
  47:./Drivers/STM32F1xx_HAL_Driver/Src/stm32f1xx_hal_pcd_ex.c ****   * @{
  48:./Drivers/STM32F1xx_HAL_Driver/Src/stm32f1xx_hal_pcd_ex.c ****   */
  49:./Drivers/STM32F1xx_HAL_Driver/Src/stm32f1xx_hal_pcd_ex.c **** 
  50:./Drivers/STM32F1xx_HAL_Driver/Src/stm32f1xx_hal_pcd_ex.c **** #ifdef HAL_PCD_MODULE_ENABLED
  51:./Drivers/STM32F1xx_HAL_Driver/Src/stm32f1xx_hal_pcd_ex.c **** 
  52:./Drivers/STM32F1xx_HAL_Driver/Src/stm32f1xx_hal_pcd_ex.c **** #if defined(STM32F102x6) || defined(STM32F102xB) || \
  53:./Drivers/STM32F1xx_HAL_Driver/Src/stm32f1xx_hal_pcd_ex.c ****     defined(STM32F103x6) || defined(STM32F103xB) || \
  54:./Drivers/STM32F1xx_HAL_Driver/Src/stm32f1xx_hal_pcd_ex.c ****     defined(STM32F103xE) || defined(STM32F103xG) || \
  55:./Drivers/STM32F1xx_HAL_Driver/Src/stm32f1xx_hal_pcd_ex.c ****     defined(STM32F105xC) || defined(STM32F107xC)
  56:./Drivers/STM32F1xx_HAL_Driver/Src/stm32f1xx_hal_pcd_ex.c **** 
  57:./Drivers/STM32F1xx_HAL_Driver/Src/stm32f1xx_hal_pcd_ex.c **** 
  58:./Drivers/STM32F1xx_HAL_Driver/Src/stm32f1xx_hal_pcd_ex.c **** /** @defgroup PCDEx PCDEx
  59:./Drivers/STM32F1xx_HAL_Driver/Src/stm32f1xx_hal_pcd_ex.c ****   * @brief PCD Extended HAL module driver
  60:./Drivers/STM32F1xx_HAL_Driver/Src/stm32f1xx_hal_pcd_ex.c ****   * @{
  61:./Drivers/STM32F1xx_HAL_Driver/Src/stm32f1xx_hal_pcd_ex.c ****   */
  62:./Drivers/STM32F1xx_HAL_Driver/Src/stm32f1xx_hal_pcd_ex.c **** 
  63:./Drivers/STM32F1xx_HAL_Driver/Src/stm32f1xx_hal_pcd_ex.c **** 
  64:./Drivers/STM32F1xx_HAL_Driver/Src/stm32f1xx_hal_pcd_ex.c **** /* Private types -------------------------------------------------------------*/
  65:./Drivers/STM32F1xx_HAL_Driver/Src/stm32f1xx_hal_pcd_ex.c **** /* Private variables ---------------------------------------------------------*/
  66:./Drivers/STM32F1xx_HAL_Driver/Src/stm32f1xx_hal_pcd_ex.c **** /* Private constants ---------------------------------------------------------*/
  67:./Drivers/STM32F1xx_HAL_Driver/Src/stm32f1xx_hal_pcd_ex.c **** /* Private macros ------------------------------------------------------------*/
  68:./Drivers/STM32F1xx_HAL_Driver/Src/stm32f1xx_hal_pcd_ex.c **** /* Private functions ---------------------------------------------------------*/
  69:./Drivers/STM32F1xx_HAL_Driver/Src/stm32f1xx_hal_pcd_ex.c **** /* Exported functions --------------------------------------------------------*/
  70:./Drivers/STM32F1xx_HAL_Driver/Src/stm32f1xx_hal_pcd_ex.c **** /** @defgroup PCDEx_Exported_Functions PCDEx Exported Functions
  71:./Drivers/STM32F1xx_HAL_Driver/Src/stm32f1xx_hal_pcd_ex.c ****   * @{
  72:./Drivers/STM32F1xx_HAL_Driver/Src/stm32f1xx_hal_pcd_ex.c ****   */
  73:./Drivers/STM32F1xx_HAL_Driver/Src/stm32f1xx_hal_pcd_ex.c **** 
  74:./Drivers/STM32F1xx_HAL_Driver/Src/stm32f1xx_hal_pcd_ex.c **** /** @defgroup PCDEx_Exported_Functions_Group1 Peripheral Control functions
  75:./Drivers/STM32F1xx_HAL_Driver/Src/stm32f1xx_hal_pcd_ex.c ****   * @brief    PCDEx control functions 
  76:./Drivers/STM32F1xx_HAL_Driver/Src/stm32f1xx_hal_pcd_ex.c ****   *
  77:./Drivers/STM32F1xx_HAL_Driver/Src/stm32f1xx_hal_pcd_ex.c **** @verbatim
  78:./Drivers/STM32F1xx_HAL_Driver/Src/stm32f1xx_hal_pcd_ex.c ****  ===============================================================================
  79:./Drivers/STM32F1xx_HAL_Driver/Src/stm32f1xx_hal_pcd_ex.c ****               ##### Extended Peripheral Control functions #####
  80:./Drivers/STM32F1xx_HAL_Driver/Src/stm32f1xx_hal_pcd_ex.c ****  ===============================================================================
  81:./Drivers/STM32F1xx_HAL_Driver/Src/stm32f1xx_hal_pcd_ex.c ****     [..]  This section provides functions allowing to:
  82:./Drivers/STM32F1xx_HAL_Driver/Src/stm32f1xx_hal_pcd_ex.c ****       (+) Update FIFO (USB_OTG_FS)
  83:./Drivers/STM32F1xx_HAL_Driver/Src/stm32f1xx_hal_pcd_ex.c ****       (+) Update PMA configuration (USB)
  84:./Drivers/STM32F1xx_HAL_Driver/Src/stm32f1xx_hal_pcd_ex.c **** 
  85:./Drivers/STM32F1xx_HAL_Driver/Src/stm32f1xx_hal_pcd_ex.c **** @endverbatim
  86:./Drivers/STM32F1xx_HAL_Driver/Src/stm32f1xx_hal_pcd_ex.c ****   * @{
  87:./Drivers/STM32F1xx_HAL_Driver/Src/stm32f1xx_hal_pcd_ex.c ****   */
  88:./Drivers/STM32F1xx_HAL_Driver/Src/stm32f1xx_hal_pcd_ex.c **** 
ARM GAS  /tmp/cc38Ecs3.s 			page 3


  89:./Drivers/STM32F1xx_HAL_Driver/Src/stm32f1xx_hal_pcd_ex.c **** #if defined (USB_OTG_FS)
  90:./Drivers/STM32F1xx_HAL_Driver/Src/stm32f1xx_hal_pcd_ex.c **** /**
  91:./Drivers/STM32F1xx_HAL_Driver/Src/stm32f1xx_hal_pcd_ex.c ****   * @brief  Set Tx FIFO
  92:./Drivers/STM32F1xx_HAL_Driver/Src/stm32f1xx_hal_pcd_ex.c ****   * @param  hpcd: PCD handle
  93:./Drivers/STM32F1xx_HAL_Driver/Src/stm32f1xx_hal_pcd_ex.c ****   * @param  fifo: The number of Tx fifo
  94:./Drivers/STM32F1xx_HAL_Driver/Src/stm32f1xx_hal_pcd_ex.c ****   * @param  size: Fifo size
  95:./Drivers/STM32F1xx_HAL_Driver/Src/stm32f1xx_hal_pcd_ex.c ****   * @retval HAL status
  96:./Drivers/STM32F1xx_HAL_Driver/Src/stm32f1xx_hal_pcd_ex.c ****   */
  97:./Drivers/STM32F1xx_HAL_Driver/Src/stm32f1xx_hal_pcd_ex.c **** HAL_StatusTypeDef HAL_PCDEx_SetTxFiFo(PCD_HandleTypeDef *hpcd, uint8_t fifo, uint16_t size)
  98:./Drivers/STM32F1xx_HAL_Driver/Src/stm32f1xx_hal_pcd_ex.c **** {
  99:./Drivers/STM32F1xx_HAL_Driver/Src/stm32f1xx_hal_pcd_ex.c ****   uint8_t index = 0;
 100:./Drivers/STM32F1xx_HAL_Driver/Src/stm32f1xx_hal_pcd_ex.c ****   uint32_t Tx_Offset = 0U;
 101:./Drivers/STM32F1xx_HAL_Driver/Src/stm32f1xx_hal_pcd_ex.c ****   
 102:./Drivers/STM32F1xx_HAL_Driver/Src/stm32f1xx_hal_pcd_ex.c ****   /*  TXn min size = 16 words. (n  : Transmit FIFO index)
 103:./Drivers/STM32F1xx_HAL_Driver/Src/stm32f1xx_hal_pcd_ex.c ****       When a TxFIFO is not used, the Configuration should be as follows: 
 104:./Drivers/STM32F1xx_HAL_Driver/Src/stm32f1xx_hal_pcd_ex.c ****           case 1 :  n > m    and Txn is not used    (n,m  : Transmit FIFO indexes)
 105:./Drivers/STM32F1xx_HAL_Driver/Src/stm32f1xx_hal_pcd_ex.c ****          --> Txm can use the space allocated for Txn.
 106:./Drivers/STM32F1xx_HAL_Driver/Src/stm32f1xx_hal_pcd_ex.c ****          case2  :  n < m    and Txn is not used    (n,m  : Transmit FIFO indexes)
 107:./Drivers/STM32F1xx_HAL_Driver/Src/stm32f1xx_hal_pcd_ex.c ****          --> Txn should be configured with the minimum space of 16 words
 108:./Drivers/STM32F1xx_HAL_Driver/Src/stm32f1xx_hal_pcd_ex.c ****      The FIFO is used optimally when used TxFIFOs are allocated in the top 
 109:./Drivers/STM32F1xx_HAL_Driver/Src/stm32f1xx_hal_pcd_ex.c ****          of the FIFO.Ex: use EP1 and EP2 as IN instead of EP1 and EP3 as IN ones.
 110:./Drivers/STM32F1xx_HAL_Driver/Src/stm32f1xx_hal_pcd_ex.c ****      When DMA is used 3n * FIFO locations should be reserved for internal DMA registers */
 111:./Drivers/STM32F1xx_HAL_Driver/Src/stm32f1xx_hal_pcd_ex.c ****   
 112:./Drivers/STM32F1xx_HAL_Driver/Src/stm32f1xx_hal_pcd_ex.c ****   Tx_Offset = hpcd->Instance->GRXFSIZ;
 113:./Drivers/STM32F1xx_HAL_Driver/Src/stm32f1xx_hal_pcd_ex.c ****   
 114:./Drivers/STM32F1xx_HAL_Driver/Src/stm32f1xx_hal_pcd_ex.c ****   if(fifo == 0U)
 115:./Drivers/STM32F1xx_HAL_Driver/Src/stm32f1xx_hal_pcd_ex.c ****   {
 116:./Drivers/STM32F1xx_HAL_Driver/Src/stm32f1xx_hal_pcd_ex.c ****     hpcd->Instance->DIEPTXF0_HNPTXFSIZ = (size << 16U) | Tx_Offset;
 117:./Drivers/STM32F1xx_HAL_Driver/Src/stm32f1xx_hal_pcd_ex.c ****   }
 118:./Drivers/STM32F1xx_HAL_Driver/Src/stm32f1xx_hal_pcd_ex.c ****   else
 119:./Drivers/STM32F1xx_HAL_Driver/Src/stm32f1xx_hal_pcd_ex.c ****   {
 120:./Drivers/STM32F1xx_HAL_Driver/Src/stm32f1xx_hal_pcd_ex.c ****     Tx_Offset += (hpcd->Instance->DIEPTXF0_HNPTXFSIZ) >> 16U;
 121:./Drivers/STM32F1xx_HAL_Driver/Src/stm32f1xx_hal_pcd_ex.c ****     for(index = 0; index < (fifo - 1); index++)
 122:./Drivers/STM32F1xx_HAL_Driver/Src/stm32f1xx_hal_pcd_ex.c ****     {
 123:./Drivers/STM32F1xx_HAL_Driver/Src/stm32f1xx_hal_pcd_ex.c ****       Tx_Offset += (hpcd->Instance->DIEPTXF[index] >> 16U);
 124:./Drivers/STM32F1xx_HAL_Driver/Src/stm32f1xx_hal_pcd_ex.c ****     }
 125:./Drivers/STM32F1xx_HAL_Driver/Src/stm32f1xx_hal_pcd_ex.c ****     
 126:./Drivers/STM32F1xx_HAL_Driver/Src/stm32f1xx_hal_pcd_ex.c ****     /* Multiply Tx_Size by 2 to get higher performance */
 127:./Drivers/STM32F1xx_HAL_Driver/Src/stm32f1xx_hal_pcd_ex.c ****     hpcd->Instance->DIEPTXF[fifo - 1U] = (size << 16U) | Tx_Offset;
 128:./Drivers/STM32F1xx_HAL_Driver/Src/stm32f1xx_hal_pcd_ex.c ****     
 129:./Drivers/STM32F1xx_HAL_Driver/Src/stm32f1xx_hal_pcd_ex.c ****   }
 130:./Drivers/STM32F1xx_HAL_Driver/Src/stm32f1xx_hal_pcd_ex.c ****   
 131:./Drivers/STM32F1xx_HAL_Driver/Src/stm32f1xx_hal_pcd_ex.c ****   return HAL_OK;
 132:./Drivers/STM32F1xx_HAL_Driver/Src/stm32f1xx_hal_pcd_ex.c **** }
 133:./Drivers/STM32F1xx_HAL_Driver/Src/stm32f1xx_hal_pcd_ex.c **** 
 134:./Drivers/STM32F1xx_HAL_Driver/Src/stm32f1xx_hal_pcd_ex.c **** /**
 135:./Drivers/STM32F1xx_HAL_Driver/Src/stm32f1xx_hal_pcd_ex.c ****   * @brief  Set Rx FIFO
 136:./Drivers/STM32F1xx_HAL_Driver/Src/stm32f1xx_hal_pcd_ex.c ****   * @param  hpcd: PCD handle
 137:./Drivers/STM32F1xx_HAL_Driver/Src/stm32f1xx_hal_pcd_ex.c ****   * @param  size: Size of Rx fifo
 138:./Drivers/STM32F1xx_HAL_Driver/Src/stm32f1xx_hal_pcd_ex.c ****   * @retval HAL status
 139:./Drivers/STM32F1xx_HAL_Driver/Src/stm32f1xx_hal_pcd_ex.c ****   */
 140:./Drivers/STM32F1xx_HAL_Driver/Src/stm32f1xx_hal_pcd_ex.c **** HAL_StatusTypeDef HAL_PCDEx_SetRxFiFo(PCD_HandleTypeDef *hpcd, uint16_t size)
 141:./Drivers/STM32F1xx_HAL_Driver/Src/stm32f1xx_hal_pcd_ex.c **** {
 142:./Drivers/STM32F1xx_HAL_Driver/Src/stm32f1xx_hal_pcd_ex.c ****   hpcd->Instance->GRXFSIZ = size;
 143:./Drivers/STM32F1xx_HAL_Driver/Src/stm32f1xx_hal_pcd_ex.c ****   return HAL_OK;
 144:./Drivers/STM32F1xx_HAL_Driver/Src/stm32f1xx_hal_pcd_ex.c **** }
 145:./Drivers/STM32F1xx_HAL_Driver/Src/stm32f1xx_hal_pcd_ex.c **** #endif /* USB_OTG_FS */
ARM GAS  /tmp/cc38Ecs3.s 			page 4


 146:./Drivers/STM32F1xx_HAL_Driver/Src/stm32f1xx_hal_pcd_ex.c **** 
 147:./Drivers/STM32F1xx_HAL_Driver/Src/stm32f1xx_hal_pcd_ex.c **** #if defined (USB)
 148:./Drivers/STM32F1xx_HAL_Driver/Src/stm32f1xx_hal_pcd_ex.c **** /**
 149:./Drivers/STM32F1xx_HAL_Driver/Src/stm32f1xx_hal_pcd_ex.c ****   * @brief  Configure PMA for EP
 150:./Drivers/STM32F1xx_HAL_Driver/Src/stm32f1xx_hal_pcd_ex.c ****   * @param  hpcd : Device instance
 151:./Drivers/STM32F1xx_HAL_Driver/Src/stm32f1xx_hal_pcd_ex.c ****   * @param  ep_addr: endpoint address
 152:./Drivers/STM32F1xx_HAL_Driver/Src/stm32f1xx_hal_pcd_ex.c ****   * @param  ep_kind: endpoint Kind
 153:./Drivers/STM32F1xx_HAL_Driver/Src/stm32f1xx_hal_pcd_ex.c ****   *                  USB_SNG_BUF: Single Buffer used
 154:./Drivers/STM32F1xx_HAL_Driver/Src/stm32f1xx_hal_pcd_ex.c ****   *                  USB_DBL_BUF: Double Buffer used
 155:./Drivers/STM32F1xx_HAL_Driver/Src/stm32f1xx_hal_pcd_ex.c ****   * @param  pmaadress: EP address in The PMA: In case of single buffer endpoint
 156:./Drivers/STM32F1xx_HAL_Driver/Src/stm32f1xx_hal_pcd_ex.c ****   *                   this parameter is 16-bit value providing the address
 157:./Drivers/STM32F1xx_HAL_Driver/Src/stm32f1xx_hal_pcd_ex.c ****   *                   in PMA allocated to endpoint.
 158:./Drivers/STM32F1xx_HAL_Driver/Src/stm32f1xx_hal_pcd_ex.c ****   *                   In case of double buffer endpoint this parameter
 159:./Drivers/STM32F1xx_HAL_Driver/Src/stm32f1xx_hal_pcd_ex.c ****   *                   is a 32-bit value providing the endpoint buffer 0 address
 160:./Drivers/STM32F1xx_HAL_Driver/Src/stm32f1xx_hal_pcd_ex.c ****   *                   in the LSB part of 32-bit value and endpoint buffer 1 address
 161:./Drivers/STM32F1xx_HAL_Driver/Src/stm32f1xx_hal_pcd_ex.c ****   *                   in the MSB part of 32-bit value.
 162:./Drivers/STM32F1xx_HAL_Driver/Src/stm32f1xx_hal_pcd_ex.c ****   * @retval HAL status
 163:./Drivers/STM32F1xx_HAL_Driver/Src/stm32f1xx_hal_pcd_ex.c ****   */
 164:./Drivers/STM32F1xx_HAL_Driver/Src/stm32f1xx_hal_pcd_ex.c **** 
 165:./Drivers/STM32F1xx_HAL_Driver/Src/stm32f1xx_hal_pcd_ex.c **** HAL_StatusTypeDef  HAL_PCDEx_PMAConfig(PCD_HandleTypeDef *hpcd, 
 166:./Drivers/STM32F1xx_HAL_Driver/Src/stm32f1xx_hal_pcd_ex.c ****                                        uint16_t ep_addr,
 167:./Drivers/STM32F1xx_HAL_Driver/Src/stm32f1xx_hal_pcd_ex.c ****                                        uint16_t ep_kind,
 168:./Drivers/STM32F1xx_HAL_Driver/Src/stm32f1xx_hal_pcd_ex.c ****                                        uint32_t pmaadress)
 169:./Drivers/STM32F1xx_HAL_Driver/Src/stm32f1xx_hal_pcd_ex.c **** 
 170:./Drivers/STM32F1xx_HAL_Driver/Src/stm32f1xx_hal_pcd_ex.c **** {
  28              		.loc 1 170 0
  29              		.cfi_startproc
  30              		@ args = 0, pretend = 0, frame = 0
  31              		@ frame_needed = 0, uses_anonymous_args = 0
  32              		@ link register save eliminated.
  33              	.LVL0:
  34 0000 10B4     		push	{r4}
  35              	.LCFI0:
  36              		.cfi_def_cfa_offset 4
  37              		.cfi_offset 4, -4
  38              	.LVL1:
 171:./Drivers/STM32F1xx_HAL_Driver/Src/stm32f1xx_hal_pcd_ex.c ****   PCD_EPTypeDef *ep = NULL;
 172:./Drivers/STM32F1xx_HAL_Driver/Src/stm32f1xx_hal_pcd_ex.c ****   
 173:./Drivers/STM32F1xx_HAL_Driver/Src/stm32f1xx_hal_pcd_ex.c ****   /* initialize ep structure*/
 174:./Drivers/STM32F1xx_HAL_Driver/Src/stm32f1xx_hal_pcd_ex.c ****   if ((ep_addr & 0x80U) == 0x80U)
  39              		.loc 1 174 0
  40 0002 01F08004 		and	r4, r1, #128
  41 0006 A4B2     		uxth	r4, r4
  42 0008 2CB1     		cbz	r4, .L2
 175:./Drivers/STM32F1xx_HAL_Driver/Src/stm32f1xx_hal_pcd_ex.c ****   {
 176:./Drivers/STM32F1xx_HAL_Driver/Src/stm32f1xx_hal_pcd_ex.c ****     ep = &hpcd->IN_ep[ep_addr & 0x7FU];
  43              		.loc 1 176 0
  44 000a 01F07F01 		and	r1, r1, #127
  45              	.LVL2:
  46 000e 4901     		lsls	r1, r1, #5
  47 0010 2831     		adds	r1, r1, #40
  48 0012 0144     		add	r1, r1, r0
  49              	.LVL3:
  50 0014 03E0     		b	.L3
  51              	.LVL4:
  52              	.L2:
 177:./Drivers/STM32F1xx_HAL_Driver/Src/stm32f1xx_hal_pcd_ex.c ****   }
ARM GAS  /tmp/cc38Ecs3.s 			page 5


 178:./Drivers/STM32F1xx_HAL_Driver/Src/stm32f1xx_hal_pcd_ex.c ****   else
 179:./Drivers/STM32F1xx_HAL_Driver/Src/stm32f1xx_hal_pcd_ex.c ****   {
 180:./Drivers/STM32F1xx_HAL_Driver/Src/stm32f1xx_hal_pcd_ex.c ****     ep = &hpcd->OUT_ep[ep_addr];
  53              		.loc 1 180 0
  54 0016 4901     		lsls	r1, r1, #5
  55              	.LVL5:
  56 0018 01F50A71 		add	r1, r1, #552
  57 001c 0144     		add	r1, r1, r0
  58              	.LVL6:
  59              	.L3:
 181:./Drivers/STM32F1xx_HAL_Driver/Src/stm32f1xx_hal_pcd_ex.c ****   }
 182:./Drivers/STM32F1xx_HAL_Driver/Src/stm32f1xx_hal_pcd_ex.c ****   
 183:./Drivers/STM32F1xx_HAL_Driver/Src/stm32f1xx_hal_pcd_ex.c ****   /* Here we check if the endpoint is single or double Buffer*/
 184:./Drivers/STM32F1xx_HAL_Driver/Src/stm32f1xx_hal_pcd_ex.c ****   if (ep_kind == PCD_SNG_BUF)
  60              		.loc 1 184 0
  61 001e 12B9     		cbnz	r2, .L4
 185:./Drivers/STM32F1xx_HAL_Driver/Src/stm32f1xx_hal_pcd_ex.c ****   {
 186:./Drivers/STM32F1xx_HAL_Driver/Src/stm32f1xx_hal_pcd_ex.c ****     /*Single Buffer*/
 187:./Drivers/STM32F1xx_HAL_Driver/Src/stm32f1xx_hal_pcd_ex.c ****     ep->doublebuffer = 0U;
  62              		.loc 1 187 0
  63 0020 8A72     		strb	r2, [r1, #10]
 188:./Drivers/STM32F1xx_HAL_Driver/Src/stm32f1xx_hal_pcd_ex.c ****     /*Configure te PMA*/
 189:./Drivers/STM32F1xx_HAL_Driver/Src/stm32f1xx_hal_pcd_ex.c ****     ep->pmaadress = (uint16_t)pmaadress;
  64              		.loc 1 189 0
  65 0022 8B80     		strh	r3, [r1, #4]	@ movhi
  66 0024 04E0     		b	.L5
  67              	.L4:
 190:./Drivers/STM32F1xx_HAL_Driver/Src/stm32f1xx_hal_pcd_ex.c ****   }
 191:./Drivers/STM32F1xx_HAL_Driver/Src/stm32f1xx_hal_pcd_ex.c ****   else /*USB_DBL_BUF*/
 192:./Drivers/STM32F1xx_HAL_Driver/Src/stm32f1xx_hal_pcd_ex.c ****   {
 193:./Drivers/STM32F1xx_HAL_Driver/Src/stm32f1xx_hal_pcd_ex.c ****     /*Double Buffer Endpoint*/
 194:./Drivers/STM32F1xx_HAL_Driver/Src/stm32f1xx_hal_pcd_ex.c ****     ep->doublebuffer = 1U;
  68              		.loc 1 194 0
  69 0026 0122     		movs	r2, #1
  70              	.LVL7:
  71 0028 8A72     		strb	r2, [r1, #10]
 195:./Drivers/STM32F1xx_HAL_Driver/Src/stm32f1xx_hal_pcd_ex.c ****     /*Configure the PMA*/
 196:./Drivers/STM32F1xx_HAL_Driver/Src/stm32f1xx_hal_pcd_ex.c ****     ep->pmaaddr0 =  pmaadress & 0x0000FFFFU;
  72              		.loc 1 196 0
  73 002a CB80     		strh	r3, [r1, #6]	@ movhi
 197:./Drivers/STM32F1xx_HAL_Driver/Src/stm32f1xx_hal_pcd_ex.c ****     ep->pmaaddr1 =  (pmaadress & 0xFFFF0000U) >> 16U;
  74              		.loc 1 197 0
  75 002c 1B0C     		lsrs	r3, r3, #16
  76              	.LVL8:
  77 002e 0B81     		strh	r3, [r1, #8]	@ movhi
  78              	.L5:
 198:./Drivers/STM32F1xx_HAL_Driver/Src/stm32f1xx_hal_pcd_ex.c ****   }
 199:./Drivers/STM32F1xx_HAL_Driver/Src/stm32f1xx_hal_pcd_ex.c ****   
 200:./Drivers/STM32F1xx_HAL_Driver/Src/stm32f1xx_hal_pcd_ex.c ****   return HAL_OK; 
 201:./Drivers/STM32F1xx_HAL_Driver/Src/stm32f1xx_hal_pcd_ex.c **** }
  79              		.loc 1 201 0
  80 0030 0020     		movs	r0, #0
  81              	.LVL9:
  82 0032 10BC     		pop	{r4}
  83              	.LCFI1:
  84              		.cfi_restore 4
  85              		.cfi_def_cfa_offset 0
ARM GAS  /tmp/cc38Ecs3.s 			page 6


  86 0034 7047     		bx	lr
  87              		.cfi_endproc
  88              	.LFE64:
  90              		.section	.text.HAL_PCDEx_SetConnectionState,"ax",%progbits
  91              		.align	2
  92              		.weak	HAL_PCDEx_SetConnectionState
  93              		.thumb
  94              		.thumb_func
  96              	HAL_PCDEx_SetConnectionState:
  97              	.LFB65:
 202:./Drivers/STM32F1xx_HAL_Driver/Src/stm32f1xx_hal_pcd_ex.c **** #endif /* USB */
 203:./Drivers/STM32F1xx_HAL_Driver/Src/stm32f1xx_hal_pcd_ex.c **** /**
 204:./Drivers/STM32F1xx_HAL_Driver/Src/stm32f1xx_hal_pcd_ex.c ****   * @}
 205:./Drivers/STM32F1xx_HAL_Driver/Src/stm32f1xx_hal_pcd_ex.c ****   */
 206:./Drivers/STM32F1xx_HAL_Driver/Src/stm32f1xx_hal_pcd_ex.c **** 
 207:./Drivers/STM32F1xx_HAL_Driver/Src/stm32f1xx_hal_pcd_ex.c **** /** @defgroup PCDEx_Exported_Functions_Group2 Peripheral State functions
 208:./Drivers/STM32F1xx_HAL_Driver/Src/stm32f1xx_hal_pcd_ex.c ****   * @brief    Manage device connection state  
 209:./Drivers/STM32F1xx_HAL_Driver/Src/stm32f1xx_hal_pcd_ex.c ****   * @{
 210:./Drivers/STM32F1xx_HAL_Driver/Src/stm32f1xx_hal_pcd_ex.c ****   */
 211:./Drivers/STM32F1xx_HAL_Driver/Src/stm32f1xx_hal_pcd_ex.c **** /**
 212:./Drivers/STM32F1xx_HAL_Driver/Src/stm32f1xx_hal_pcd_ex.c ****   * @brief  Software Device Connection,  
 213:./Drivers/STM32F1xx_HAL_Driver/Src/stm32f1xx_hal_pcd_ex.c ****   *         this function is not required by USB OTG FS peripheral, it is used 
 214:./Drivers/STM32F1xx_HAL_Driver/Src/stm32f1xx_hal_pcd_ex.c ****   *         only by USB Device FS peripheral.
 215:./Drivers/STM32F1xx_HAL_Driver/Src/stm32f1xx_hal_pcd_ex.c ****   * @param  hpcd: PCD handle
 216:./Drivers/STM32F1xx_HAL_Driver/Src/stm32f1xx_hal_pcd_ex.c ****   * @param  state: connection state (0 : disconnected / 1: connected)
 217:./Drivers/STM32F1xx_HAL_Driver/Src/stm32f1xx_hal_pcd_ex.c ****   * @retval None
 218:./Drivers/STM32F1xx_HAL_Driver/Src/stm32f1xx_hal_pcd_ex.c ****   */
 219:./Drivers/STM32F1xx_HAL_Driver/Src/stm32f1xx_hal_pcd_ex.c **** __weak void HAL_PCDEx_SetConnectionState(PCD_HandleTypeDef *hpcd, uint8_t state)
 220:./Drivers/STM32F1xx_HAL_Driver/Src/stm32f1xx_hal_pcd_ex.c **** {
  98              		.loc 1 220 0
  99              		.cfi_startproc
 100              		@ args = 0, pretend = 0, frame = 0
 101              		@ frame_needed = 0, uses_anonymous_args = 0
 102              		@ link register save eliminated.
 103              	.LVL10:
 104 0000 7047     		bx	lr
 105              		.cfi_endproc
 106              	.LFE65:
 108 0002 00BF     		.text
 109              	.Letext0:
 110              		.file 2 "/opt/toolchain/gcc-arm-none-eabi-5_4-2016q3/arm-none-eabi/include/machine/_default_types.
 111              		.file 3 "/opt/toolchain/gcc-arm-none-eabi-5_4-2016q3/arm-none-eabi/include/sys/_stdint.h"
 112              		.file 4 "Drivers/CMSIS/Device/Inc/stm32f103xb.h"
 113              		.file 5 "Drivers/STM32F1xx_HAL_Driver/Inc/stm32f1xx_hal_def.h"
 114              		.file 6 "Drivers/STM32F1xx_HAL_Driver/Inc/stm32f1xx_ll_usb.h"
 115              		.file 7 "Drivers/STM32F1xx_HAL_Driver/Inc/stm32f1xx_hal_pcd.h"
 116              		.file 8 "Drivers/CMSIS/Inc/core_cm3.h"
ARM GAS  /tmp/cc38Ecs3.s 			page 7


DEFINED SYMBOLS
                            *ABS*:00000000 stm32f1xx_hal_pcd_ex.c
     /tmp/cc38Ecs3.s:20     .text.HAL_PCDEx_PMAConfig:00000000 $t
     /tmp/cc38Ecs3.s:25     .text.HAL_PCDEx_PMAConfig:00000000 HAL_PCDEx_PMAConfig
     /tmp/cc38Ecs3.s:91     .text.HAL_PCDEx_SetConnectionState:00000000 $t
     /tmp/cc38Ecs3.s:96     .text.HAL_PCDEx_SetConnectionState:00000000 HAL_PCDEx_SetConnectionState
                     .debug_frame:00000010 $d

NO UNDEFINED SYMBOLS
