ARM GAS  /tmp/cckRc54B.s 			page 1


   1              		.syntax unified
   2              		.cpu cortex-m3
   3              		.fpu softvfp
   4              		.eabi_attribute 20, 1
   5              		.eabi_attribute 21, 1
   6              		.eabi_attribute 23, 3
   7              		.eabi_attribute 24, 1
   8              		.eabi_attribute 25, 1
   9              		.eabi_attribute 26, 1
  10              		.eabi_attribute 30, 1
  11              		.eabi_attribute 34, 1
  12              		.eabi_attribute 18, 4
  13              		.thumb
  14              		.syntax unified
  15              		.file	"stm32f1xx_hal_crc.c"
  16              		.text
  17              	.Ltext0:
  18              		.cfi_sections	.debug_frame
  19              		.section	.text.HAL_CRC_MspInit,"ax",%progbits
  20              		.align	2
  21              		.weak	HAL_CRC_MspInit
  22              		.thumb
  23              		.thumb_func
  25              	HAL_CRC_MspInit:
  26              	.LFB66:
  27              		.file 1 "./Drivers/STM32F1xx_HAL_Driver/Src/stm32f1xx_hal_crc.c"
   1:./Drivers/STM32F1xx_HAL_Driver/Src/stm32f1xx_hal_crc.c **** /**
   2:./Drivers/STM32F1xx_HAL_Driver/Src/stm32f1xx_hal_crc.c ****   ******************************************************************************
   3:./Drivers/STM32F1xx_HAL_Driver/Src/stm32f1xx_hal_crc.c ****   * @file    stm32f1xx_hal_crc.c
   4:./Drivers/STM32F1xx_HAL_Driver/Src/stm32f1xx_hal_crc.c ****   * @author  MCD Application Team
   5:./Drivers/STM32F1xx_HAL_Driver/Src/stm32f1xx_hal_crc.c ****   * @version V1.1.1
   6:./Drivers/STM32F1xx_HAL_Driver/Src/stm32f1xx_hal_crc.c ****   * @date    12-May-2017
   7:./Drivers/STM32F1xx_HAL_Driver/Src/stm32f1xx_hal_crc.c ****   * @brief   CRC HAL module driver.
   8:./Drivers/STM32F1xx_HAL_Driver/Src/stm32f1xx_hal_crc.c ****   *          This file provides firmware functions to manage the following 
   9:./Drivers/STM32F1xx_HAL_Driver/Src/stm32f1xx_hal_crc.c ****   *          functionalities of the Cyclic Redundancy Check (CRC) peripheral:
  10:./Drivers/STM32F1xx_HAL_Driver/Src/stm32f1xx_hal_crc.c ****   *           + Initialization and de-initialization functions
  11:./Drivers/STM32F1xx_HAL_Driver/Src/stm32f1xx_hal_crc.c ****   *           + Peripheral Control functions 
  12:./Drivers/STM32F1xx_HAL_Driver/Src/stm32f1xx_hal_crc.c ****   *           + Peripheral State functions
  13:./Drivers/STM32F1xx_HAL_Driver/Src/stm32f1xx_hal_crc.c ****   *
  14:./Drivers/STM32F1xx_HAL_Driver/Src/stm32f1xx_hal_crc.c ****   @verbatim
  15:./Drivers/STM32F1xx_HAL_Driver/Src/stm32f1xx_hal_crc.c ****   ==============================================================================
  16:./Drivers/STM32F1xx_HAL_Driver/Src/stm32f1xx_hal_crc.c ****                      ##### How to use this driver #####
  17:./Drivers/STM32F1xx_HAL_Driver/Src/stm32f1xx_hal_crc.c ****   ==============================================================================
  18:./Drivers/STM32F1xx_HAL_Driver/Src/stm32f1xx_hal_crc.c ****     [..]
  19:./Drivers/STM32F1xx_HAL_Driver/Src/stm32f1xx_hal_crc.c ****       The CRC HAL driver can be used as follows:
  20:./Drivers/STM32F1xx_HAL_Driver/Src/stm32f1xx_hal_crc.c **** 
  21:./Drivers/STM32F1xx_HAL_Driver/Src/stm32f1xx_hal_crc.c ****       (#) Enable CRC AHB clock using __HAL_RCC_CRC_CLK_ENABLE();
  22:./Drivers/STM32F1xx_HAL_Driver/Src/stm32f1xx_hal_crc.c **** 
  23:./Drivers/STM32F1xx_HAL_Driver/Src/stm32f1xx_hal_crc.c ****       (#) Use HAL_CRC_Accumulate() function to compute the CRC value of 
  24:./Drivers/STM32F1xx_HAL_Driver/Src/stm32f1xx_hal_crc.c ****           a 32-bit data buffer using combination of the previous CRC value
  25:./Drivers/STM32F1xx_HAL_Driver/Src/stm32f1xx_hal_crc.c ****           and the new one.
  26:./Drivers/STM32F1xx_HAL_Driver/Src/stm32f1xx_hal_crc.c **** 
  27:./Drivers/STM32F1xx_HAL_Driver/Src/stm32f1xx_hal_crc.c ****       (#) Use HAL_CRC_Calculate() function to compute the CRC Value of 
  28:./Drivers/STM32F1xx_HAL_Driver/Src/stm32f1xx_hal_crc.c ****           a new 32-bit data buffer. This function resets the CRC computation  
  29:./Drivers/STM32F1xx_HAL_Driver/Src/stm32f1xx_hal_crc.c ****           unit before starting the computation to avoid getting wrong CRC values.
  30:./Drivers/STM32F1xx_HAL_Driver/Src/stm32f1xx_hal_crc.c **** 
  31:./Drivers/STM32F1xx_HAL_Driver/Src/stm32f1xx_hal_crc.c ****   @endverbatim
ARM GAS  /tmp/cckRc54B.s 			page 2


  32:./Drivers/STM32F1xx_HAL_Driver/Src/stm32f1xx_hal_crc.c ****   ******************************************************************************
  33:./Drivers/STM32F1xx_HAL_Driver/Src/stm32f1xx_hal_crc.c ****   * @attention
  34:./Drivers/STM32F1xx_HAL_Driver/Src/stm32f1xx_hal_crc.c ****   *
  35:./Drivers/STM32F1xx_HAL_Driver/Src/stm32f1xx_hal_crc.c ****   * <h2><center>&copy; COPYRIGHT(c) 2016 STMicroelectronics</center></h2>
  36:./Drivers/STM32F1xx_HAL_Driver/Src/stm32f1xx_hal_crc.c ****   *
  37:./Drivers/STM32F1xx_HAL_Driver/Src/stm32f1xx_hal_crc.c ****   * Redistribution and use in source and binary forms, with or without modification,
  38:./Drivers/STM32F1xx_HAL_Driver/Src/stm32f1xx_hal_crc.c ****   * are permitted provided that the following conditions are met:
  39:./Drivers/STM32F1xx_HAL_Driver/Src/stm32f1xx_hal_crc.c ****   *   1. Redistributions of source code must retain the above copyright notice,
  40:./Drivers/STM32F1xx_HAL_Driver/Src/stm32f1xx_hal_crc.c ****   *      this list of conditions and the following disclaimer.
  41:./Drivers/STM32F1xx_HAL_Driver/Src/stm32f1xx_hal_crc.c ****   *   2. Redistributions in binary form must reproduce the above copyright notice,
  42:./Drivers/STM32F1xx_HAL_Driver/Src/stm32f1xx_hal_crc.c ****   *      this list of conditions and the following disclaimer in the documentation
  43:./Drivers/STM32F1xx_HAL_Driver/Src/stm32f1xx_hal_crc.c ****   *      and/or other materials provided with the distribution.
  44:./Drivers/STM32F1xx_HAL_Driver/Src/stm32f1xx_hal_crc.c ****   *   3. Neither the name of STMicroelectronics nor the names of its contributors
  45:./Drivers/STM32F1xx_HAL_Driver/Src/stm32f1xx_hal_crc.c ****   *      may be used to endorse or promote products derived from this software
  46:./Drivers/STM32F1xx_HAL_Driver/Src/stm32f1xx_hal_crc.c ****   *      without specific prior written permission.
  47:./Drivers/STM32F1xx_HAL_Driver/Src/stm32f1xx_hal_crc.c ****   *
  48:./Drivers/STM32F1xx_HAL_Driver/Src/stm32f1xx_hal_crc.c ****   * THIS SOFTWARE IS PROVIDED BY THE COPYRIGHT HOLDERS AND CONTRIBUTORS "AS IS"
  49:./Drivers/STM32F1xx_HAL_Driver/Src/stm32f1xx_hal_crc.c ****   * AND ANY EXPRESS OR IMPLIED WARRANTIES, INCLUDING, BUT NOT LIMITED TO, THE
  50:./Drivers/STM32F1xx_HAL_Driver/Src/stm32f1xx_hal_crc.c ****   * IMPLIED WARRANTIES OF MERCHANTABILITY AND FITNESS FOR A PARTICULAR PURPOSE ARE
  51:./Drivers/STM32F1xx_HAL_Driver/Src/stm32f1xx_hal_crc.c ****   * DISCLAIMED. IN NO EVENT SHALL THE COPYRIGHT HOLDER OR CONTRIBUTORS BE LIABLE
  52:./Drivers/STM32F1xx_HAL_Driver/Src/stm32f1xx_hal_crc.c ****   * FOR ANY DIRECT, INDIRECT, INCIDENTAL, SPECIAL, EXEMPLARY, OR CONSEQUENTIAL
  53:./Drivers/STM32F1xx_HAL_Driver/Src/stm32f1xx_hal_crc.c ****   * DAMAGES (INCLUDING, BUT NOT LIMITED TO, PROCUREMENT OF SUBSTITUTE GOODS OR
  54:./Drivers/STM32F1xx_HAL_Driver/Src/stm32f1xx_hal_crc.c ****   * SERVICES; LOSS OF USE, DATA, OR PROFITS; OR BUSINESS INTERRUPTION) HOWEVER
  55:./Drivers/STM32F1xx_HAL_Driver/Src/stm32f1xx_hal_crc.c ****   * CAUSED AND ON ANY THEORY OF LIABILITY, WHETHER IN CONTRACT, STRICT LIABILITY,
  56:./Drivers/STM32F1xx_HAL_Driver/Src/stm32f1xx_hal_crc.c ****   * OR TORT (INCLUDING NEGLIGENCE OR OTHERWISE) ARISING IN ANY WAY OUT OF THE USE
  57:./Drivers/STM32F1xx_HAL_Driver/Src/stm32f1xx_hal_crc.c ****   * OF THIS SOFTWARE, EVEN IF ADVISED OF THE POSSIBILITY OF SUCH DAMAGE.
  58:./Drivers/STM32F1xx_HAL_Driver/Src/stm32f1xx_hal_crc.c ****   *
  59:./Drivers/STM32F1xx_HAL_Driver/Src/stm32f1xx_hal_crc.c ****   ******************************************************************************
  60:./Drivers/STM32F1xx_HAL_Driver/Src/stm32f1xx_hal_crc.c ****   */
  61:./Drivers/STM32F1xx_HAL_Driver/Src/stm32f1xx_hal_crc.c **** 
  62:./Drivers/STM32F1xx_HAL_Driver/Src/stm32f1xx_hal_crc.c **** /* Includes ------------------------------------------------------------------*/
  63:./Drivers/STM32F1xx_HAL_Driver/Src/stm32f1xx_hal_crc.c **** #include "stm32f1xx_hal.h"
  64:./Drivers/STM32F1xx_HAL_Driver/Src/stm32f1xx_hal_crc.c **** 
  65:./Drivers/STM32F1xx_HAL_Driver/Src/stm32f1xx_hal_crc.c **** /** @addtogroup STM32F1xx_HAL_Driver
  66:./Drivers/STM32F1xx_HAL_Driver/Src/stm32f1xx_hal_crc.c ****   * @{
  67:./Drivers/STM32F1xx_HAL_Driver/Src/stm32f1xx_hal_crc.c ****   */
  68:./Drivers/STM32F1xx_HAL_Driver/Src/stm32f1xx_hal_crc.c **** 
  69:./Drivers/STM32F1xx_HAL_Driver/Src/stm32f1xx_hal_crc.c **** /** @defgroup CRC CRC
  70:./Drivers/STM32F1xx_HAL_Driver/Src/stm32f1xx_hal_crc.c ****   * @brief CRC HAL module driver.
  71:./Drivers/STM32F1xx_HAL_Driver/Src/stm32f1xx_hal_crc.c ****   * @{
  72:./Drivers/STM32F1xx_HAL_Driver/Src/stm32f1xx_hal_crc.c ****   */
  73:./Drivers/STM32F1xx_HAL_Driver/Src/stm32f1xx_hal_crc.c **** 
  74:./Drivers/STM32F1xx_HAL_Driver/Src/stm32f1xx_hal_crc.c **** #ifdef HAL_CRC_MODULE_ENABLED
  75:./Drivers/STM32F1xx_HAL_Driver/Src/stm32f1xx_hal_crc.c **** 
  76:./Drivers/STM32F1xx_HAL_Driver/Src/stm32f1xx_hal_crc.c **** /* Private typedef -----------------------------------------------------------*/
  77:./Drivers/STM32F1xx_HAL_Driver/Src/stm32f1xx_hal_crc.c **** /* Private define ------------------------------------------------------------*/
  78:./Drivers/STM32F1xx_HAL_Driver/Src/stm32f1xx_hal_crc.c **** /* Private macro -------------------------------------------------------------*/
  79:./Drivers/STM32F1xx_HAL_Driver/Src/stm32f1xx_hal_crc.c **** /* Private variables ---------------------------------------------------------*/
  80:./Drivers/STM32F1xx_HAL_Driver/Src/stm32f1xx_hal_crc.c **** /* Private function prototypes -----------------------------------------------*/
  81:./Drivers/STM32F1xx_HAL_Driver/Src/stm32f1xx_hal_crc.c **** /* Private functions ---------------------------------------------------------*/
  82:./Drivers/STM32F1xx_HAL_Driver/Src/stm32f1xx_hal_crc.c **** 
  83:./Drivers/STM32F1xx_HAL_Driver/Src/stm32f1xx_hal_crc.c **** /** @defgroup CRC_Exported_Functions CRC Exported Functions
  84:./Drivers/STM32F1xx_HAL_Driver/Src/stm32f1xx_hal_crc.c ****   * @{
  85:./Drivers/STM32F1xx_HAL_Driver/Src/stm32f1xx_hal_crc.c ****   */
  86:./Drivers/STM32F1xx_HAL_Driver/Src/stm32f1xx_hal_crc.c **** 
  87:./Drivers/STM32F1xx_HAL_Driver/Src/stm32f1xx_hal_crc.c **** /** @defgroup CRC_Exported_Functions_Group1 Initialization and de-initialization functions 
  88:./Drivers/STM32F1xx_HAL_Driver/Src/stm32f1xx_hal_crc.c ****  *  @brief    Initialization and Configuration functions. 
ARM GAS  /tmp/cckRc54B.s 			page 3


  89:./Drivers/STM32F1xx_HAL_Driver/Src/stm32f1xx_hal_crc.c ****  *
  90:./Drivers/STM32F1xx_HAL_Driver/Src/stm32f1xx_hal_crc.c **** @verbatim    
  91:./Drivers/STM32F1xx_HAL_Driver/Src/stm32f1xx_hal_crc.c ****   ==============================================================================
  92:./Drivers/STM32F1xx_HAL_Driver/Src/stm32f1xx_hal_crc.c ****             ##### Initialization and de-initialization functions #####
  93:./Drivers/STM32F1xx_HAL_Driver/Src/stm32f1xx_hal_crc.c ****   ==============================================================================
  94:./Drivers/STM32F1xx_HAL_Driver/Src/stm32f1xx_hal_crc.c ****     [..]  This section provides functions allowing to:
  95:./Drivers/STM32F1xx_HAL_Driver/Src/stm32f1xx_hal_crc.c ****       (+) Initialize the CRC according to the specified parameters 
  96:./Drivers/STM32F1xx_HAL_Driver/Src/stm32f1xx_hal_crc.c ****           in the CRC_InitTypeDef and create the associated handle
  97:./Drivers/STM32F1xx_HAL_Driver/Src/stm32f1xx_hal_crc.c ****       (+) DeInitialize the CRC peripheral
  98:./Drivers/STM32F1xx_HAL_Driver/Src/stm32f1xx_hal_crc.c ****       (+) Initialize the CRC MSP
  99:./Drivers/STM32F1xx_HAL_Driver/Src/stm32f1xx_hal_crc.c ****       (+) DeInitialize CRC MSP 
 100:./Drivers/STM32F1xx_HAL_Driver/Src/stm32f1xx_hal_crc.c ****  
 101:./Drivers/STM32F1xx_HAL_Driver/Src/stm32f1xx_hal_crc.c **** @endverbatim
 102:./Drivers/STM32F1xx_HAL_Driver/Src/stm32f1xx_hal_crc.c ****   * @{
 103:./Drivers/STM32F1xx_HAL_Driver/Src/stm32f1xx_hal_crc.c ****   */
 104:./Drivers/STM32F1xx_HAL_Driver/Src/stm32f1xx_hal_crc.c **** 
 105:./Drivers/STM32F1xx_HAL_Driver/Src/stm32f1xx_hal_crc.c **** /**
 106:./Drivers/STM32F1xx_HAL_Driver/Src/stm32f1xx_hal_crc.c ****   * @brief  Initializes the CRC according to the specified
 107:./Drivers/STM32F1xx_HAL_Driver/Src/stm32f1xx_hal_crc.c ****   *         parameters in the CRC_InitTypeDef and creates the associated handle.
 108:./Drivers/STM32F1xx_HAL_Driver/Src/stm32f1xx_hal_crc.c ****   * @param  hcrc: pointer to a CRC_HandleTypeDef structure that contains
 109:./Drivers/STM32F1xx_HAL_Driver/Src/stm32f1xx_hal_crc.c ****   *         the configuration information for CRC
 110:./Drivers/STM32F1xx_HAL_Driver/Src/stm32f1xx_hal_crc.c ****   * @retval HAL status
 111:./Drivers/STM32F1xx_HAL_Driver/Src/stm32f1xx_hal_crc.c ****   */
 112:./Drivers/STM32F1xx_HAL_Driver/Src/stm32f1xx_hal_crc.c **** HAL_StatusTypeDef HAL_CRC_Init(CRC_HandleTypeDef *hcrc)
 113:./Drivers/STM32F1xx_HAL_Driver/Src/stm32f1xx_hal_crc.c **** {
 114:./Drivers/STM32F1xx_HAL_Driver/Src/stm32f1xx_hal_crc.c ****   /* Check the CRC handle allocation */
 115:./Drivers/STM32F1xx_HAL_Driver/Src/stm32f1xx_hal_crc.c ****   if(hcrc == NULL)
 116:./Drivers/STM32F1xx_HAL_Driver/Src/stm32f1xx_hal_crc.c ****   {
 117:./Drivers/STM32F1xx_HAL_Driver/Src/stm32f1xx_hal_crc.c ****     return HAL_ERROR;
 118:./Drivers/STM32F1xx_HAL_Driver/Src/stm32f1xx_hal_crc.c ****   }
 119:./Drivers/STM32F1xx_HAL_Driver/Src/stm32f1xx_hal_crc.c **** 
 120:./Drivers/STM32F1xx_HAL_Driver/Src/stm32f1xx_hal_crc.c ****   /* Check the parameters */
 121:./Drivers/STM32F1xx_HAL_Driver/Src/stm32f1xx_hal_crc.c ****   assert_param(IS_CRC_ALL_INSTANCE(hcrc->Instance));
 122:./Drivers/STM32F1xx_HAL_Driver/Src/stm32f1xx_hal_crc.c **** 
 123:./Drivers/STM32F1xx_HAL_Driver/Src/stm32f1xx_hal_crc.c ****   if(hcrc->State == HAL_CRC_STATE_RESET)
 124:./Drivers/STM32F1xx_HAL_Driver/Src/stm32f1xx_hal_crc.c ****   {
 125:./Drivers/STM32F1xx_HAL_Driver/Src/stm32f1xx_hal_crc.c ****     /* Allocate lock resource and initialize it */
 126:./Drivers/STM32F1xx_HAL_Driver/Src/stm32f1xx_hal_crc.c ****     hcrc->Lock = HAL_UNLOCKED;
 127:./Drivers/STM32F1xx_HAL_Driver/Src/stm32f1xx_hal_crc.c ****     
 128:./Drivers/STM32F1xx_HAL_Driver/Src/stm32f1xx_hal_crc.c ****     /* Init the low level hardware */
 129:./Drivers/STM32F1xx_HAL_Driver/Src/stm32f1xx_hal_crc.c ****     HAL_CRC_MspInit(hcrc);
 130:./Drivers/STM32F1xx_HAL_Driver/Src/stm32f1xx_hal_crc.c ****   }
 131:./Drivers/STM32F1xx_HAL_Driver/Src/stm32f1xx_hal_crc.c **** 
 132:./Drivers/STM32F1xx_HAL_Driver/Src/stm32f1xx_hal_crc.c ****   /* Change CRC peripheral state */
 133:./Drivers/STM32F1xx_HAL_Driver/Src/stm32f1xx_hal_crc.c ****   hcrc->State = HAL_CRC_STATE_READY;
 134:./Drivers/STM32F1xx_HAL_Driver/Src/stm32f1xx_hal_crc.c ****   
 135:./Drivers/STM32F1xx_HAL_Driver/Src/stm32f1xx_hal_crc.c ****   /* Return function status */
 136:./Drivers/STM32F1xx_HAL_Driver/Src/stm32f1xx_hal_crc.c ****   return HAL_OK;
 137:./Drivers/STM32F1xx_HAL_Driver/Src/stm32f1xx_hal_crc.c **** }
 138:./Drivers/STM32F1xx_HAL_Driver/Src/stm32f1xx_hal_crc.c **** 
 139:./Drivers/STM32F1xx_HAL_Driver/Src/stm32f1xx_hal_crc.c **** /**
 140:./Drivers/STM32F1xx_HAL_Driver/Src/stm32f1xx_hal_crc.c ****   * @brief  DeInitializes the CRC peripheral.
 141:./Drivers/STM32F1xx_HAL_Driver/Src/stm32f1xx_hal_crc.c ****   * @param  hcrc: pointer to a CRC_HandleTypeDef structure that contains
 142:./Drivers/STM32F1xx_HAL_Driver/Src/stm32f1xx_hal_crc.c ****   *         the configuration information for CRC
 143:./Drivers/STM32F1xx_HAL_Driver/Src/stm32f1xx_hal_crc.c ****   * @retval HAL status
 144:./Drivers/STM32F1xx_HAL_Driver/Src/stm32f1xx_hal_crc.c ****   */
 145:./Drivers/STM32F1xx_HAL_Driver/Src/stm32f1xx_hal_crc.c **** HAL_StatusTypeDef HAL_CRC_DeInit(CRC_HandleTypeDef *hcrc)
ARM GAS  /tmp/cckRc54B.s 			page 4


 146:./Drivers/STM32F1xx_HAL_Driver/Src/stm32f1xx_hal_crc.c **** {
 147:./Drivers/STM32F1xx_HAL_Driver/Src/stm32f1xx_hal_crc.c ****   /* Check the CRC handle allocation */
 148:./Drivers/STM32F1xx_HAL_Driver/Src/stm32f1xx_hal_crc.c ****   if(hcrc == NULL)
 149:./Drivers/STM32F1xx_HAL_Driver/Src/stm32f1xx_hal_crc.c ****   {
 150:./Drivers/STM32F1xx_HAL_Driver/Src/stm32f1xx_hal_crc.c ****     return HAL_ERROR;
 151:./Drivers/STM32F1xx_HAL_Driver/Src/stm32f1xx_hal_crc.c ****   }
 152:./Drivers/STM32F1xx_HAL_Driver/Src/stm32f1xx_hal_crc.c **** 
 153:./Drivers/STM32F1xx_HAL_Driver/Src/stm32f1xx_hal_crc.c ****   /* Check the parameters */
 154:./Drivers/STM32F1xx_HAL_Driver/Src/stm32f1xx_hal_crc.c ****   assert_param(IS_CRC_ALL_INSTANCE(hcrc->Instance));
 155:./Drivers/STM32F1xx_HAL_Driver/Src/stm32f1xx_hal_crc.c **** 
 156:./Drivers/STM32F1xx_HAL_Driver/Src/stm32f1xx_hal_crc.c ****   /* Change CRC peripheral state */
 157:./Drivers/STM32F1xx_HAL_Driver/Src/stm32f1xx_hal_crc.c ****   hcrc->State = HAL_CRC_STATE_BUSY;
 158:./Drivers/STM32F1xx_HAL_Driver/Src/stm32f1xx_hal_crc.c **** 
 159:./Drivers/STM32F1xx_HAL_Driver/Src/stm32f1xx_hal_crc.c ****   /* DeInit the low level hardware */
 160:./Drivers/STM32F1xx_HAL_Driver/Src/stm32f1xx_hal_crc.c ****   HAL_CRC_MspDeInit(hcrc);
 161:./Drivers/STM32F1xx_HAL_Driver/Src/stm32f1xx_hal_crc.c **** 
 162:./Drivers/STM32F1xx_HAL_Driver/Src/stm32f1xx_hal_crc.c ****   /* Resets the CRC calculation unit and sets the data register to 0xFFFF FFFF */
 163:./Drivers/STM32F1xx_HAL_Driver/Src/stm32f1xx_hal_crc.c ****   __HAL_CRC_DR_RESET(hcrc);
 164:./Drivers/STM32F1xx_HAL_Driver/Src/stm32f1xx_hal_crc.c **** 
 165:./Drivers/STM32F1xx_HAL_Driver/Src/stm32f1xx_hal_crc.c ****   /* Reset IDR register content */
 166:./Drivers/STM32F1xx_HAL_Driver/Src/stm32f1xx_hal_crc.c ****   CLEAR_BIT(hcrc->Instance->IDR, CRC_IDR_IDR);
 167:./Drivers/STM32F1xx_HAL_Driver/Src/stm32f1xx_hal_crc.c **** 
 168:./Drivers/STM32F1xx_HAL_Driver/Src/stm32f1xx_hal_crc.c ****   /* Change CRC peripheral state */
 169:./Drivers/STM32F1xx_HAL_Driver/Src/stm32f1xx_hal_crc.c ****   hcrc->State = HAL_CRC_STATE_RESET;
 170:./Drivers/STM32F1xx_HAL_Driver/Src/stm32f1xx_hal_crc.c **** 
 171:./Drivers/STM32F1xx_HAL_Driver/Src/stm32f1xx_hal_crc.c ****   /* Release Lock */
 172:./Drivers/STM32F1xx_HAL_Driver/Src/stm32f1xx_hal_crc.c ****   __HAL_UNLOCK(hcrc);
 173:./Drivers/STM32F1xx_HAL_Driver/Src/stm32f1xx_hal_crc.c **** 
 174:./Drivers/STM32F1xx_HAL_Driver/Src/stm32f1xx_hal_crc.c ****   /* Return function status */
 175:./Drivers/STM32F1xx_HAL_Driver/Src/stm32f1xx_hal_crc.c ****   return HAL_OK;
 176:./Drivers/STM32F1xx_HAL_Driver/Src/stm32f1xx_hal_crc.c **** }
 177:./Drivers/STM32F1xx_HAL_Driver/Src/stm32f1xx_hal_crc.c **** 
 178:./Drivers/STM32F1xx_HAL_Driver/Src/stm32f1xx_hal_crc.c **** /**
 179:./Drivers/STM32F1xx_HAL_Driver/Src/stm32f1xx_hal_crc.c ****   * @brief  Initializes the CRC MSP.
 180:./Drivers/STM32F1xx_HAL_Driver/Src/stm32f1xx_hal_crc.c ****   * @param  hcrc: pointer to a CRC_HandleTypeDef structure that contains
 181:./Drivers/STM32F1xx_HAL_Driver/Src/stm32f1xx_hal_crc.c ****   *         the configuration information for CRC
 182:./Drivers/STM32F1xx_HAL_Driver/Src/stm32f1xx_hal_crc.c ****   * @retval None
 183:./Drivers/STM32F1xx_HAL_Driver/Src/stm32f1xx_hal_crc.c ****   */
 184:./Drivers/STM32F1xx_HAL_Driver/Src/stm32f1xx_hal_crc.c **** __weak void HAL_CRC_MspInit(CRC_HandleTypeDef *hcrc)
 185:./Drivers/STM32F1xx_HAL_Driver/Src/stm32f1xx_hal_crc.c **** {
  28              		.loc 1 185 0
  29              		.cfi_startproc
  30              		@ args = 0, pretend = 0, frame = 0
  31              		@ frame_needed = 0, uses_anonymous_args = 0
  32              		@ link register save eliminated.
  33              	.LVL0:
  34 0000 7047     		bx	lr
  35              		.cfi_endproc
  36              	.LFE66:
  38 0002 00BF     		.section	.text.HAL_CRC_Init,"ax",%progbits
  39              		.align	2
  40              		.global	HAL_CRC_Init
  41              		.thumb
  42              		.thumb_func
  44              	HAL_CRC_Init:
  45              	.LFB64:
 113:./Drivers/STM32F1xx_HAL_Driver/Src/stm32f1xx_hal_crc.c ****   /* Check the CRC handle allocation */
ARM GAS  /tmp/cckRc54B.s 			page 5


  46              		.loc 1 113 0
  47              		.cfi_startproc
  48              		@ args = 0, pretend = 0, frame = 0
  49              		@ frame_needed = 0, uses_anonymous_args = 0
  50              	.LVL1:
 115:./Drivers/STM32F1xx_HAL_Driver/Src/stm32f1xx_hal_crc.c ****   {
  51              		.loc 1 115 0
  52 0000 68B1     		cbz	r0, .L5
 113:./Drivers/STM32F1xx_HAL_Driver/Src/stm32f1xx_hal_crc.c ****   /* Check the CRC handle allocation */
  53              		.loc 1 113 0
  54 0002 10B5     		push	{r4, lr}
  55              	.LCFI0:
  56              		.cfi_def_cfa_offset 8
  57              		.cfi_offset 4, -8
  58              		.cfi_offset 14, -4
  59 0004 0446     		mov	r4, r0
 123:./Drivers/STM32F1xx_HAL_Driver/Src/stm32f1xx_hal_crc.c ****   {
  60              		.loc 1 123 0
  61 0006 4379     		ldrb	r3, [r0, #5]	@ zero_extendqisi2
  62 0008 13F0FF0F 		tst	r3, #255
  63 000c 03D1     		bne	.L4
 126:./Drivers/STM32F1xx_HAL_Driver/Src/stm32f1xx_hal_crc.c ****     
  64              		.loc 1 126 0
  65 000e 0023     		movs	r3, #0
  66 0010 0371     		strb	r3, [r0, #4]
 129:./Drivers/STM32F1xx_HAL_Driver/Src/stm32f1xx_hal_crc.c ****   }
  67              		.loc 1 129 0
  68 0012 FFF7FEFF 		bl	HAL_CRC_MspInit
  69              	.LVL2:
  70              	.L4:
 133:./Drivers/STM32F1xx_HAL_Driver/Src/stm32f1xx_hal_crc.c ****   
  71              		.loc 1 133 0
  72 0016 0123     		movs	r3, #1
  73 0018 6371     		strb	r3, [r4, #5]
 136:./Drivers/STM32F1xx_HAL_Driver/Src/stm32f1xx_hal_crc.c **** }
  74              		.loc 1 136 0
  75 001a 0020     		movs	r0, #0
  76 001c 10BD     		pop	{r4, pc}
  77              	.LVL3:
  78              	.L5:
  79              	.LCFI1:
  80              		.cfi_def_cfa_offset 0
  81              		.cfi_restore 4
  82              		.cfi_restore 14
 117:./Drivers/STM32F1xx_HAL_Driver/Src/stm32f1xx_hal_crc.c ****   }
  83              		.loc 1 117 0
  84 001e 0120     		movs	r0, #1
  85              	.LVL4:
  86 0020 7047     		bx	lr
  87              		.cfi_endproc
  88              	.LFE64:
  90 0022 00BF     		.section	.text.HAL_CRC_MspDeInit,"ax",%progbits
  91              		.align	2
  92              		.weak	HAL_CRC_MspDeInit
  93              		.thumb
  94              		.thumb_func
  96              	HAL_CRC_MspDeInit:
ARM GAS  /tmp/cckRc54B.s 			page 6


  97              	.LFB67:
 186:./Drivers/STM32F1xx_HAL_Driver/Src/stm32f1xx_hal_crc.c ****   /* Prevent unused argument(s) compilation warning */
 187:./Drivers/STM32F1xx_HAL_Driver/Src/stm32f1xx_hal_crc.c ****   UNUSED(hcrc);
 188:./Drivers/STM32F1xx_HAL_Driver/Src/stm32f1xx_hal_crc.c ****   /* NOTE : This function Should not be modified, when the callback is needed,
 189:./Drivers/STM32F1xx_HAL_Driver/Src/stm32f1xx_hal_crc.c ****             the HAL_CRC_MspInit could be implemented in the user file
 190:./Drivers/STM32F1xx_HAL_Driver/Src/stm32f1xx_hal_crc.c ****    */
 191:./Drivers/STM32F1xx_HAL_Driver/Src/stm32f1xx_hal_crc.c **** }
 192:./Drivers/STM32F1xx_HAL_Driver/Src/stm32f1xx_hal_crc.c **** 
 193:./Drivers/STM32F1xx_HAL_Driver/Src/stm32f1xx_hal_crc.c **** /**
 194:./Drivers/STM32F1xx_HAL_Driver/Src/stm32f1xx_hal_crc.c ****   * @brief  DeInitializes the CRC MSP.
 195:./Drivers/STM32F1xx_HAL_Driver/Src/stm32f1xx_hal_crc.c ****   * @param  hcrc: pointer to a CRC_HandleTypeDef structure that contains
 196:./Drivers/STM32F1xx_HAL_Driver/Src/stm32f1xx_hal_crc.c ****   *         the configuration information for CRC
 197:./Drivers/STM32F1xx_HAL_Driver/Src/stm32f1xx_hal_crc.c ****   * @retval None
 198:./Drivers/STM32F1xx_HAL_Driver/Src/stm32f1xx_hal_crc.c ****   */
 199:./Drivers/STM32F1xx_HAL_Driver/Src/stm32f1xx_hal_crc.c **** __weak void HAL_CRC_MspDeInit(CRC_HandleTypeDef *hcrc)
 200:./Drivers/STM32F1xx_HAL_Driver/Src/stm32f1xx_hal_crc.c **** {
  98              		.loc 1 200 0
  99              		.cfi_startproc
 100              		@ args = 0, pretend = 0, frame = 0
 101              		@ frame_needed = 0, uses_anonymous_args = 0
 102              		@ link register save eliminated.
 103              	.LVL5:
 104 0000 7047     		bx	lr
 105              		.cfi_endproc
 106              	.LFE67:
 108 0002 00BF     		.section	.text.HAL_CRC_DeInit,"ax",%progbits
 109              		.align	2
 110              		.global	HAL_CRC_DeInit
 111              		.thumb
 112              		.thumb_func
 114              	HAL_CRC_DeInit:
 115              	.LFB65:
 146:./Drivers/STM32F1xx_HAL_Driver/Src/stm32f1xx_hal_crc.c ****   /* Check the CRC handle allocation */
 116              		.loc 1 146 0
 117              		.cfi_startproc
 118              		@ args = 0, pretend = 0, frame = 0
 119              		@ frame_needed = 0, uses_anonymous_args = 0
 120              	.LVL6:
 148:./Drivers/STM32F1xx_HAL_Driver/Src/stm32f1xx_hal_crc.c ****   {
 121              		.loc 1 148 0
 122 0000 88B1     		cbz	r0, .L11
 146:./Drivers/STM32F1xx_HAL_Driver/Src/stm32f1xx_hal_crc.c ****   /* Check the CRC handle allocation */
 123              		.loc 1 146 0
 124 0002 10B5     		push	{r4, lr}
 125              	.LCFI2:
 126              		.cfi_def_cfa_offset 8
 127              		.cfi_offset 4, -8
 128              		.cfi_offset 14, -4
 129 0004 0446     		mov	r4, r0
 157:./Drivers/STM32F1xx_HAL_Driver/Src/stm32f1xx_hal_crc.c **** 
 130              		.loc 1 157 0
 131 0006 0223     		movs	r3, #2
 132 0008 4371     		strb	r3, [r0, #5]
 160:./Drivers/STM32F1xx_HAL_Driver/Src/stm32f1xx_hal_crc.c **** 
 133              		.loc 1 160 0
 134 000a FFF7FEFF 		bl	HAL_CRC_MspDeInit
 135              	.LVL7:
ARM GAS  /tmp/cckRc54B.s 			page 7


 163:./Drivers/STM32F1xx_HAL_Driver/Src/stm32f1xx_hal_crc.c **** 
 136              		.loc 1 163 0
 137 000e 2268     		ldr	r2, [r4]
 138 0010 9368     		ldr	r3, [r2, #8]
 139 0012 43F00103 		orr	r3, r3, #1
 140 0016 9360     		str	r3, [r2, #8]
 166:./Drivers/STM32F1xx_HAL_Driver/Src/stm32f1xx_hal_crc.c **** 
 141              		.loc 1 166 0
 142 0018 2368     		ldr	r3, [r4]
 143 001a 1A79     		ldrb	r2, [r3, #4]	@ zero_extendqisi2
 144 001c 0020     		movs	r0, #0
 145 001e 1871     		strb	r0, [r3, #4]
 169:./Drivers/STM32F1xx_HAL_Driver/Src/stm32f1xx_hal_crc.c **** 
 146              		.loc 1 169 0
 147 0020 6071     		strb	r0, [r4, #5]
 172:./Drivers/STM32F1xx_HAL_Driver/Src/stm32f1xx_hal_crc.c **** 
 148              		.loc 1 172 0
 149 0022 2071     		strb	r0, [r4, #4]
 175:./Drivers/STM32F1xx_HAL_Driver/Src/stm32f1xx_hal_crc.c **** }
 150              		.loc 1 175 0
 151 0024 10BD     		pop	{r4, pc}
 152              	.LVL8:
 153              	.L11:
 154              	.LCFI3:
 155              		.cfi_def_cfa_offset 0
 156              		.cfi_restore 4
 157              		.cfi_restore 14
 150:./Drivers/STM32F1xx_HAL_Driver/Src/stm32f1xx_hal_crc.c ****   }
 158              		.loc 1 150 0
 159 0026 0120     		movs	r0, #1
 160              	.LVL9:
 161 0028 7047     		bx	lr
 162              		.cfi_endproc
 163              	.LFE65:
 165 002a 00BF     		.section	.text.HAL_CRC_Accumulate,"ax",%progbits
 166              		.align	2
 167              		.global	HAL_CRC_Accumulate
 168              		.thumb
 169              		.thumb_func
 171              	HAL_CRC_Accumulate:
 172              	.LFB68:
 201:./Drivers/STM32F1xx_HAL_Driver/Src/stm32f1xx_hal_crc.c ****   /* Prevent unused argument(s) compilation warning */
 202:./Drivers/STM32F1xx_HAL_Driver/Src/stm32f1xx_hal_crc.c ****   UNUSED(hcrc);
 203:./Drivers/STM32F1xx_HAL_Driver/Src/stm32f1xx_hal_crc.c ****   /* NOTE : This function Should not be modified, when the callback is needed,
 204:./Drivers/STM32F1xx_HAL_Driver/Src/stm32f1xx_hal_crc.c ****             the HAL_CRC_MspDeInit could be implemented in the user file
 205:./Drivers/STM32F1xx_HAL_Driver/Src/stm32f1xx_hal_crc.c ****    */
 206:./Drivers/STM32F1xx_HAL_Driver/Src/stm32f1xx_hal_crc.c **** }
 207:./Drivers/STM32F1xx_HAL_Driver/Src/stm32f1xx_hal_crc.c **** 
 208:./Drivers/STM32F1xx_HAL_Driver/Src/stm32f1xx_hal_crc.c **** /**
 209:./Drivers/STM32F1xx_HAL_Driver/Src/stm32f1xx_hal_crc.c ****   * @}
 210:./Drivers/STM32F1xx_HAL_Driver/Src/stm32f1xx_hal_crc.c ****   */
 211:./Drivers/STM32F1xx_HAL_Driver/Src/stm32f1xx_hal_crc.c **** 
 212:./Drivers/STM32F1xx_HAL_Driver/Src/stm32f1xx_hal_crc.c **** /** @defgroup CRC_Exported_Functions_Group2 Peripheral Control functions 
 213:./Drivers/STM32F1xx_HAL_Driver/Src/stm32f1xx_hal_crc.c ****  *  @brief    management functions. 
 214:./Drivers/STM32F1xx_HAL_Driver/Src/stm32f1xx_hal_crc.c ****  *
 215:./Drivers/STM32F1xx_HAL_Driver/Src/stm32f1xx_hal_crc.c **** @verbatim   
 216:./Drivers/STM32F1xx_HAL_Driver/Src/stm32f1xx_hal_crc.c ****   ==============================================================================
ARM GAS  /tmp/cckRc54B.s 			page 8


 217:./Drivers/STM32F1xx_HAL_Driver/Src/stm32f1xx_hal_crc.c ****                       ##### Peripheral Control functions #####
 218:./Drivers/STM32F1xx_HAL_Driver/Src/stm32f1xx_hal_crc.c ****   ==============================================================================  
 219:./Drivers/STM32F1xx_HAL_Driver/Src/stm32f1xx_hal_crc.c ****     [..]  This section provides functions allowing to:
 220:./Drivers/STM32F1xx_HAL_Driver/Src/stm32f1xx_hal_crc.c ****       (+) Compute the 32-bit CRC value of 32-bit data buffer,
 221:./Drivers/STM32F1xx_HAL_Driver/Src/stm32f1xx_hal_crc.c ****           using combination of the previous CRC value and the new one.
 222:./Drivers/STM32F1xx_HAL_Driver/Src/stm32f1xx_hal_crc.c ****       (+) Compute the 32-bit CRC value of 32-bit data buffer,
 223:./Drivers/STM32F1xx_HAL_Driver/Src/stm32f1xx_hal_crc.c ****           independently of the previous CRC value.
 224:./Drivers/STM32F1xx_HAL_Driver/Src/stm32f1xx_hal_crc.c **** 
 225:./Drivers/STM32F1xx_HAL_Driver/Src/stm32f1xx_hal_crc.c **** @endverbatim
 226:./Drivers/STM32F1xx_HAL_Driver/Src/stm32f1xx_hal_crc.c ****   * @{
 227:./Drivers/STM32F1xx_HAL_Driver/Src/stm32f1xx_hal_crc.c ****   */
 228:./Drivers/STM32F1xx_HAL_Driver/Src/stm32f1xx_hal_crc.c **** 
 229:./Drivers/STM32F1xx_HAL_Driver/Src/stm32f1xx_hal_crc.c **** /**
 230:./Drivers/STM32F1xx_HAL_Driver/Src/stm32f1xx_hal_crc.c ****   * @brief  Computes the 32-bit CRC of 32-bit data buffer using combination
 231:./Drivers/STM32F1xx_HAL_Driver/Src/stm32f1xx_hal_crc.c ****   *         of the previous CRC value and the new one.
 232:./Drivers/STM32F1xx_HAL_Driver/Src/stm32f1xx_hal_crc.c ****   * @param  hcrc: pointer to a CRC_HandleTypeDef structure that contains
 233:./Drivers/STM32F1xx_HAL_Driver/Src/stm32f1xx_hal_crc.c ****   *         the configuration information for CRC
 234:./Drivers/STM32F1xx_HAL_Driver/Src/stm32f1xx_hal_crc.c ****   * @param  pBuffer: pointer to the buffer containing the data to be computed
 235:./Drivers/STM32F1xx_HAL_Driver/Src/stm32f1xx_hal_crc.c ****   * @param  BufferLength: length of the buffer to be computed (defined in word, 4 bytes)
 236:./Drivers/STM32F1xx_HAL_Driver/Src/stm32f1xx_hal_crc.c ****   * @retval 32-bit CRC
 237:./Drivers/STM32F1xx_HAL_Driver/Src/stm32f1xx_hal_crc.c ****   */
 238:./Drivers/STM32F1xx_HAL_Driver/Src/stm32f1xx_hal_crc.c **** uint32_t HAL_CRC_Accumulate(CRC_HandleTypeDef *hcrc, uint32_t pBuffer[], uint32_t BufferLength)
 239:./Drivers/STM32F1xx_HAL_Driver/Src/stm32f1xx_hal_crc.c **** {
 173              		.loc 1 239 0
 174              		.cfi_startproc
 175              		@ args = 0, pretend = 0, frame = 0
 176              		@ frame_needed = 0, uses_anonymous_args = 0
 177              		@ link register save eliminated.
 178              	.LVL10:
 240:./Drivers/STM32F1xx_HAL_Driver/Src/stm32f1xx_hal_crc.c ****   uint32_t index = 0U;
 241:./Drivers/STM32F1xx_HAL_Driver/Src/stm32f1xx_hal_crc.c **** 
 242:./Drivers/STM32F1xx_HAL_Driver/Src/stm32f1xx_hal_crc.c ****   /* Process Locked */
 243:./Drivers/STM32F1xx_HAL_Driver/Src/stm32f1xx_hal_crc.c ****   __HAL_LOCK(hcrc);
 179              		.loc 1 243 0
 180 0000 0379     		ldrb	r3, [r0, #4]	@ zero_extendqisi2
 181 0002 012B     		cmp	r3, #1
 182 0004 14D0     		beq	.L18
 239:./Drivers/STM32F1xx_HAL_Driver/Src/stm32f1xx_hal_crc.c ****   uint32_t index = 0U;
 183              		.loc 1 239 0 discriminator 2
 184 0006 30B4     		push	{r4, r5}
 185              	.LCFI4:
 186              		.cfi_def_cfa_offset 8
 187              		.cfi_offset 4, -8
 188              		.cfi_offset 5, -4
 189              		.loc 1 243 0 discriminator 2
 190 0008 0123     		movs	r3, #1
 191 000a 0371     		strb	r3, [r0, #4]
 244:./Drivers/STM32F1xx_HAL_Driver/Src/stm32f1xx_hal_crc.c **** 
 245:./Drivers/STM32F1xx_HAL_Driver/Src/stm32f1xx_hal_crc.c ****   /* Change CRC peripheral state */
 246:./Drivers/STM32F1xx_HAL_Driver/Src/stm32f1xx_hal_crc.c ****   hcrc->State = HAL_CRC_STATE_BUSY;
 192              		.loc 1 246 0 discriminator 2
 193 000c 0223     		movs	r3, #2
 194 000e 4371     		strb	r3, [r0, #5]
 247:./Drivers/STM32F1xx_HAL_Driver/Src/stm32f1xx_hal_crc.c **** 
 248:./Drivers/STM32F1xx_HAL_Driver/Src/stm32f1xx_hal_crc.c ****   /* Enter Data to the CRC calculator */
 249:./Drivers/STM32F1xx_HAL_Driver/Src/stm32f1xx_hal_crc.c ****   for(index = 0U; index < BufferLength; index++)
 195              		.loc 1 249 0 discriminator 2
ARM GAS  /tmp/cckRc54B.s 			page 9


 196 0010 0023     		movs	r3, #0
 197 0012 04E0     		b	.L16
 198              	.LVL11:
 199              	.L17:
 250:./Drivers/STM32F1xx_HAL_Driver/Src/stm32f1xx_hal_crc.c ****   {
 251:./Drivers/STM32F1xx_HAL_Driver/Src/stm32f1xx_hal_crc.c ****     hcrc->Instance->DR = pBuffer[index];
 200              		.loc 1 251 0 discriminator 3
 201 0014 0468     		ldr	r4, [r0]
 202 0016 51F82350 		ldr	r5, [r1, r3, lsl #2]
 203 001a 2560     		str	r5, [r4]
 249:./Drivers/STM32F1xx_HAL_Driver/Src/stm32f1xx_hal_crc.c ****   {
 204              		.loc 1 249 0 discriminator 3
 205 001c 0133     		adds	r3, r3, #1
 206              	.LVL12:
 207              	.L16:
 249:./Drivers/STM32F1xx_HAL_Driver/Src/stm32f1xx_hal_crc.c ****   {
 208              		.loc 1 249 0 is_stmt 0 discriminator 1
 209 001e 9342     		cmp	r3, r2
 210 0020 F8D3     		bcc	.L17
 252:./Drivers/STM32F1xx_HAL_Driver/Src/stm32f1xx_hal_crc.c ****   }
 253:./Drivers/STM32F1xx_HAL_Driver/Src/stm32f1xx_hal_crc.c **** 
 254:./Drivers/STM32F1xx_HAL_Driver/Src/stm32f1xx_hal_crc.c ****   /* Change CRC peripheral state */
 255:./Drivers/STM32F1xx_HAL_Driver/Src/stm32f1xx_hal_crc.c ****   hcrc->State = HAL_CRC_STATE_READY;
 211              		.loc 1 255 0 is_stmt 1
 212 0022 0123     		movs	r3, #1
 213              	.LVL13:
 214 0024 4371     		strb	r3, [r0, #5]
 256:./Drivers/STM32F1xx_HAL_Driver/Src/stm32f1xx_hal_crc.c **** 
 257:./Drivers/STM32F1xx_HAL_Driver/Src/stm32f1xx_hal_crc.c ****   /* Process Unlocked */
 258:./Drivers/STM32F1xx_HAL_Driver/Src/stm32f1xx_hal_crc.c ****   __HAL_UNLOCK(hcrc);
 215              		.loc 1 258 0
 216 0026 0023     		movs	r3, #0
 217 0028 0371     		strb	r3, [r0, #4]
 259:./Drivers/STM32F1xx_HAL_Driver/Src/stm32f1xx_hal_crc.c **** 
 260:./Drivers/STM32F1xx_HAL_Driver/Src/stm32f1xx_hal_crc.c ****   /* Return the CRC computed value */
 261:./Drivers/STM32F1xx_HAL_Driver/Src/stm32f1xx_hal_crc.c ****   return hcrc->Instance->DR;
 218              		.loc 1 261 0
 219 002a 0368     		ldr	r3, [r0]
 220 002c 1868     		ldr	r0, [r3]
 221              	.LVL14:
 222 002e 01E0     		b	.L15
 223              	.LVL15:
 224              	.L18:
 225              	.LCFI5:
 226              		.cfi_def_cfa_offset 0
 227              		.cfi_restore 4
 228              		.cfi_restore 5
 243:./Drivers/STM32F1xx_HAL_Driver/Src/stm32f1xx_hal_crc.c **** 
 229              		.loc 1 243 0
 230 0030 0220     		movs	r0, #2
 231              	.LVL16:
 232 0032 7047     		bx	lr
 233              	.LVL17:
 234              	.L15:
 235              	.LCFI6:
 236              		.cfi_def_cfa_offset 8
 237              		.cfi_offset 4, -8
ARM GAS  /tmp/cckRc54B.s 			page 10


 238              		.cfi_offset 5, -4
 262:./Drivers/STM32F1xx_HAL_Driver/Src/stm32f1xx_hal_crc.c **** }
 239              		.loc 1 262 0
 240 0034 30BC     		pop	{r4, r5}
 241              	.LCFI7:
 242              		.cfi_restore 5
 243              		.cfi_restore 4
 244              		.cfi_def_cfa_offset 0
 245 0036 7047     		bx	lr
 246              		.cfi_endproc
 247              	.LFE68:
 249              		.section	.text.HAL_CRC_Calculate,"ax",%progbits
 250              		.align	2
 251              		.global	HAL_CRC_Calculate
 252              		.thumb
 253              		.thumb_func
 255              	HAL_CRC_Calculate:
 256              	.LFB69:
 263:./Drivers/STM32F1xx_HAL_Driver/Src/stm32f1xx_hal_crc.c **** 
 264:./Drivers/STM32F1xx_HAL_Driver/Src/stm32f1xx_hal_crc.c **** /**
 265:./Drivers/STM32F1xx_HAL_Driver/Src/stm32f1xx_hal_crc.c ****   * @brief  Computes the 32-bit CRC of 32-bit data buffer independently
 266:./Drivers/STM32F1xx_HAL_Driver/Src/stm32f1xx_hal_crc.c ****   *         of the previous CRC value.
 267:./Drivers/STM32F1xx_HAL_Driver/Src/stm32f1xx_hal_crc.c ****   * @param  hcrc: pointer to a CRC_HandleTypeDef structure that contains
 268:./Drivers/STM32F1xx_HAL_Driver/Src/stm32f1xx_hal_crc.c ****   *         the configuration information for CRC
 269:./Drivers/STM32F1xx_HAL_Driver/Src/stm32f1xx_hal_crc.c ****   * @param  pBuffer: Pointer to the buffer containing the data to be computed
 270:./Drivers/STM32F1xx_HAL_Driver/Src/stm32f1xx_hal_crc.c ****   * @param  BufferLength: Length of the buffer to be computed (defined in word, 4 bytes)
 271:./Drivers/STM32F1xx_HAL_Driver/Src/stm32f1xx_hal_crc.c ****   * @retval 32-bit CRC
 272:./Drivers/STM32F1xx_HAL_Driver/Src/stm32f1xx_hal_crc.c ****   */
 273:./Drivers/STM32F1xx_HAL_Driver/Src/stm32f1xx_hal_crc.c **** uint32_t HAL_CRC_Calculate(CRC_HandleTypeDef *hcrc, uint32_t pBuffer[], uint32_t BufferLength)
 274:./Drivers/STM32F1xx_HAL_Driver/Src/stm32f1xx_hal_crc.c **** {
 257              		.loc 1 274 0
 258              		.cfi_startproc
 259              		@ args = 0, pretend = 0, frame = 0
 260              		@ frame_needed = 0, uses_anonymous_args = 0
 261              		@ link register save eliminated.
 262              	.LVL18:
 275:./Drivers/STM32F1xx_HAL_Driver/Src/stm32f1xx_hal_crc.c ****   uint32_t index = 0U;
 276:./Drivers/STM32F1xx_HAL_Driver/Src/stm32f1xx_hal_crc.c **** 
 277:./Drivers/STM32F1xx_HAL_Driver/Src/stm32f1xx_hal_crc.c ****   /* Process Locked */
 278:./Drivers/STM32F1xx_HAL_Driver/Src/stm32f1xx_hal_crc.c ****   __HAL_LOCK(hcrc); 
 263              		.loc 1 278 0
 264 0000 0379     		ldrb	r3, [r0, #4]	@ zero_extendqisi2
 265 0002 012B     		cmp	r3, #1
 266 0004 19D0     		beq	.L25
 274:./Drivers/STM32F1xx_HAL_Driver/Src/stm32f1xx_hal_crc.c ****   uint32_t index = 0U;
 267              		.loc 1 274 0 discriminator 2
 268 0006 30B4     		push	{r4, r5}
 269              	.LCFI8:
 270              		.cfi_def_cfa_offset 8
 271              		.cfi_offset 4, -8
 272              		.cfi_offset 5, -4
 273              		.loc 1 278 0 discriminator 2
 274 0008 0123     		movs	r3, #1
 275 000a 0371     		strb	r3, [r0, #4]
 279:./Drivers/STM32F1xx_HAL_Driver/Src/stm32f1xx_hal_crc.c **** 
 280:./Drivers/STM32F1xx_HAL_Driver/Src/stm32f1xx_hal_crc.c ****   /* Change CRC peripheral state */
 281:./Drivers/STM32F1xx_HAL_Driver/Src/stm32f1xx_hal_crc.c ****   hcrc->State = HAL_CRC_STATE_BUSY;
ARM GAS  /tmp/cckRc54B.s 			page 11


 276              		.loc 1 281 0 discriminator 2
 277 000c 0223     		movs	r3, #2
 278 000e 4371     		strb	r3, [r0, #5]
 282:./Drivers/STM32F1xx_HAL_Driver/Src/stm32f1xx_hal_crc.c **** 
 283:./Drivers/STM32F1xx_HAL_Driver/Src/stm32f1xx_hal_crc.c ****   /* Reset CRC Calculation Unit */
 284:./Drivers/STM32F1xx_HAL_Driver/Src/stm32f1xx_hal_crc.c ****   __HAL_CRC_DR_RESET(hcrc);
 279              		.loc 1 284 0 discriminator 2
 280 0010 0468     		ldr	r4, [r0]
 281 0012 A368     		ldr	r3, [r4, #8]
 282 0014 43F00103 		orr	r3, r3, #1
 283 0018 A360     		str	r3, [r4, #8]
 285:./Drivers/STM32F1xx_HAL_Driver/Src/stm32f1xx_hal_crc.c **** 
 286:./Drivers/STM32F1xx_HAL_Driver/Src/stm32f1xx_hal_crc.c ****   /* Enter Data to the CRC calculator */
 287:./Drivers/STM32F1xx_HAL_Driver/Src/stm32f1xx_hal_crc.c ****   for(index = 0U; index < BufferLength; index++)
 284              		.loc 1 287 0 discriminator 2
 285 001a 0023     		movs	r3, #0
 286 001c 04E0     		b	.L23
 287              	.LVL19:
 288              	.L24:
 288:./Drivers/STM32F1xx_HAL_Driver/Src/stm32f1xx_hal_crc.c ****   {
 289:./Drivers/STM32F1xx_HAL_Driver/Src/stm32f1xx_hal_crc.c ****     hcrc->Instance->DR = pBuffer[index];
 289              		.loc 1 289 0 discriminator 3
 290 001e 0468     		ldr	r4, [r0]
 291 0020 51F82350 		ldr	r5, [r1, r3, lsl #2]
 292 0024 2560     		str	r5, [r4]
 287:./Drivers/STM32F1xx_HAL_Driver/Src/stm32f1xx_hal_crc.c ****   {
 293              		.loc 1 287 0 discriminator 3
 294 0026 0133     		adds	r3, r3, #1
 295              	.LVL20:
 296              	.L23:
 287:./Drivers/STM32F1xx_HAL_Driver/Src/stm32f1xx_hal_crc.c ****   {
 297              		.loc 1 287 0 is_stmt 0 discriminator 1
 298 0028 9342     		cmp	r3, r2
 299 002a F8D3     		bcc	.L24
 290:./Drivers/STM32F1xx_HAL_Driver/Src/stm32f1xx_hal_crc.c ****   }
 291:./Drivers/STM32F1xx_HAL_Driver/Src/stm32f1xx_hal_crc.c **** 
 292:./Drivers/STM32F1xx_HAL_Driver/Src/stm32f1xx_hal_crc.c ****   /* Change CRC peripheral state */
 293:./Drivers/STM32F1xx_HAL_Driver/Src/stm32f1xx_hal_crc.c ****   hcrc->State = HAL_CRC_STATE_READY;
 300              		.loc 1 293 0 is_stmt 1
 301 002c 0123     		movs	r3, #1
 302              	.LVL21:
 303 002e 4371     		strb	r3, [r0, #5]
 294:./Drivers/STM32F1xx_HAL_Driver/Src/stm32f1xx_hal_crc.c **** 
 295:./Drivers/STM32F1xx_HAL_Driver/Src/stm32f1xx_hal_crc.c ****   /* Process Unlocked */
 296:./Drivers/STM32F1xx_HAL_Driver/Src/stm32f1xx_hal_crc.c ****   __HAL_UNLOCK(hcrc);
 304              		.loc 1 296 0
 305 0030 0023     		movs	r3, #0
 306 0032 0371     		strb	r3, [r0, #4]
 297:./Drivers/STM32F1xx_HAL_Driver/Src/stm32f1xx_hal_crc.c **** 
 298:./Drivers/STM32F1xx_HAL_Driver/Src/stm32f1xx_hal_crc.c ****   /* Return the CRC computed value */
 299:./Drivers/STM32F1xx_HAL_Driver/Src/stm32f1xx_hal_crc.c ****   return hcrc->Instance->DR;
 307              		.loc 1 299 0
 308 0034 0368     		ldr	r3, [r0]
 309 0036 1868     		ldr	r0, [r3]
 310              	.LVL22:
 311 0038 01E0     		b	.L22
 312              	.LVL23:
ARM GAS  /tmp/cckRc54B.s 			page 12


 313              	.L25:
 314              	.LCFI9:
 315              		.cfi_def_cfa_offset 0
 316              		.cfi_restore 4
 317              		.cfi_restore 5
 278:./Drivers/STM32F1xx_HAL_Driver/Src/stm32f1xx_hal_crc.c **** 
 318              		.loc 1 278 0
 319 003a 0220     		movs	r0, #2
 320              	.LVL24:
 321 003c 7047     		bx	lr
 322              	.LVL25:
 323              	.L22:
 324              	.LCFI10:
 325              		.cfi_def_cfa_offset 8
 326              		.cfi_offset 4, -8
 327              		.cfi_offset 5, -4
 300:./Drivers/STM32F1xx_HAL_Driver/Src/stm32f1xx_hal_crc.c **** }
 328              		.loc 1 300 0
 329 003e 30BC     		pop	{r4, r5}
 330              	.LCFI11:
 331              		.cfi_restore 5
 332              		.cfi_restore 4
 333              		.cfi_def_cfa_offset 0
 334 0040 7047     		bx	lr
 335              		.cfi_endproc
 336              	.LFE69:
 338              		.section	.text.HAL_CRC_GetState,"ax",%progbits
 339              		.align	2
 340              		.global	HAL_CRC_GetState
 341              		.thumb
 342              		.thumb_func
 344              	HAL_CRC_GetState:
 345              	.LFB70:
 301:./Drivers/STM32F1xx_HAL_Driver/Src/stm32f1xx_hal_crc.c **** 
 302:./Drivers/STM32F1xx_HAL_Driver/Src/stm32f1xx_hal_crc.c **** /**
 303:./Drivers/STM32F1xx_HAL_Driver/Src/stm32f1xx_hal_crc.c ****   * @}
 304:./Drivers/STM32F1xx_HAL_Driver/Src/stm32f1xx_hal_crc.c ****   */
 305:./Drivers/STM32F1xx_HAL_Driver/Src/stm32f1xx_hal_crc.c **** 
 306:./Drivers/STM32F1xx_HAL_Driver/Src/stm32f1xx_hal_crc.c **** /** @defgroup CRC_Exported_Functions_Group3 Peripheral State functions 
 307:./Drivers/STM32F1xx_HAL_Driver/Src/stm32f1xx_hal_crc.c ****  *  @brief    Peripheral State functions. 
 308:./Drivers/STM32F1xx_HAL_Driver/Src/stm32f1xx_hal_crc.c ****  *
 309:./Drivers/STM32F1xx_HAL_Driver/Src/stm32f1xx_hal_crc.c **** @verbatim   
 310:./Drivers/STM32F1xx_HAL_Driver/Src/stm32f1xx_hal_crc.c ****   ==============================================================================
 311:./Drivers/STM32F1xx_HAL_Driver/Src/stm32f1xx_hal_crc.c ****                       ##### Peripheral State functions #####
 312:./Drivers/STM32F1xx_HAL_Driver/Src/stm32f1xx_hal_crc.c ****   ==============================================================================  
 313:./Drivers/STM32F1xx_HAL_Driver/Src/stm32f1xx_hal_crc.c ****     [..]
 314:./Drivers/STM32F1xx_HAL_Driver/Src/stm32f1xx_hal_crc.c ****     This subsection permits to get in run-time the status of the peripheral.
 315:./Drivers/STM32F1xx_HAL_Driver/Src/stm32f1xx_hal_crc.c **** 
 316:./Drivers/STM32F1xx_HAL_Driver/Src/stm32f1xx_hal_crc.c **** @endverbatim
 317:./Drivers/STM32F1xx_HAL_Driver/Src/stm32f1xx_hal_crc.c ****   * @{
 318:./Drivers/STM32F1xx_HAL_Driver/Src/stm32f1xx_hal_crc.c ****   */
 319:./Drivers/STM32F1xx_HAL_Driver/Src/stm32f1xx_hal_crc.c **** 
 320:./Drivers/STM32F1xx_HAL_Driver/Src/stm32f1xx_hal_crc.c **** /**
 321:./Drivers/STM32F1xx_HAL_Driver/Src/stm32f1xx_hal_crc.c ****   * @brief  Returns the CRC state.
 322:./Drivers/STM32F1xx_HAL_Driver/Src/stm32f1xx_hal_crc.c ****   * @param  hcrc: pointer to a CRC_HandleTypeDef structure that contains
 323:./Drivers/STM32F1xx_HAL_Driver/Src/stm32f1xx_hal_crc.c ****   *         the configuration information for CRC
 324:./Drivers/STM32F1xx_HAL_Driver/Src/stm32f1xx_hal_crc.c ****   * @retval HAL state
ARM GAS  /tmp/cckRc54B.s 			page 13


 325:./Drivers/STM32F1xx_HAL_Driver/Src/stm32f1xx_hal_crc.c ****   */
 326:./Drivers/STM32F1xx_HAL_Driver/Src/stm32f1xx_hal_crc.c **** HAL_CRC_StateTypeDef HAL_CRC_GetState(CRC_HandleTypeDef *hcrc)
 327:./Drivers/STM32F1xx_HAL_Driver/Src/stm32f1xx_hal_crc.c **** {
 346              		.loc 1 327 0
 347              		.cfi_startproc
 348              		@ args = 0, pretend = 0, frame = 0
 349              		@ frame_needed = 0, uses_anonymous_args = 0
 350              		@ link register save eliminated.
 351              	.LVL26:
 328:./Drivers/STM32F1xx_HAL_Driver/Src/stm32f1xx_hal_crc.c ****   return hcrc->State;
 352              		.loc 1 328 0
 353 0000 4079     		ldrb	r0, [r0, #5]	@ zero_extendqisi2
 354              	.LVL27:
 329:./Drivers/STM32F1xx_HAL_Driver/Src/stm32f1xx_hal_crc.c **** }
 355              		.loc 1 329 0
 356 0002 7047     		bx	lr
 357              		.cfi_endproc
 358              	.LFE70:
 360              		.text
 361              	.Letext0:
 362              		.file 2 "/opt/toolchain/gcc-arm-none-eabi-5_4-2016q3/arm-none-eabi/include/machine/_default_types.
 363              		.file 3 "/opt/toolchain/gcc-arm-none-eabi-5_4-2016q3/arm-none-eabi/include/sys/_stdint.h"
 364              		.file 4 "Drivers/CMSIS/Device/Inc/stm32f103xb.h"
 365              		.file 5 "Drivers/STM32F1xx_HAL_Driver/Inc/stm32f1xx_hal_def.h"
 366              		.file 6 "Drivers/STM32F1xx_HAL_Driver/Inc/stm32f1xx_hal_crc.h"
 367              		.file 7 "Drivers/CMSIS/Inc/core_cm3.h"
ARM GAS  /tmp/cckRc54B.s 			page 14


DEFINED SYMBOLS
                            *ABS*:00000000 stm32f1xx_hal_crc.c
     /tmp/cckRc54B.s:20     .text.HAL_CRC_MspInit:00000000 $t
     /tmp/cckRc54B.s:25     .text.HAL_CRC_MspInit:00000000 HAL_CRC_MspInit
     /tmp/cckRc54B.s:39     .text.HAL_CRC_Init:00000000 $t
     /tmp/cckRc54B.s:44     .text.HAL_CRC_Init:00000000 HAL_CRC_Init
     /tmp/cckRc54B.s:91     .text.HAL_CRC_MspDeInit:00000000 $t
     /tmp/cckRc54B.s:96     .text.HAL_CRC_MspDeInit:00000000 HAL_CRC_MspDeInit
     /tmp/cckRc54B.s:109    .text.HAL_CRC_DeInit:00000000 $t
     /tmp/cckRc54B.s:114    .text.HAL_CRC_DeInit:00000000 HAL_CRC_DeInit
     /tmp/cckRc54B.s:166    .text.HAL_CRC_Accumulate:00000000 $t
     /tmp/cckRc54B.s:171    .text.HAL_CRC_Accumulate:00000000 HAL_CRC_Accumulate
     /tmp/cckRc54B.s:250    .text.HAL_CRC_Calculate:00000000 $t
     /tmp/cckRc54B.s:255    .text.HAL_CRC_Calculate:00000000 HAL_CRC_Calculate
     /tmp/cckRc54B.s:339    .text.HAL_CRC_GetState:00000000 $t
     /tmp/cckRc54B.s:344    .text.HAL_CRC_GetState:00000000 HAL_CRC_GetState
                     .debug_frame:00000010 $d

NO UNDEFINED SYMBOLS
